 Extent of Gridded Domain
  X: 0.0000000000000000 - 1.0000000000000000
  Y: 0.0000000000000000 - 1.0000000000000000
  Z: -0.64000000000000001 - 0.0000000000000000


=+=+=+=+=+=+=+=+=+=+=+=+=+=+=+=+=+=+=+=+=+=+=+=+=+=+=+=+=+=+=+=+=+=+=+=+=+=+=+=+

  Initial Condition

--------------------------------------------------------------------------------
          Flow Condition:   initial
                  Region:   all
--------------------------------------------------------------------------------

  Flow Condition: initial
    Synchronize time with update: no
    Time units: yr
    Length units: m
      Datum:

    Sub Condition: pressure
      Type: hydrostatic
      Gradient:
      Data:
        Dataset: Unnamed Ascii Dataset
          Type: dataset_ascii_type
          Transient: no
          Array Rank:  1

    Sub Condition: temperature
      Type: dirichlet
      Gradient:
      Data:
        Dataset: Unnamed Ascii Dataset
          Type: dataset_ascii_type
          Transient: no
          Array Rank:  1

--------------------------------------------------------------------------------

=+=+=+=+=+=+=+=+=+=+=+=+=+=+=+=+=+=+=+=+=+=+=+=+=+=+=+=+=+=+=+=+=+=+=+=+=+=+=+=+

  Boundary Condition

--------------------------------------------------------------------------------
          Flow Condition:   flow_top
                  Region:   top
--------------------------------------------------------------------------------

  Flow Condition: flow_top
    Synchronize time with update: no
    Time units: yr
    Length units: m
      Datum:

    Sub Condition: pressure
      Type: neumann
      Gradient:
      Data:
        Dataset: Unnamed Ascii Dataset
          Type: dataset_ascii_type
          Transient: no
          Array Rank:  1

    Sub Condition: temperature
      Type: dirichlet
      Gradient:
      Data:
        Dataset: Unnamed Ascii Dataset
          Type: dataset_ascii_type
          Filename: ../pflotran_input/temp_top.dat
          Is transient?: yes
          Number of times:   1001
          Is cyclic?: no
          Buffer:
            Rank:  2
            Dims:    11001
            Buffer Slice Size:   0
          Array Rank:  1

--------------------------------------------------------------------------------

=+=+=+=+=+=+=+=+=+=+=+=+=+=+=+=+=+=+=+=+=+=+=+=+=+=+=+=+=+=+=+=+=+=+=+=+=+=+=+=+

  Boundary Condition

--------------------------------------------------------------------------------
          Flow Condition:   flow_bottom
                  Region:   bottom
--------------------------------------------------------------------------------

  Flow Condition: flow_bottom
    Synchronize time with update: no
    Time units: yr
    Length units: m
      Datum:
        Dataset: Unnamed Ascii Dataset
          Type: dataset_ascii_type
          Transient: no
          Array Rank:  3

    Sub Condition: pressure
      Type: hydrostatic
      Gradient:
      Data:
        Dataset: Unnamed Ascii Dataset
          Type: dataset_ascii_type
          Transient: no
          Array Rank:  1

    Sub Condition: temperature
      Type: dirichlet
      Gradient:
      Data:
        Dataset: Unnamed Ascii Dataset
          Type: dataset_ascii_type
          Filename: ../pflotran_input/temp_bottom.dat
          Is transient?: yes
          Number of times:   1001
          Is cyclic?: no
          Buffer:
            Rank:  2
            Dims:    11001
            Buffer Slice Size:   0
          Array Rank:  1

--------------------------------------------------------------------------------

 Requested processors and decomposition =     1, npx,y,z=   -1  -1  -1
 Actual decomposition: npx,y,z=    1   1   1


FLOW Time Stepper
                 acceleration: on
       acceleration threshold: 8
       number of ramp entries: 8
                ramp entry #1: 2.0000
                ramp entry #2: 2.0000
                ramp entry #3: 2.0000
                ramp entry #4: 2.0000
                ramp entry #5: 2.0000
                ramp entry #6: 1.8000
                ramp entry #7: 1.6000
                ramp entry #8: 1.4000
                ramp entry #9: 1.2000
               ramp entry #10: 1.0000
               ramp entry #11: 1.0000
               ramp entry #12: 1.0000
               ramp entry #13: 1.0000
      maximum number of steps: 999999
constant time steps threshold: 5
       maximum number of cuts: 50
             reduction factor: 5.000000E-01
        maximum growth factor: 2.000000E+00

FLOW Newton Solver
                         atol: 1.000000E-50
                         rtol: 1.000000E-50
                         stol: 1.000000E-60
                         dtol: 1.000000E+20
                      maxnorm: 1.000000E+20
                    inftolres: -9.990000E+02
                    inftolupd: 1.000000E+00
                 inftolrelupd: -9.990000E+02
                 inftolsclres: -9.990000E+02
                     max iter: 20
                     min iter: 1
                         maxf: 10000
                  matrix type: baij
         precond. matrix type: baij
               inexact newton: off
            print convergence: on
   print detailed convergence: off
          check infinity norm: on

FLOW Linear Solver
                       solver: bcgs
               preconditioner: ilu
                         atol: 1.000000E-50
                         rtol: 1.000000E-05
                         dtol: 1.000000E+04
            maximum iteration: 10000

== TH FLOW =====================================================================
  0 2r: 1.53E+03 2x: 0.00E+00 2u: 0.00E+00 ir: 1.41E+03 iu: 0.00E+00 rsn:   0
  1 2r: 8.76E-04 2x: 1.23E+06 2u: 3.91E+05 ir: 6.75E-04 iu: 4.90E+04 rsn:   0
  2 2r: 6.08E-07 2x: 1.23E+06 2u: 8.03E-01 ir: 4.10E-07 iu: 1.26E-01 rsn: itol_upd
 Step      1 Time=  3.60000E+03 Dt=  3.60000E+03 [sec] snes_conv_reason:   11
  newton =   2 [       2] linear =     2 [         2] cuts =  0 [   0]
  --> max chng: dpmx=   4.9034E+04 dtmpmx=   1.5467E-01

== TH FLOW =====================================================================
  0 2r: 6.43E-03 2x: 0.00E+00 2u: 0.00E+00 ir: 5.04E-03 iu: 0.00E+00 rsn:   0
  1 2r: 1.43E-06 2x: 1.23E+06 2u: 7.70E-01 ir: 1.14E-06 iu: 2.21E-01 rsn: itol_upd
 Step      2 Time=  7.20000E+03 Dt=  3.60000E+03 [sec] snes_conv_reason:   11
  newton =   1 [       3] linear =     1 [         3] cuts =  0 [   0]
  --> max chng: dpmx=   1.7312E-01 dtmpmx=   2.2132E-01

== TH FLOW =====================================================================
  0 2r: 1.22E-03 2x: 0.00E+00 2u: 0.00E+00 ir: 1.19E-03 iu: 0.00E+00 rsn:   0
  1 2r: 3.07E-08 2x: 1.23E+06 2u: 4.03E-01 ir: 1.49E-08 iu: 5.43E-02 rsn: itol_upd
 Step      3 Time=  1.08000E+04 Dt=  3.60000E+03 [sec] snes_conv_reason:   11
  newton =   1 [       4] linear =     1 [         4] cuts =  0 [   0]
  --> max chng: dpmx=   5.4324E-02 dtmpmx=   4.6439E-02

== TH FLOW =====================================================================
  0 2r: 1.14E-03 2x: 0.00E+00 2u: 0.00E+00 ir: 1.13E-03 iu: 0.00E+00 rsn:   0
  1 2r: 1.92E-08 2x: 1.23E+06 2u: 3.30E-01 ir: 1.40E-08 iu: 4.65E-02 rsn: itol_upd
 Step      4 Time=  1.44000E+04 Dt=  3.60000E+03 [sec] snes_conv_reason:   11
  newton =   1 [       5] linear =     1 [         5] cuts =  0 [   0]
  --> max chng: dpmx=   4.6497E-02 dtmpmx=   4.6425E-02

== TH FLOW =====================================================================
  0 2r: 1.07E-03 2x: 0.00E+00 2u: 0.00E+00 ir: 9.95E-04 iu: 0.00E+00 rsn:   0
  1 2r: 1.76E-08 2x: 1.23E+06 2u: 2.89E-01 ir: 1.35E-08 iu: 4.28E-02 rsn: itol_upd
 Step      5 Time=  1.80000E+04 Dt=  3.60000E+03 [sec] snes_conv_reason:   11
  newton =   1 [       6] linear =     1 [         6] cuts =  0 [   0]
  --> max chng: dpmx=   4.2784E-02 dtmpmx=   4.1632E-02

== TH FLOW =====================================================================
  0 2r: 9.52E-04 2x: 0.00E+00 2u: 0.00E+00 ir: 8.70E-04 iu: 0.00E+00 rsn:   0
  1 2r: 1.45E-08 2x: 1.23E+06 2u: 2.13E-01 ir: 1.11E-08 iu: 3.67E-02 rsn: itol_upd
 Step      6 Time=  2.16000E+04 Dt=  3.60000E+03 [sec] snes_conv_reason:   11
  newton =   1 [       7] linear =     1 [         7] cuts =  0 [   0]
  --> max chng: dpmx=   3.3597E-02 dtmpmx=   3.6669E-02

== TH FLOW =====================================================================
  0 2r: 8.79E-04 2x: 0.00E+00 2u: 0.00E+00 ir: 5.74E-04 iu: 0.00E+00 rsn:   0
  1 2r: 1.60E-08 2x: 1.23E+06 2u: 1.62E-01 ir: 1.23E-08 iu: 2.60E-02 rsn: itol_upd
 Step      7 Time=  2.52000E+04 Dt=  3.60000E+03 [sec] snes_conv_reason:   11
  newton =   1 [       8] linear =     1 [         8] cuts =  0 [   0]
  --> max chng: dpmx=   2.6012E-02 dtmpmx=   2.4651E-02

== TH FLOW =====================================================================
  0 2r: 4.72E-04 2x: 0.00E+00 2u: 0.00E+00 ir: 3.72E-04 iu: 0.00E+00 rsn:   0
  1 2r: 7.31E-09 2x: 1.23E+06 2u: 8.60E-02 ir: 6.30E-09 iu: 1.78E-02 rsn: itol_upd
 Step      8 Time=  2.88000E+04 Dt=  3.60000E+03 [sec] snes_conv_reason:   11
  newton =   1 [       9] linear =     1 [         9] cuts =  0 [   0]
  --> max chng: dpmx=   1.2848E-02 dtmpmx=   1.7807E-02

== TH FLOW =====================================================================
  0 2r: 8.26E-04 2x: 0.00E+00 2u: 0.00E+00 ir: 5.20E-04 iu: 0.00E+00 rsn:   0
  1 2r: 1.40E-08 2x: 1.23E+06 2u: 1.03E-01 ir: 1.22E-08 iu: 2.43E-02 rsn: itol_upd
 Step      9 Time=  3.24000E+04 Dt=  3.60000E+03 [sec] snes_conv_reason:   11
  newton =   1 [      10] linear =     1 [        10] cuts =  0 [   0]
  --> max chng: dpmx=   1.7947E-02 dtmpmx=   2.4275E-02

== TH FLOW =====================================================================
  0 2r: 1.31E-03 2x: 0.00E+00 2u: 0.00E+00 ir: 1.15E-03 iu: 0.00E+00 rsn:   0
  1 2r: 2.08E-08 2x: 1.23E+06 2u: 1.69E-01 ir: 1.24E-08 iu: 4.64E-02 rsn: itol_upd
 Step     10 Time=  3.60000E+04 Dt=  3.60000E+03 [sec] snes_conv_reason:   11
  newton =   1 [      11] linear =     1 [        11] cuts =  0 [   0]
  --> max chng: dpmx=   2.2730E-02 dtmpmx=   4.6419E-02

== TH FLOW =====================================================================
  0 2r: 2.02E-03 2x: 0.00E+00 2u: 0.00E+00 ir: 1.89E-03 iu: 0.00E+00 rsn:   0
  1 2r: 5.03E-08 2x: 1.23E+06 2u: 2.50E-01 ir: 3.69E-08 iu: 7.71E-02 rsn: itol_upd
 Step     11 Time=  3.96000E+04 Dt=  3.60000E+03 [sec] snes_conv_reason:   11
  newton =   1 [      12] linear =     1 [        12] cuts =  0 [   0]
  --> max chng: dpmx=   3.3070E-02 dtmpmx=   7.7119E-02

== TH FLOW =====================================================================
  0 2r: 2.22E-03 2x: 0.00E+00 2u: 0.00E+00 ir: 2.09E-03 iu: 0.00E+00 rsn:   0
  1 2r: 6.99E-08 2x: 1.23E+06 2u: 3.30E-01 ir: 5.36E-08 iu: 8.68E-02 rsn: itol_upd
 Step     12 Time=  4.32000E+04 Dt=  3.60000E+03 [sec] snes_conv_reason:   11
  newton =   1 [      13] linear =     1 [        13] cuts =  0 [   0]
  --> max chng: dpmx=   4.6071E-02 dtmpmx=   8.6812E-02

 Wall Clock Time:  5.4891E-02 [sec]   9.1485E-04 [min]   1.5247E-05 [hr]
