 Extent of Gridded Domain
  X: 0.0000000000000000 - 1.0000000000000000
  Y: 0.0000000000000000 - 1.0000000000000000
  Z: -0.64000000000000001 - 0.0000000000000000


=+=+=+=+=+=+=+=+=+=+=+=+=+=+=+=+=+=+=+=+=+=+=+=+=+=+=+=+=+=+=+=+=+=+=+=+=+=+=+=+

  Initial Condition

--------------------------------------------------------------------------------
          Flow Condition:   initial
                  Region:   all
--------------------------------------------------------------------------------

  Flow Condition: initial
    Synchronize time with update: no
    Time units: yr
    Length units: m
      Datum:

    Sub Condition: pressure
      Type: hydrostatic
      Gradient:
      Data:
        Dataset: Unnamed Ascii Dataset
          Type: dataset_ascii_type
          Transient: no
          Array Rank:  1

    Sub Condition: temperature
      Type: dirichlet
      Gradient:
      Data:
        Dataset: Unnamed Ascii Dataset
          Type: dataset_ascii_type
          Transient: no
          Array Rank:  1

--------------------------------------------------------------------------------

=+=+=+=+=+=+=+=+=+=+=+=+=+=+=+=+=+=+=+=+=+=+=+=+=+=+=+=+=+=+=+=+=+=+=+=+=+=+=+=+

  Boundary Condition

--------------------------------------------------------------------------------
          Flow Condition:   flow_top
                  Region:   top
--------------------------------------------------------------------------------

  Flow Condition: flow_top
    Synchronize time with update: no
    Time units: yr
    Length units: m
      Datum:

    Sub Condition: pressure
      Type: neumann
      Gradient:
      Data:
        Dataset: Unnamed Ascii Dataset
          Type: dataset_ascii_type
          Transient: no
          Array Rank:  1

    Sub Condition: temperature
      Type: dirichlet
      Gradient:
      Data:
        Dataset: Unnamed Ascii Dataset
          Type: dataset_ascii_type
          Filename: ../pflotran_input/temp_top.dat
          Is transient?: yes
          Number of times:   1001
          Is cyclic?: no
          Buffer:
            Rank:  2
            Dims:    11001
            Buffer Slice Size:   0
          Array Rank:  1

--------------------------------------------------------------------------------

=+=+=+=+=+=+=+=+=+=+=+=+=+=+=+=+=+=+=+=+=+=+=+=+=+=+=+=+=+=+=+=+=+=+=+=+=+=+=+=+

  Boundary Condition

--------------------------------------------------------------------------------
          Flow Condition:   flow_bottom
                  Region:   bottom
--------------------------------------------------------------------------------

  Flow Condition: flow_bottom
    Synchronize time with update: no
    Time units: yr
    Length units: m
      Datum:
        Dataset: Unnamed Ascii Dataset
          Type: dataset_ascii_type
          Transient: no
          Array Rank:  3

    Sub Condition: pressure
      Type: hydrostatic
      Gradient:
      Data:
        Dataset: Unnamed Ascii Dataset
          Type: dataset_ascii_type
          Transient: no
          Array Rank:  1

    Sub Condition: temperature
      Type: dirichlet
      Gradient:
      Data:
        Dataset: Unnamed Ascii Dataset
          Type: dataset_ascii_type
          Filename: ../pflotran_input/temp_bottom.dat
          Is transient?: yes
          Number of times:   1001
          Is cyclic?: no
          Buffer:
            Rank:  2
            Dims:    11001
            Buffer Slice Size:   0
          Array Rank:  1

--------------------------------------------------------------------------------

 Requested processors and decomposition =     1, npx,y,z=   -1  -1  -1
 Actual decomposition: npx,y,z=    1   1   1


FLOW Time Stepper
                 acceleration: on
       acceleration threshold: 8
       number of ramp entries: 8
                ramp entry #1: 2.0000
                ramp entry #2: 2.0000
                ramp entry #3: 2.0000
                ramp entry #4: 2.0000
                ramp entry #5: 2.0000
                ramp entry #6: 1.8000
                ramp entry #7: 1.6000
                ramp entry #8: 1.4000
                ramp entry #9: 1.2000
               ramp entry #10: 1.0000
               ramp entry #11: 1.0000
               ramp entry #12: 1.0000
               ramp entry #13: 1.0000
      maximum number of steps: 999999
constant time steps threshold: 5
       maximum number of cuts: 50
             reduction factor: 5.000000E-01
        maximum growth factor: 2.000000E+00

FLOW Newton Solver
                         atol: 1.000000E-50
                         rtol: 1.000000E-50
                         stol: 1.000000E-60
                         dtol: 1.000000E+20
                      maxnorm: 1.000000E+20
                    inftolres: -9.990000E+02
                    inftolupd: 1.000000E+00
                 inftolrelupd: -9.990000E+02
                 inftolsclres: -9.990000E+02
                     max iter: 20
                     min iter: 1
                         maxf: 10000
                  matrix type: baij
         precond. matrix type: baij
               inexact newton: off
            print convergence: on
   print detailed convergence: off
          check infinity norm: on

FLOW Linear Solver
                       solver: bcgs
               preconditioner: ilu
                         atol: 1.000000E-50
                         rtol: 1.000000E-05
                         dtol: 1.000000E+04
            maximum iteration: 10000

== TH FLOW =====================================================================
  0 2r: 1.53E+03 2x: 0.00E+00 2u: 0.00E+00 ir: 1.41E+03 iu: 0.00E+00 rsn:   0
  1 2r: 7.84E-04 2x: 1.23E+06 2u: 3.93E+05 ir: 5.54E-04 iu: 4.92E+04 rsn:   0
  2 2r: 3.18E-07 2x: 1.23E+06 2u: 2.86E-01 ir: 2.21E-07 iu: 1.02E-01 rsn: itol_upd
 Step      1 Time=  3.60000E+03 Dt=  3.60000E+03 [sec] snes_conv_reason:   11
  newton =   2 [       2] linear =     2 [         2] cuts =  0 [   0]
  --> max chng: dpmx=   4.9204E+04 dtmpmx=   1.5386E-01

== TH FLOW =====================================================================
  0 2r: 7.15E-03 2x: 0.00E+00 2u: 0.00E+00 ir: 5.36E-03 iu: 0.00E+00 rsn:   0
  1 2r: 9.73E-05 2x: 1.23E+06 2u: 1.63E+00 ir: 9.21E-05 iu: 2.15E-01 rsn: itol_upd
 Step      2 Time=  7.20000E+03 Dt=  3.60000E+03 [sec] snes_conv_reason:   11
  newton =   1 [       3] linear =     1 [         3] cuts =  0 [   0]
  --> max chng: dpmx=   2.1520E-01 dtmpmx=   1.9470E-01

== TH FLOW =====================================================================
  0 2r: 1.73E-03 2x: 0.00E+00 2u: 0.00E+00 ir: 1.70E-03 iu: 0.00E+00 rsn:   0
  1 2r: 1.37E-07 2x: 1.23E+06 2u: 1.66E-01 ir: 1.04E-07 iu: 5.44E-02 rsn: itol_upd
 Step      3 Time=  1.08000E+04 Dt=  3.60000E+03 [sec] snes_conv_reason:   11
  newton =   1 [       4] linear =     1 [         4] cuts =  0 [   0]
  --> max chng: dpmx=   4.0193E-02 dtmpmx=   5.4432E-02

== TH FLOW =====================================================================
  0 2r: 1.61E-03 2x: 0.00E+00 2u: 0.00E+00 ir: 1.60E-03 iu: 0.00E+00 rsn:   0
  1 2r: 1.23E-07 2x: 1.23E+06 2u: 2.45E-01 ir: 1.09E-07 iu: 6.66E-02 rsn: itol_upd
 Step      4 Time=  1.44000E+04 Dt=  3.60000E+03 [sec] snes_conv_reason:   11
  newton =   1 [       5] linear =     1 [         5] cuts =  0 [   0]
  --> max chng: dpmx=   6.6574E-02 dtmpmx=   5.4698E-02

== TH FLOW =====================================================================
  0 2r: 1.48E-03 2x: 0.00E+00 2u: 0.00E+00 ir: 1.41E-03 iu: 0.00E+00 rsn:   0
  1 2r: 3.82E-07 2x: 1.23E+06 2u: 3.66E-01 ir: 3.50E-07 iu: 9.31E-02 rsn: itol_upd
 Step      5 Time=  1.80000E+04 Dt=  3.60000E+03 [sec] snes_conv_reason:   11
  newton =   1 [       6] linear =     1 [         6] cuts =  0 [   0]
  --> max chng: dpmx=   9.3125E-02 dtmpmx=   4.9071E-02

== TH FLOW =====================================================================
  0 2r: 1.31E-03 2x: 0.00E+00 2u: 0.00E+00 ir: 1.24E-03 iu: 0.00E+00 rsn:   0
  1 2r: 3.97E-07 2x: 1.23E+06 2u: 4.25E-01 ir: 3.69E-07 iu: 1.05E-01 rsn: itol_upd
 Step      6 Time=  2.16000E+04 Dt=  3.60000E+03 [sec] snes_conv_reason:   11
  newton =   1 [       7] linear =     1 [         7] cuts =  0 [   0]
  --> max chng: dpmx=   1.0497E-01 dtmpmx=   4.3705E-02

== TH FLOW =====================================================================
  0 2r: 1.09E-03 2x: 0.00E+00 2u: 0.00E+00 ir: 8.13E-04 iu: 0.00E+00 rsn:   0
  1 2r: 1.20E-06 2x: 1.23E+06 2u: 5.36E-01 ir: 1.14E-06 iu: 1.20E-01 rsn: itol_upd
 Step      7 Time=  2.52000E+04 Dt=  3.60000E+03 [sec] snes_conv_reason:   11
  newton =   1 [       8] linear =     1 [         8] cuts =  0 [   0]
  --> max chng: dpmx=   1.2009E-01 dtmpmx=   3.7042E-02

== TH FLOW =====================================================================
  0 2r: 5.32E-04 2x: 0.00E+00 2u: 0.00E+00 ir: 3.98E-04 iu: 0.00E+00 rsn:   0
  1 2r: 5.98E-07 2x: 1.23E+06 2u: 5.08E-01 ir: 5.67E-07 iu: 1.07E-01 rsn: itol_upd
 Step      8 Time=  2.88000E+04 Dt=  3.60000E+03 [sec] snes_conv_reason:   11
  newton =   1 [       9] linear =     1 [         9] cuts =  0 [   0]
  --> max chng: dpmx=   1.0736E-01 dtmpmx=   3.1715E-02

== TH FLOW =====================================================================
  0 2r: 1.02E-03 2x: 0.00E+00 2u: 0.00E+00 ir: 7.41E-04 iu: 0.00E+00 rsn:   0
  1 2r: 1.15E-06 2x: 1.23E+06 2u: 5.51E-01 ir: 1.09E-06 iu: 1.01E-01 rsn: itol_upd
 Step      9 Time=  3.24000E+04 Dt=  3.60000E+03 [sec] snes_conv_reason:   11
  newton =   1 [      10] linear =     1 [        10] cuts =  0 [   0]
  --> max chng: dpmx=   1.0136E-01 dtmpmx=   2.7444E-02

== TH FLOW =====================================================================
  0 2r: 1.77E-03 2x: 0.00E+00 2u: 0.00E+00 ir: 1.63E-03 iu: 0.00E+00 rsn:   0
  1 2r: 1.15E-06 2x: 1.23E+06 2u: 5.30E-01 ir: 1.08E-06 iu: 8.98E-02 rsn: itol_upd
 Step     10 Time=  3.60000E+04 Dt=  3.60000E+03 [sec] snes_conv_reason:   11
  newton =   1 [      11] linear =     1 [        11] cuts =  0 [   0]
  --> max chng: dpmx=   8.9825E-02 dtmpmx=   5.3941E-02

== TH FLOW =====================================================================
  0 2r: 2.80E-03 2x: 0.00E+00 2u: 0.00E+00 ir: 2.68E-03 iu: 0.00E+00 rsn:   0
  1 2r: 1.55E-06 2x: 1.23E+06 2u: 5.31E-01 ir: 1.43E-06 iu: 9.01E-02 rsn: itol_upd
 Step     11 Time=  3.96000E+04 Dt=  3.60000E+03 [sec] snes_conv_reason:   11
  newton =   1 [      12] linear =     1 [        12] cuts =  0 [   0]
  --> max chng: dpmx=   8.2554E-02 dtmpmx=   9.0125E-02

== TH FLOW =====================================================================
  0 2r: 3.08E-03 2x: 0.00E+00 2u: 0.00E+00 ir: 2.97E-03 iu: 0.00E+00 rsn:   0
  1 2r: 1.62E-06 2x: 1.23E+06 2u: 5.09E-01 ir: 1.48E-06 iu: 1.02E-01 rsn: itol_upd
 Step     12 Time=  4.32000E+04 Dt=  3.60000E+03 [sec] snes_conv_reason:   11
  newton =   1 [      13] linear =     1 [        13] cuts =  0 [   0]
  --> max chng: dpmx=   7.3032E-02 dtmpmx=   1.0165E-01

 Wall Clock Time:  5.8341E-02 [sec]   9.7235E-04 [min]   1.6206E-05 [hr]
