 Extent of Gridded Domain
  X: 0.0000000000000000 - 1.0000000000000000
  Y: 0.0000000000000000 - 1.0000000000000000
  Z: -0.64000000000000001 - 0.0000000000000000


=+=+=+=+=+=+=+=+=+=+=+=+=+=+=+=+=+=+=+=+=+=+=+=+=+=+=+=+=+=+=+=+=+=+=+=+=+=+=+=+

  Initial Condition

--------------------------------------------------------------------------------
          Flow Condition:   initial
                  Region:   all
--------------------------------------------------------------------------------

  Flow Condition: initial
    Synchronize time with update: no
    Time units: yr
    Length units: m
      Datum:

    Sub Condition: pressure
      Type: hydrostatic
      Gradient:
      Data:
        Dataset: Unnamed Ascii Dataset
          Type: dataset_ascii_type
          Transient: no
          Array Rank:  1

    Sub Condition: temperature
      Type: dirichlet
      Gradient:
      Data:
        Dataset: Unnamed Ascii Dataset
          Type: dataset_ascii_type
          Transient: no
          Array Rank:  1

--------------------------------------------------------------------------------

=+=+=+=+=+=+=+=+=+=+=+=+=+=+=+=+=+=+=+=+=+=+=+=+=+=+=+=+=+=+=+=+=+=+=+=+=+=+=+=+

  Boundary Condition

--------------------------------------------------------------------------------
          Flow Condition:   flow_top
                  Region:   top
--------------------------------------------------------------------------------

  Flow Condition: flow_top
    Synchronize time with update: no
    Time units: yr
    Length units: m
      Datum:

    Sub Condition: pressure
      Type: neumann
      Gradient:
      Data:
        Dataset: Unnamed Ascii Dataset
          Type: dataset_ascii_type
          Transient: no
          Array Rank:  1

    Sub Condition: temperature
      Type: dirichlet
      Gradient:
      Data:
        Dataset: Unnamed Ascii Dataset
          Type: dataset_ascii_type
          Filename: ../pflotran_input/temp_top.dat
          Is transient?: yes
          Number of times:   1001
          Is cyclic?: no
          Buffer:
            Rank:  2
            Dims:    11001
            Buffer Slice Size:   0
          Array Rank:  1

--------------------------------------------------------------------------------

=+=+=+=+=+=+=+=+=+=+=+=+=+=+=+=+=+=+=+=+=+=+=+=+=+=+=+=+=+=+=+=+=+=+=+=+=+=+=+=+

  Boundary Condition

--------------------------------------------------------------------------------
          Flow Condition:   flow_bottom
                  Region:   bottom
--------------------------------------------------------------------------------

  Flow Condition: flow_bottom
    Synchronize time with update: no
    Time units: yr
    Length units: m
      Datum:
        Dataset: Unnamed Ascii Dataset
          Type: dataset_ascii_type
          Transient: no
          Array Rank:  3

    Sub Condition: pressure
      Type: hydrostatic
      Gradient:
      Data:
        Dataset: Unnamed Ascii Dataset
          Type: dataset_ascii_type
          Transient: no
          Array Rank:  1

    Sub Condition: temperature
      Type: dirichlet
      Gradient:
      Data:
        Dataset: Unnamed Ascii Dataset
          Type: dataset_ascii_type
          Filename: ../pflotran_input/temp_bottom.dat
          Is transient?: yes
          Number of times:   1001
          Is cyclic?: no
          Buffer:
            Rank:  2
            Dims:    11001
            Buffer Slice Size:   0
          Array Rank:  1

--------------------------------------------------------------------------------

 Requested processors and decomposition =     1, npx,y,z=   -1  -1  -1
 Actual decomposition: npx,y,z=    1   1   1


FLOW Time Stepper
                 acceleration: on
       acceleration threshold: 8
       number of ramp entries: 8
                ramp entry #1: 2.0000
                ramp entry #2: 2.0000
                ramp entry #3: 2.0000
                ramp entry #4: 2.0000
                ramp entry #5: 2.0000
                ramp entry #6: 1.8000
                ramp entry #7: 1.6000
                ramp entry #8: 1.4000
                ramp entry #9: 1.2000
               ramp entry #10: 1.0000
               ramp entry #11: 1.0000
               ramp entry #12: 1.0000
               ramp entry #13: 1.0000
      maximum number of steps: 999999
constant time steps threshold: 5
       maximum number of cuts: 50
             reduction factor: 5.000000E-01
        maximum growth factor: 2.000000E+00

FLOW Newton Solver
                         atol: 1.000000E-50
                         rtol: 1.000000E-50
                         stol: 1.000000E-60
                         dtol: 1.000000E+20
                      maxnorm: 1.000000E+20
                    inftolres: -9.990000E+02
                    inftolupd: 1.000000E+00
                 inftolrelupd: -9.990000E+02
                 inftolsclres: -9.990000E+02
                     max iter: 20
                     min iter: 1
                         maxf: 10000
                  matrix type: baij
         precond. matrix type: baij
               inexact newton: off
            print convergence: on
   print detailed convergence: off
          check infinity norm: on

FLOW Linear Solver
                       solver: bcgs
               preconditioner: ilu
                         atol: 1.000000E-50
                         rtol: 1.000000E-05
                         dtol: 1.000000E+04
            maximum iteration: 10000

== TH FLOW =====================================================================
  0 2r: 1.53E+03 2x: 0.00E+00 2u: 0.00E+00 ir: 1.41E+03 iu: 0.00E+00 rsn:   0
  1 2r: 1.19E-03 2x: 1.23E+06 2u: 3.93E+05 ir: 8.48E-04 iu: 4.93E+04 rsn:   0
  2 2r: 5.32E-07 2x: 1.23E+06 2u: 6.15E-01 ir: 3.40E-07 iu: 2.10E-01 rsn: itol_upd
 Step      1 Time=  3.60000E+03 Dt=  3.60000E+03 [sec] snes_conv_reason:   11
  newton =   2 [       2] linear =     2 [         2] cuts =  0 [   0]
  --> max chng: dpmx=   4.9286E+04 dtmpmx=   1.5824E-01

== TH FLOW =====================================================================
  0 2r: 9.59E-03 2x: 0.00E+00 2u: 0.00E+00 ir: 6.97E-03 iu: 0.00E+00 rsn:   0
  1 2r: 1.02E-04 2x: 1.23E+06 2u: 1.78E+00 ir: 9.63E-05 iu: 2.43E-01 rsn: itol_upd
 Step      2 Time=  7.20000E+03 Dt=  3.60000E+03 [sec] snes_conv_reason:   11
  newton =   1 [       3] linear =     1 [         3] cuts =  0 [   0]
  --> max chng: dpmx=   2.4300E-01 dtmpmx=   2.0323E-01

== TH FLOW =====================================================================
  0 2r: 2.56E-03 2x: 0.00E+00 2u: 0.00E+00 ir: 2.54E-03 iu: 0.00E+00 rsn:   0
  1 2r: 1.87E-07 2x: 1.23E+06 2u: 3.21E-01 ir: 1.54E-07 iu: 9.34E-02 rsn: itol_upd
 Step      3 Time=  1.08000E+04 Dt=  3.60000E+03 [sec] snes_conv_reason:   11
  newton =   1 [       4] linear =     1 [         4] cuts =  0 [   0]
  --> max chng: dpmx=   9.3402E-02 dtmpmx=   5.6749E-02

== TH FLOW =====================================================================
  0 2r: 2.35E-03 2x: 0.00E+00 2u: 0.00E+00 ir: 2.34E-03 iu: 0.00E+00 rsn:   0
  1 2r: 1.68E-07 2x: 1.23E+06 2u: 5.17E-01 ir: 1.50E-07 iu: 1.45E-01 rsn: itol_upd
 Step      4 Time=  1.44000E+04 Dt=  3.60000E+03 [sec] snes_conv_reason:   11
  newton =   1 [       5] linear =     1 [         5] cuts =  0 [   0]
  --> max chng: dpmx=   1.4460E-01 dtmpmx=   5.5274E-02

== TH FLOW =====================================================================
  0 2r: 2.13E-03 2x: 0.00E+00 2u: 0.00E+00 ir: 2.06E-03 iu: 0.00E+00 rsn:   0
  1 2r: 4.31E-07 2x: 1.23E+06 2u: 7.40E-01 ir: 3.88E-07 iu: 1.88E-01 rsn: itol_upd
 Step      5 Time=  1.80000E+04 Dt=  3.60000E+03 [sec] snes_conv_reason:   11
  newton =   1 [       6] linear =     1 [         6] cuts =  0 [   0]
  --> max chng: dpmx=   1.8802E-01 dtmpmx=   4.9224E-02

== TH FLOW =====================================================================
  0 2r: 1.88E-03 2x: 0.00E+00 2u: 0.00E+00 ir: 1.80E-03 iu: 0.00E+00 rsn:   0
  1 2r: 4.39E-07 2x: 1.23E+06 2u: 8.68E-01 ir: 4.04E-07 iu: 2.10E-01 rsn: itol_upd
 Step      6 Time=  2.16000E+04 Dt=  3.60000E+03 [sec] snes_conv_reason:   11
  newton =   1 [       7] linear =     1 [         7] cuts =  0 [   0]
  --> max chng: dpmx=   2.1010E-01 dtmpmx=   4.4236E-02

== TH FLOW =====================================================================
  0 2r: 1.50E-03 2x: 0.00E+00 2u: 0.00E+00 ir: 1.18E-03 iu: 0.00E+00 rsn:   0
  1 2r: 1.28E-06 2x: 1.23E+06 2u: 1.03E+00 ir: 1.22E-06 iu: 2.27E-01 rsn: itol_upd
 Step      7 Time=  2.52000E+04 Dt=  3.60000E+03 [sec] snes_conv_reason:   11
  newton =   1 [       8] linear =     1 [         8] cuts =  0 [   0]
  --> max chng: dpmx=   2.2703E-01 dtmpmx=   3.8404E-02

== TH FLOW =====================================================================
  0 2r: 6.84E-04 2x: 0.00E+00 2u: 0.00E+00 ir: 4.86E-04 iu: 0.00E+00 rsn:   0
  1 2r: 6.47E-07 2x: 1.23E+06 2u: 9.93E-01 ir: 6.14E-07 iu: 2.01E-01 rsn: itol_upd
 Step      8 Time=  2.88000E+04 Dt=  3.60000E+03 [sec] snes_conv_reason:   11
  newton =   1 [       9] linear =     1 [         9] cuts =  0 [   0]
  --> max chng: dpmx=   2.0105E-01 dtmpmx=   3.3699E-02

== TH FLOW =====================================================================
  0 2r: 1.42E-03 2x: 0.00E+00 2u: 0.00E+00 ir: 1.10E-03 iu: 0.00E+00 rsn:   0
  1 2r: 1.24E-06 2x: 1.23E+06 2u: 9.83E-01 ir: 1.18E-06 iu: 1.73E-01 rsn: itol_upd
 Step      9 Time=  3.24000E+04 Dt=  3.60000E+03 [sec] snes_conv_reason:   11
  newton =   1 [      10] linear =     1 [        10] cuts =  0 [   0]
  --> max chng: dpmx=   1.7338E-01 dtmpmx=   2.9850E-02

== TH FLOW =====================================================================
  0 2r: 2.55E-03 2x: 0.00E+00 2u: 0.00E+00 ir: 2.39E-03 iu: 0.00E+00 rsn:   0
  1 2r: 1.23E-06 2x: 1.23E+06 2u: 8.48E-01 ir: 1.15E-06 iu: 1.40E-01 rsn: itol_upd
 Step     10 Time=  3.60000E+04 Dt=  3.60000E+03 [sec] snes_conv_reason:   11
  newton =   1 [      11] linear =     1 [        11] cuts =  0 [   0]
  --> max chng: dpmx=   1.4001E-01 dtmpmx=   5.5296E-02

== TH FLOW =====================================================================
  0 2r: 4.07E-03 2x: 0.00E+00 2u: 0.00E+00 ir: 3.93E-03 iu: 0.00E+00 rsn:   0
  1 2r: 1.66E-06 2x: 1.23E+06 2u: 7.06E-01 ir: 1.51E-06 iu: 1.12E-01 rsn: itol_upd
 Step     11 Time=  3.96000E+04 Dt=  3.60000E+03 [sec] snes_conv_reason:   11
  newton =   1 [      12] linear =     1 [        12] cuts =  0 [   0]
  --> max chng: dpmx=   1.1228E-01 dtmpmx=   9.1775E-02

== TH FLOW =====================================================================
  0 2r: 4.47E-03 2x: 0.00E+00 2u: 0.00E+00 ir: 4.34E-03 iu: 0.00E+00 rsn:   0
  1 2r: 1.72E-06 2x: 1.23E+06 2u: 6.02E-01 ir: 1.53E-06 iu: 1.03E-01 rsn: itol_upd
 Step     12 Time=  4.32000E+04 Dt=  3.60000E+03 [sec] snes_conv_reason:   11
  newton =   1 [      13] linear =     1 [        13] cuts =  0 [   0]
  --> max chng: dpmx=   9.2631E-02 dtmpmx=   1.0276E-01

 Wall Clock Time:  5.7936E-02 [sec]   9.6560E-04 [min]   1.6093E-05 [hr]
