 Extent of Gridded Domain
  X: 0.0000000000000000 - 1.0000000000000000
  Y: 0.0000000000000000 - 1.0000000000000000
  Z: -0.64000000000000001 - 0.0000000000000000


=+=+=+=+=+=+=+=+=+=+=+=+=+=+=+=+=+=+=+=+=+=+=+=+=+=+=+=+=+=+=+=+=+=+=+=+=+=+=+=+

  Initial Condition

--------------------------------------------------------------------------------
          Flow Condition:   initial
                  Region:   all
--------------------------------------------------------------------------------

  Flow Condition: initial
    Synchronize time with update: no
    Time units: yr
    Length units: m
      Datum:

    Sub Condition: pressure
      Type: hydrostatic
      Gradient:
      Data:
        Dataset: Unnamed Ascii Dataset
          Type: dataset_ascii_type
          Transient: no
          Array Rank:  1

    Sub Condition: temperature
      Type: dirichlet
      Gradient:
      Data:
        Dataset: Unnamed Ascii Dataset
          Type: dataset_ascii_type
          Transient: no
          Array Rank:  1

--------------------------------------------------------------------------------

=+=+=+=+=+=+=+=+=+=+=+=+=+=+=+=+=+=+=+=+=+=+=+=+=+=+=+=+=+=+=+=+=+=+=+=+=+=+=+=+

  Boundary Condition

--------------------------------------------------------------------------------
          Flow Condition:   flow_top
                  Region:   top
--------------------------------------------------------------------------------

  Flow Condition: flow_top
    Synchronize time with update: no
    Time units: yr
    Length units: m
      Datum:

    Sub Condition: pressure
      Type: neumann
      Gradient:
      Data:
        Dataset: Unnamed Ascii Dataset
          Type: dataset_ascii_type
          Transient: no
          Array Rank:  1

    Sub Condition: temperature
      Type: dirichlet
      Gradient:
      Data:
        Dataset: Unnamed Ascii Dataset
          Type: dataset_ascii_type
          Filename: ../pflotran_input/temp_top.dat
          Is transient?: yes
          Number of times:   1001
          Is cyclic?: no
          Buffer:
            Rank:  2
            Dims:    11001
            Buffer Slice Size:   0
          Array Rank:  1

--------------------------------------------------------------------------------

=+=+=+=+=+=+=+=+=+=+=+=+=+=+=+=+=+=+=+=+=+=+=+=+=+=+=+=+=+=+=+=+=+=+=+=+=+=+=+=+

  Boundary Condition

--------------------------------------------------------------------------------
          Flow Condition:   flow_bottom
                  Region:   bottom
--------------------------------------------------------------------------------

  Flow Condition: flow_bottom
    Synchronize time with update: no
    Time units: yr
    Length units: m
      Datum:
        Dataset: Unnamed Ascii Dataset
          Type: dataset_ascii_type
          Transient: no
          Array Rank:  3

    Sub Condition: pressure
      Type: hydrostatic
      Gradient:
      Data:
        Dataset: Unnamed Ascii Dataset
          Type: dataset_ascii_type
          Transient: no
          Array Rank:  1

    Sub Condition: temperature
      Type: dirichlet
      Gradient:
      Data:
        Dataset: Unnamed Ascii Dataset
          Type: dataset_ascii_type
          Filename: ../pflotran_input/temp_bottom.dat
          Is transient?: yes
          Number of times:   1001
          Is cyclic?: no
          Buffer:
            Rank:  2
            Dims:    11001
            Buffer Slice Size:   0
          Array Rank:  1

--------------------------------------------------------------------------------

 Requested processors and decomposition =     1, npx,y,z=   -1  -1  -1
 Actual decomposition: npx,y,z=    1   1   1


FLOW Time Stepper
                 acceleration: on
       acceleration threshold: 8
       number of ramp entries: 8
                ramp entry #1: 2.0000
                ramp entry #2: 2.0000
                ramp entry #3: 2.0000
                ramp entry #4: 2.0000
                ramp entry #5: 2.0000
                ramp entry #6: 1.8000
                ramp entry #7: 1.6000
                ramp entry #8: 1.4000
                ramp entry #9: 1.2000
               ramp entry #10: 1.0000
               ramp entry #11: 1.0000
               ramp entry #12: 1.0000
               ramp entry #13: 1.0000
      maximum number of steps: 999999
constant time steps threshold: 5
       maximum number of cuts: 50
             reduction factor: 5.000000E-01
        maximum growth factor: 2.000000E+00

FLOW Newton Solver
                         atol: 1.000000E-50
                         rtol: 1.000000E-50
                         stol: 1.000000E-60
                         dtol: 1.000000E+20
                      maxnorm: 1.000000E+20
                    inftolres: -9.990000E+02
                    inftolupd: 1.000000E+00
                 inftolrelupd: -9.990000E+02
                 inftolsclres: -9.990000E+02
                     max iter: 20
                     min iter: 1
                         maxf: 10000
                  matrix type: baij
         precond. matrix type: baij
               inexact newton: off
            print convergence: on
   print detailed convergence: off
          check infinity norm: on

FLOW Linear Solver
                       solver: bcgs
               preconditioner: ilu
                         atol: 1.000000E-50
                         rtol: 1.000000E-05
                         dtol: 1.000000E+04
            maximum iteration: 10000

== TH FLOW =====================================================================
  0 2r: 1.53E+03 2x: 0.00E+00 2u: 0.00E+00 ir: 1.41E+03 iu: 0.00E+00 rsn:   0
  1 2r: 3.33E-04 2x: 1.23E+06 2u: 3.93E+05 ir: 2.31E-04 iu: 4.91E+04 rsn:   0
  2 2r: 6.58E-08 2x: 1.23E+06 2u: 1.30E-01 ir: 4.77E-08 iu: 4.01E-02 rsn: itol_upd
 Step      1 Time=  3.60000E+03 Dt=  3.60000E+03 [sec] snes_conv_reason:   11
  newton =   2 [       2] linear =     2 [         2] cuts =  0 [   0]
  --> max chng: dpmx=   4.9110E+04 dtmpmx=   1.5059E-01

== TH FLOW =====================================================================
  0 2r: 6.70E-03 2x: 0.00E+00 2u: 0.00E+00 ir: 5.36E-03 iu: 0.00E+00 rsn:   0
  1 2r: 9.99E-05 2x: 1.23E+06 2u: 1.58E+00 ir: 9.46E-05 iu: 2.00E-01 rsn: itol_upd
 Step      2 Time=  7.20000E+03 Dt=  3.60000E+03 [sec] snes_conv_reason:   11
  newton =   1 [       3] linear =     1 [         3] cuts =  0 [   0]
  --> max chng: dpmx=   2.0014E-01 dtmpmx=   2.0023E-01

== TH FLOW =====================================================================
  0 2r: 1.48E-03 2x: 0.00E+00 2u: 0.00E+00 ir: 1.45E-03 iu: 0.00E+00 rsn:   0
  1 2r: 9.46E-08 2x: 1.23E+06 2u: 1.22E-01 ir: 5.81E-08 iu: 5.33E-02 rsn: itol_upd
 Step      3 Time=  1.08000E+04 Dt=  3.60000E+03 [sec] snes_conv_reason:   11
  newton =   1 [       4] linear =     1 [         4] cuts =  0 [   0]
  --> max chng: dpmx=   1.0036E-02 dtmpmx=   5.3298E-02

== TH FLOW =====================================================================
  0 2r: 1.38E-03 2x: 0.00E+00 2u: 0.00E+00 ir: 1.37E-03 iu: 0.00E+00 rsn:   0
  1 2r: 7.27E-08 2x: 1.23E+06 2u: 1.41E-01 ir: 6.38E-08 iu: 5.39E-02 rsn: itol_upd
 Step      4 Time=  1.44000E+04 Dt=  3.60000E+03 [sec] snes_conv_reason:   11
  newton =   1 [       5] linear =     1 [         5] cuts =  0 [   0]
  --> max chng: dpmx=   2.0074E-02 dtmpmx=   5.3910E-02

== TH FLOW =====================================================================
  0 2r: 1.28E-03 2x: 0.00E+00 2u: 0.00E+00 ir: 1.21E-03 iu: 0.00E+00 rsn:   0
  1 2r: 3.74E-07 2x: 1.23E+06 2u: 1.96E-01 ir: 3.50E-07 iu: 4.85E-02 rsn: itol_upd
 Step      5 Time=  1.80000E+04 Dt=  3.60000E+03 [sec] snes_conv_reason:   11
  newton =   1 [       6] linear =     1 [         6] cuts =  0 [   0]
  --> max chng: dpmx=   3.4737E-02 dtmpmx=   4.8544E-02

== TH FLOW =====================================================================
  0 2r: 1.13E-03 2x: 0.00E+00 2u: 0.00E+00 ir: 1.06E-03 iu: 0.00E+00 rsn:   0
  1 2r: 3.94E-07 2x: 1.23E+06 2u: 2.10E-01 ir: 3.71E-07 iu: 4.30E-02 rsn: itol_upd
 Step      6 Time=  2.16000E+04 Dt=  3.60000E+03 [sec] snes_conv_reason:   11
  newton =   1 [       7] linear =     1 [         7] cuts =  0 [   0]
  --> max chng: dpmx=   3.7969E-02 dtmpmx=   4.2987E-02

== TH FLOW =====================================================================
  0 2r: 9.78E-04 2x: 0.00E+00 2u: 0.00E+00 ir: 6.97E-04 iu: 0.00E+00 rsn:   0
  1 2r: 1.22E-06 2x: 1.23E+06 2u: 2.75E-01 ir: 1.15E-06 iu: 4.86E-02 rsn: itol_upd
 Step      7 Time=  2.52000E+04 Dt=  3.60000E+03 [sec] snes_conv_reason:   11
  newton =   1 [       8] linear =     1 [         8] cuts =  0 [   0]
  --> max chng: dpmx=   4.8609E-02 dtmpmx=   3.3557E-02

== TH FLOW =====================================================================
  0 2r: 4.93E-04 2x: 0.00E+00 2u: 0.00E+00 ir: 3.98E-04 iu: 0.00E+00 rsn:   0
  1 2r: 6.01E-07 2x: 1.23E+06 2u: 2.25E-01 ir: 5.70E-07 iu: 3.95E-02 rsn: itol_upd
 Step      8 Time=  2.88000E+04 Dt=  3.60000E+03 [sec] snes_conv_reason:   11
  newton =   1 [       9] linear =     1 [         9] cuts =  0 [   0]
  --> max chng: dpmx=   3.9505E-02 dtmpmx=   2.6491E-02

== TH FLOW =====================================================================
  0 2r: 9.12E-04 2x: 0.00E+00 2u: 0.00E+00 ir: 6.33E-04 iu: 0.00E+00 rsn:   0
  1 2r: 1.16E-06 2x: 1.23E+06 2u: 2.62E-01 ir: 1.10E-06 iu: 4.15E-02 rsn: itol_upd
 Step      9 Time=  3.24000E+04 Dt=  3.60000E+03 [sec] snes_conv_reason:   11
  newton =   1 [      10] linear =     1 [        10] cuts =  0 [   0]
  --> max chng: dpmx=   4.1493E-02 dtmpmx=   2.2561E-02

== TH FLOW =====================================================================
  0 2r: 1.54E-03 2x: 0.00E+00 2u: 0.00E+00 ir: 1.39E-03 iu: 0.00E+00 rsn:   0
  1 2r: 1.14E-06 2x: 1.23E+06 2u: 2.64E-01 ir: 1.08E-06 iu: 5.26E-02 rsn: itol_upd
 Step     10 Time=  3.60000E+04 Dt=  3.60000E+03 [sec] snes_conv_reason:   11
  newton =   1 [      11] linear =     1 [        11] cuts =  0 [   0]
  --> max chng: dpmx=   3.7992E-02 dtmpmx=   5.2558E-02

== TH FLOW =====================================================================
  0 2r: 2.41E-03 2x: 0.00E+00 2u: 0.00E+00 ir: 2.30E-03 iu: 0.00E+00 rsn:   0
  1 2r: 1.52E-06 2x: 1.23E+06 2u: 3.10E-01 ir: 1.43E-06 iu: 8.83E-02 rsn: itol_upd
 Step     11 Time=  3.96000E+04 Dt=  3.60000E+03 [sec] snes_conv_reason:   11
  newton =   1 [      12] linear =     1 [        12] cuts =  0 [   0]
  --> max chng: dpmx=   3.8504E-02 dtmpmx=   8.8258E-02

== TH FLOW =====================================================================
  0 2r: 2.66E-03 2x: 0.00E+00 2u: 0.00E+00 ir: 2.55E-03 iu: 0.00E+00 rsn:   0
  1 2r: 1.58E-06 2x: 1.23E+06 2u: 3.32E-01 ir: 1.48E-06 iu: 9.99E-02 rsn: itol_upd
 Step     12 Time=  4.32000E+04 Dt=  3.60000E+03 [sec] snes_conv_reason:   11
  newton =   1 [      13] linear =     1 [        13] cuts =  0 [   0]
  --> max chng: dpmx=   3.6665E-02 dtmpmx=   9.9906E-02

 Wall Clock Time:  5.5603E-02 [sec]   9.2672E-04 [min]   1.5445E-05 [hr]
