 Extent of Gridded Domain
  X: 0.0000000000000000 - 1.0000000000000000
  Y: 0.0000000000000000 - 1.0000000000000000
  Z: -0.64000000000000001 - 0.0000000000000000


=+=+=+=+=+=+=+=+=+=+=+=+=+=+=+=+=+=+=+=+=+=+=+=+=+=+=+=+=+=+=+=+=+=+=+=+=+=+=+=+

  Initial Condition

--------------------------------------------------------------------------------
          Flow Condition:   initial
                  Region:   all
--------------------------------------------------------------------------------

  Flow Condition: initial
    Synchronize time with update: no
    Time units: yr
    Length units: m
      Datum:

    Sub Condition: pressure
      Type: hydrostatic
      Gradient:
      Data:
        Dataset: Unnamed Ascii Dataset
          Type: dataset_ascii_type
          Transient: no
          Array Rank:  1

    Sub Condition: temperature
      Type: dirichlet
      Gradient:
      Data:
        Dataset: Unnamed Ascii Dataset
          Type: dataset_ascii_type
          Transient: no
          Array Rank:  1

--------------------------------------------------------------------------------

=+=+=+=+=+=+=+=+=+=+=+=+=+=+=+=+=+=+=+=+=+=+=+=+=+=+=+=+=+=+=+=+=+=+=+=+=+=+=+=+

  Boundary Condition

--------------------------------------------------------------------------------
          Flow Condition:   flow_top
                  Region:   top
--------------------------------------------------------------------------------

  Flow Condition: flow_top
    Synchronize time with update: no
    Time units: yr
    Length units: m
      Datum:

    Sub Condition: pressure
      Type: neumann
      Gradient:
      Data:
        Dataset: Unnamed Ascii Dataset
          Type: dataset_ascii_type
          Transient: no
          Array Rank:  1

    Sub Condition: temperature
      Type: dirichlet
      Gradient:
      Data:
        Dataset: Unnamed Ascii Dataset
          Type: dataset_ascii_type
          Filename: ../pflotran_input/temp_top.dat
          Is transient?: yes
          Number of times:   1001
          Is cyclic?: no
          Buffer:
            Rank:  2
            Dims:    11001
            Buffer Slice Size:   0
          Array Rank:  1

--------------------------------------------------------------------------------

=+=+=+=+=+=+=+=+=+=+=+=+=+=+=+=+=+=+=+=+=+=+=+=+=+=+=+=+=+=+=+=+=+=+=+=+=+=+=+=+

  Boundary Condition

--------------------------------------------------------------------------------
          Flow Condition:   flow_bottom
                  Region:   bottom
--------------------------------------------------------------------------------

  Flow Condition: flow_bottom
    Synchronize time with update: no
    Time units: yr
    Length units: m
      Datum:
        Dataset: Unnamed Ascii Dataset
          Type: dataset_ascii_type
          Transient: no
          Array Rank:  3

    Sub Condition: pressure
      Type: hydrostatic
      Gradient:
      Data:
        Dataset: Unnamed Ascii Dataset
          Type: dataset_ascii_type
          Transient: no
          Array Rank:  1

    Sub Condition: temperature
      Type: dirichlet
      Gradient:
      Data:
        Dataset: Unnamed Ascii Dataset
          Type: dataset_ascii_type
          Filename: ../pflotran_input/temp_bottom.dat
          Is transient?: yes
          Number of times:   1001
          Is cyclic?: no
          Buffer:
            Rank:  2
            Dims:    11001
            Buffer Slice Size:   0
          Array Rank:  1

--------------------------------------------------------------------------------

 Requested processors and decomposition =     1, npx,y,z=   -1  -1  -1
 Actual decomposition: npx,y,z=    1   1   1


FLOW Time Stepper
                 acceleration: on
       acceleration threshold: 8
       number of ramp entries: 8
                ramp entry #1: 2.0000
                ramp entry #2: 2.0000
                ramp entry #3: 2.0000
                ramp entry #4: 2.0000
                ramp entry #5: 2.0000
                ramp entry #6: 1.8000
                ramp entry #7: 1.6000
                ramp entry #8: 1.4000
                ramp entry #9: 1.2000
               ramp entry #10: 1.0000
               ramp entry #11: 1.0000
               ramp entry #12: 1.0000
               ramp entry #13: 1.0000
      maximum number of steps: 999999
constant time steps threshold: 5
       maximum number of cuts: 50
             reduction factor: 5.000000E-01
        maximum growth factor: 2.000000E+00

FLOW Newton Solver
                         atol: 1.000000E-50
                         rtol: 1.000000E-50
                         stol: 1.000000E-60
                         dtol: 1.000000E+20
                      maxnorm: 1.000000E+20
                    inftolres: -9.990000E+02
                    inftolupd: 1.000000E+00
                 inftolrelupd: -9.990000E+02
                 inftolsclres: -9.990000E+02
                     max iter: 20
                     min iter: 1
                         maxf: 10000
                  matrix type: baij
         precond. matrix type: baij
               inexact newton: off
            print convergence: on
   print detailed convergence: off
          check infinity norm: on

FLOW Linear Solver
                       solver: bcgs
               preconditioner: ilu
                         atol: 1.000000E-50
                         rtol: 1.000000E-05
                         dtol: 1.000000E+04
            maximum iteration: 10000

== TH FLOW =====================================================================
  0 2r: 1.53E+03 2x: 0.00E+00 2u: 0.00E+00 ir: 1.41E+03 iu: 0.00E+00 rsn:   0
  1 2r: 1.04E-04 2x: 1.23E+06 2u: 3.92E+05 ir: 7.12E-05 iu: 4.91E+04 rsn:   0
  2 2r: 8.72E-09 2x: 1.23E+06 2u: 3.79E-02 ir: 6.60E-09 iu: 1.06E-02 rsn: itol_upd
 Step      1 Time=  3.60000E+03 Dt=  3.60000E+03 [sec] snes_conv_reason:   11
  newton =   2 [       2] linear =     2 [         2] cuts =  0 [   0]
  --> max chng: dpmx=   4.9060E+04 dtmpmx=   1.4538E-01

== TH FLOW =====================================================================
  0 2r: 5.85E-03 2x: 0.00E+00 2u: 0.00E+00 ir: 5.36E-03 iu: 0.00E+00 rsn:   0
  1 2r: 9.77E-05 2x: 1.23E+06 2u: 1.52E+00 ir: 9.26E-05 iu: 1.96E-01 rsn: itol_upd
 Step      2 Time=  7.20000E+03 Dt=  3.60000E+03 [sec] snes_conv_reason:   11
  newton =   1 [       3] linear =     1 [         3] cuts =  0 [   0]
  --> max chng: dpmx=   1.8995E-01 dtmpmx=   1.9617E-01

== TH FLOW =====================================================================
  0 2r: 1.04E-03 2x: 0.00E+00 2u: 0.00E+00 ir: 1.00E-03 iu: 0.00E+00 rsn:   0
  1 2r: 8.25E-08 2x: 1.23E+06 2u: 1.07E-01 ir: 6.54E-08 iu: 5.10E-02 rsn: itol_upd
 Step      3 Time=  1.08000E+04 Dt=  3.60000E+03 [sec] snes_conv_reason:   11
  newton =   1 [       4] linear =     1 [         4] cuts =  0 [   0]
  --> max chng: dpmx=   2.5384E-03 dtmpmx=   5.0979E-02

== TH FLOW =====================================================================
  0 2r: 9.73E-04 2x: 0.00E+00 2u: 0.00E+00 ir: 9.67E-04 iu: 0.00E+00 rsn:   0
  1 2r: 4.50E-08 2x: 1.23E+06 2u: 1.14E-01 ir: 3.87E-08 iu: 5.28E-02 rsn: itol_upd
 Step      4 Time=  1.44000E+04 Dt=  3.60000E+03 [sec] snes_conv_reason:   11
  newton =   1 [       5] linear =     1 [         5] cuts =  0 [   0]
  --> max chng: dpmx=   6.1568E-03 dtmpmx=   5.2779E-02

== TH FLOW =====================================================================
  0 2r: 9.29E-04 2x: 0.00E+00 2u: 0.00E+00 ir: 8.53E-04 iu: 0.00E+00 rsn:   0
  1 2r: 3.60E-07 2x: 1.23E+06 2u: 1.52E-01 ir: 3.40E-07 iu: 4.78E-02 rsn: itol_upd
 Step      5 Time=  1.80000E+04 Dt=  3.60000E+03 [sec] snes_conv_reason:   11
  newton =   1 [       6] linear =     1 [         6] cuts =  0 [   0]
  --> max chng: dpmx=   1.6405E-02 dtmpmx=   4.7816E-02

== TH FLOW =====================================================================
  0 2r: 8.30E-04 2x: 0.00E+00 2u: 0.00E+00 ir: 7.47E-04 iu: 0.00E+00 rsn:   0
  1 2r: 3.89E-07 2x: 1.23E+06 2u: 1.53E-01 ir: 3.68E-07 iu: 4.25E-02 rsn: itol_upd
 Step      6 Time=  2.16000E+04 Dt=  3.60000E+03 [sec] snes_conv_reason:   11
  newton =   1 [       7] linear =     1 [         7] cuts =  0 [   0]
  --> max chng: dpmx=   1.6789E-02 dtmpmx=   4.2482E-02

== TH FLOW =====================================================================
  0 2r: 7.93E-04 2x: 0.00E+00 2u: 0.00E+00 ir: 5.93E-04 iu: 0.00E+00 rsn:   0
  1 2r: 1.21E-06 2x: 1.23E+06 2u: 2.05E-01 ir: 1.15E-06 iu: 3.12E-02 rsn: itol_upd
 Step      7 Time=  2.52000E+04 Dt=  3.60000E+03 [sec] snes_conv_reason:   11
  newton =   1 [       8] linear =     1 [         8] cuts =  0 [   0]
  --> max chng: dpmx=   2.5859E-02 dtmpmx=   3.1158E-02

== TH FLOW =====================================================================
  0 2r: 4.35E-04 2x: 0.00E+00 2u: 0.00E+00 ir: 3.98E-04 iu: 0.00E+00 rsn:   0
  1 2r: 6.05E-07 2x: 1.23E+06 2u: 1.49E-01 ir: 5.74E-07 iu: 2.25E-02 rsn: itol_upd
 Step      8 Time=  2.88000E+04 Dt=  3.60000E+03 [sec] snes_conv_reason:   11
  newton =   1 [       9] linear =     1 [         9] cuts =  0 [   0]
  --> max chng: dpmx=   1.8533E-02 dtmpmx=   2.2494E-02

== TH FLOW =====================================================================
  0 2r: 7.34E-04 2x: 0.00E+00 2u: 0.00E+00 ir: 5.56E-04 iu: 0.00E+00 rsn:   0
  1 2r: 1.16E-06 2x: 1.23E+06 2u: 1.84E-01 ir: 1.10E-06 iu: 2.32E-02 rsn: itol_upd
 Step      9 Time=  3.24000E+04 Dt=  3.60000E+03 [sec] snes_conv_reason:   11
  newton =   1 [      10] linear =     1 [        10] cuts =  0 [   0]
  --> max chng: dpmx=   2.3238E-02 dtmpmx=   2.2630E-02

== TH FLOW =====================================================================
  0 2r: 1.13E-03 2x: 0.00E+00 2u: 0.00E+00 ir: 9.75E-04 iu: 0.00E+00 rsn:   0
  1 2r: 1.15E-06 2x: 1.23E+06 2u: 1.89E-01 ir: 1.09E-06 iu: 5.07E-02 rsn: itol_upd
 Step     10 Time=  3.60000E+04 Dt=  3.60000E+03 [sec] snes_conv_reason:   11
  newton =   1 [      11] linear =     1 [        11] cuts =  0 [   0]
  --> max chng: dpmx=   2.2072E-02 dtmpmx=   5.0723E-02

== TH FLOW =====================================================================
  0 2r: 1.74E-03 2x: 0.00E+00 2u: 0.00E+00 ir: 1.61E-03 iu: 0.00E+00 rsn:   0
  1 2r: 1.52E-06 2x: 1.23E+06 2u: 2.39E-01 ir: 1.44E-06 iu: 8.57E-02 rsn: itol_upd
 Step     11 Time=  3.96000E+04 Dt=  3.60000E+03 [sec] snes_conv_reason:   11
  newton =   1 [      12] linear =     1 [        12] cuts =  0 [   0]
  --> max chng: dpmx=   2.4322E-02 dtmpmx=   8.5727E-02

== TH FLOW =====================================================================
  0 2r: 1.91E-03 2x: 0.00E+00 2u: 0.00E+00 ir: 1.79E-03 iu: 0.00E+00 rsn:   0
  1 2r: 1.57E-06 2x: 1.23E+06 2u: 2.64E-01 ir: 1.48E-06 iu: 9.76E-02 rsn: itol_upd
 Step     12 Time=  4.32000E+04 Dt=  3.60000E+03 [sec] snes_conv_reason:   11
  newton =   1 [      13] linear =     1 [        13] cuts =  0 [   0]
  --> max chng: dpmx=   2.3978E-02 dtmpmx=   9.7627E-02

 Wall Clock Time:  5.6067E-02 [sec]   9.3445E-04 [min]   1.5574E-05 [hr]
