 Extent of Gridded Domain
  X: 0.0000000000000000 - 1.0000000000000000
  Y: 0.0000000000000000 - 1.0000000000000000
  Z: -0.64000000000000001 - 0.0000000000000000


=+=+=+=+=+=+=+=+=+=+=+=+=+=+=+=+=+=+=+=+=+=+=+=+=+=+=+=+=+=+=+=+=+=+=+=+=+=+=+=+

  Initial Condition

--------------------------------------------------------------------------------
          Flow Condition:   initial
                  Region:   all
--------------------------------------------------------------------------------

  Flow Condition: initial
    Synchronize time with update: no
    Time units: yr
    Length units: m
      Datum:

    Sub Condition: pressure
      Type: hydrostatic
      Gradient:
      Data:
        Dataset: Unnamed Ascii Dataset
          Type: dataset_ascii_type
          Transient: no
          Array Rank:  1

    Sub Condition: temperature
      Type: dirichlet
      Gradient:
      Data:
        Dataset: Unnamed Ascii Dataset
          Type: dataset_ascii_type
          Transient: no
          Array Rank:  1

--------------------------------------------------------------------------------

=+=+=+=+=+=+=+=+=+=+=+=+=+=+=+=+=+=+=+=+=+=+=+=+=+=+=+=+=+=+=+=+=+=+=+=+=+=+=+=+

  Boundary Condition

--------------------------------------------------------------------------------
          Flow Condition:   flow_top
                  Region:   top
--------------------------------------------------------------------------------

  Flow Condition: flow_top
    Synchronize time with update: no
    Time units: yr
    Length units: m
      Datum:

    Sub Condition: pressure
      Type: neumann
      Gradient:
      Data:
        Dataset: Unnamed Ascii Dataset
          Type: dataset_ascii_type
          Transient: no
          Array Rank:  1

    Sub Condition: temperature
      Type: dirichlet
      Gradient:
      Data:
        Dataset: Unnamed Ascii Dataset
          Type: dataset_ascii_type
          Filename: ../pflotran_input/temp_top.dat
          Is transient?: yes
          Number of times:   1001
          Is cyclic?: no
          Buffer:
            Rank:  2
            Dims:    11001
            Buffer Slice Size:   0
          Array Rank:  1

--------------------------------------------------------------------------------

=+=+=+=+=+=+=+=+=+=+=+=+=+=+=+=+=+=+=+=+=+=+=+=+=+=+=+=+=+=+=+=+=+=+=+=+=+=+=+=+

  Boundary Condition

--------------------------------------------------------------------------------
          Flow Condition:   flow_bottom
                  Region:   bottom
--------------------------------------------------------------------------------

  Flow Condition: flow_bottom
    Synchronize time with update: no
    Time units: yr
    Length units: m
      Datum:
        Dataset: Unnamed Ascii Dataset
          Type: dataset_ascii_type
          Transient: no
          Array Rank:  3

    Sub Condition: pressure
      Type: hydrostatic
      Gradient:
      Data:
        Dataset: Unnamed Ascii Dataset
          Type: dataset_ascii_type
          Transient: no
          Array Rank:  1

    Sub Condition: temperature
      Type: dirichlet
      Gradient:
      Data:
        Dataset: Unnamed Ascii Dataset
          Type: dataset_ascii_type
          Filename: ../pflotran_input/temp_bottom.dat
          Is transient?: yes
          Number of times:   1001
          Is cyclic?: no
          Buffer:
            Rank:  2
            Dims:    11001
            Buffer Slice Size:   0
          Array Rank:  1

--------------------------------------------------------------------------------

 Requested processors and decomposition =     1, npx,y,z=   -1  -1  -1
 Actual decomposition: npx,y,z=    1   1   1


FLOW Time Stepper
                 acceleration: on
       acceleration threshold: 8
       number of ramp entries: 8
                ramp entry #1: 2.0000
                ramp entry #2: 2.0000
                ramp entry #3: 2.0000
                ramp entry #4: 2.0000
                ramp entry #5: 2.0000
                ramp entry #6: 1.8000
                ramp entry #7: 1.6000
                ramp entry #8: 1.4000
                ramp entry #9: 1.2000
               ramp entry #10: 1.0000
               ramp entry #11: 1.0000
               ramp entry #12: 1.0000
               ramp entry #13: 1.0000
      maximum number of steps: 999999
constant time steps threshold: 5
       maximum number of cuts: 50
             reduction factor: 5.000000E-01
        maximum growth factor: 2.000000E+00

FLOW Newton Solver
                         atol: 1.000000E-50
                         rtol: 1.000000E-50
                         stol: 1.000000E-60
                         dtol: 1.000000E+20
                      maxnorm: 1.000000E+20
                    inftolres: -9.990000E+02
                    inftolupd: 1.000000E+00
                 inftolrelupd: -9.990000E+02
                 inftolsclres: -9.990000E+02
                     max iter: 20
                     min iter: 1
                         maxf: 10000
                  matrix type: baij
         precond. matrix type: baij
               inexact newton: off
            print convergence: on
   print detailed convergence: off
          check infinity norm: on

FLOW Linear Solver
                       solver: bcgs
               preconditioner: ilu
                         atol: 1.000000E-50
                         rtol: 1.000000E-05
                         dtol: 1.000000E+04
            maximum iteration: 10000

== TH FLOW =====================================================================
  0 2r: 1.53E+03 2x: 0.00E+00 2u: 0.00E+00 ir: 1.41E+03 iu: 0.00E+00 rsn:   0
  1 2r: 3.64E-04 2x: 1.23E+06 2u: 3.93E+05 ir: 2.52E-04 iu: 4.91E+04 rsn:   0
  2 2r: 5.63E-08 2x: 1.23E+06 2u: 1.73E-01 ir: 3.95E-08 iu: 5.15E-02 rsn: itol_upd
 Step      1 Time=  3.60000E+03 Dt=  3.60000E+03 [sec] snes_conv_reason:   11
  newton =   2 [       2] linear =     2 [         2] cuts =  0 [   0]
  --> max chng: dpmx=   4.9116E+04 dtmpmx=   1.5280E-01

== TH FLOW =====================================================================
  0 2r: 8.80E-03 2x: 0.00E+00 2u: 0.00E+00 ir: 6.17E-03 iu: 0.00E+00 rsn:   0
  1 2r: 1.04E-04 2x: 1.23E+06 2u: 1.58E+00 ir: 9.86E-05 iu: 2.09E-01 rsn: itol_upd
 Step      2 Time=  7.20000E+03 Dt=  3.60000E+03 [sec] snes_conv_reason:   11
  newton =   1 [       3] linear =     1 [         3] cuts =  0 [   0]
  --> max chng: dpmx=   2.0332E-01 dtmpmx=   2.0876E-01

== TH FLOW =====================================================================
  0 2r: 2.18E-03 2x: 0.00E+00 2u: 0.00E+00 ir: 2.15E-03 iu: 0.00E+00 rsn:   0
  1 2r: 9.56E-08 2x: 1.23E+06 2u: 1.32E-01 ir: 6.45E-08 iu: 5.46E-02 rsn: itol_upd
 Step      3 Time=  1.08000E+04 Dt=  3.60000E+03 [sec] snes_conv_reason:   11
  newton =   1 [       4] linear =     1 [         4] cuts =  0 [   0]
  --> max chng: dpmx=   1.1101E-02 dtmpmx=   5.4599E-02

== TH FLOW =====================================================================
  0 2r: 2.01E-03 2x: 0.00E+00 2u: 0.00E+00 ir: 2.01E-03 iu: 0.00E+00 rsn:   0
  1 2r: 7.69E-08 2x: 1.23E+06 2u: 1.50E-01 ir: 6.75E-08 iu: 5.41E-02 rsn: itol_upd
 Step      4 Time=  1.44000E+04 Dt=  3.60000E+03 [sec] snes_conv_reason:   11
  newton =   1 [       5] linear =     1 [         5] cuts =  0 [   0]
  --> max chng: dpmx=   2.2951E-02 dtmpmx=   5.4138E-02

== TH FLOW =====================================================================
  0 2r: 1.83E-03 2x: 0.00E+00 2u: 0.00E+00 ir: 1.76E-03 iu: 0.00E+00 rsn:   0
  1 2r: 3.90E-07 2x: 1.23E+06 2u: 2.09E-01 ir: 3.65E-07 iu: 4.86E-02 rsn: itol_upd
 Step      5 Time=  1.80000E+04 Dt=  3.60000E+03 [sec] snes_conv_reason:   11
  newton =   1 [       6] linear =     1 [         6] cuts =  0 [   0]
  --> max chng: dpmx=   3.8835E-02 dtmpmx=   4.8551E-02

== TH FLOW =====================================================================
  0 2r: 1.62E-03 2x: 0.00E+00 2u: 0.00E+00 ir: 1.54E-03 iu: 0.00E+00 rsn:   0
  1 2r: 4.05E-07 2x: 1.23E+06 2u: 2.26E-01 ir: 3.81E-07 iu: 4.29E-02 rsn: itol_upd
 Step      6 Time=  2.16000E+04 Dt=  3.60000E+03 [sec] snes_conv_reason:   11
  newton =   1 [       7] linear =     1 [         7] cuts =  0 [   0]
  --> max chng: dpmx=   4.2715E-02 dtmpmx=   4.2921E-02

== TH FLOW =====================================================================
  0 2r: 1.33E-03 2x: 0.00E+00 2u: 0.00E+00 ir: 1.01E-03 iu: 0.00E+00 rsn:   0
  1 2r: 1.25E-06 2x: 1.23E+06 2u: 2.96E-01 ir: 1.18E-06 iu: 5.37E-02 rsn: itol_upd
 Step      7 Time=  2.52000E+04 Dt=  3.60000E+03 [sec] snes_conv_reason:   11
  newton =   1 [       8] linear =     1 [         8] cuts =  0 [   0]
  --> max chng: dpmx=   5.3712E-02 dtmpmx=   3.3005E-02

== TH FLOW =====================================================================
  0 2r: 6.27E-04 2x: 0.00E+00 2u: 0.00E+00 ir: 4.33E-04 iu: 0.00E+00 rsn:   0
  1 2r: 6.11E-07 2x: 1.23E+06 2u: 2.45E-01 ir: 5.79E-07 iu: 4.38E-02 rsn: itol_upd
 Step      8 Time=  2.88000E+04 Dt=  3.60000E+03 [sec] snes_conv_reason:   11
  newton =   1 [       9] linear =     1 [         9] cuts =  0 [   0]
  --> max chng: dpmx=   4.3847E-02 dtmpmx=   2.5587E-02

== TH FLOW =====================================================================
  0 2r: 1.25E-03 2x: 0.00E+00 2u: 0.00E+00 ir: 9.34E-04 iu: 0.00E+00 rsn:   0
  1 2r: 1.19E-06 2x: 1.23E+06 2u: 2.83E-01 ir: 1.12E-06 iu: 4.50E-02 rsn: itol_upd
 Step      9 Time=  3.24000E+04 Dt=  3.60000E+03 [sec] snes_conv_reason:   11
  newton =   1 [      10] linear =     1 [        10] cuts =  0 [   0]
  --> max chng: dpmx=   4.4985E-02 dtmpmx=   2.3049E-02

== TH FLOW =====================================================================
  0 2r: 2.21E-03 2x: 0.00E+00 2u: 0.00E+00 ir: 2.05E-03 iu: 0.00E+00 rsn:   0
  1 2r: 1.17E-06 2x: 1.23E+06 2u: 2.83E-01 ir: 1.10E-06 iu: 5.32E-02 rsn: itol_upd
 Step     10 Time=  3.60000E+04 Dt=  3.60000E+03 [sec] snes_conv_reason:   11
  newton =   1 [      11] linear =     1 [        11] cuts =  0 [   0]
  --> max chng: dpmx=   4.0843E-02 dtmpmx=   5.3181E-02

== TH FLOW =====================================================================
  0 2r: 3.50E-03 2x: 0.00E+00 2u: 0.00E+00 ir: 3.36E-03 iu: 0.00E+00 rsn:   0
  1 2r: 1.56E-06 2x: 1.23E+06 2u: 3.29E-01 ir: 1.46E-06 iu: 8.90E-02 rsn: itol_upd
 Step     11 Time=  3.96000E+04 Dt=  3.60000E+03 [sec] snes_conv_reason:   11
  newton =   1 [      12] linear =     1 [        12] cuts =  0 [   0]
  --> max chng: dpmx=   4.0950E-02 dtmpmx=   8.8988E-02

== TH FLOW =====================================================================
  0 2r: 3.85E-03 2x: 0.00E+00 2u: 0.00E+00 ir: 3.72E-03 iu: 0.00E+00 rsn:   0
  1 2r: 1.61E-06 2x: 1.23E+06 2u: 3.51E-01 ir: 1.50E-06 iu: 1.00E-01 rsn: itol_upd
 Step     12 Time=  4.32000E+04 Dt=  3.60000E+03 [sec] snes_conv_reason:   11
  newton =   1 [      13] linear =     1 [        13] cuts =  0 [   0]
  --> max chng: dpmx=   3.8779E-02 dtmpmx=   1.0031E-01

 Wall Clock Time:  5.9210E-02 [sec]   9.8683E-04 [min]   1.6447E-05 [hr]
