 Extent of Gridded Domain
  X: 0.0000000000000000 - 1.0000000000000000
  Y: 0.0000000000000000 - 1.0000000000000000
  Z: -0.64000000000000001 - 0.0000000000000000


=+=+=+=+=+=+=+=+=+=+=+=+=+=+=+=+=+=+=+=+=+=+=+=+=+=+=+=+=+=+=+=+=+=+=+=+=+=+=+=+

  Initial Condition

--------------------------------------------------------------------------------
          Flow Condition:   initial
                  Region:   all
--------------------------------------------------------------------------------

  Flow Condition: initial
    Synchronize time with update: no
    Time units: yr
    Length units: m
      Datum:

    Sub Condition: pressure
      Type: hydrostatic
      Gradient:
      Data:
        Dataset: Unnamed Ascii Dataset
          Type: dataset_ascii_type
          Transient: no
          Array Rank:  1

    Sub Condition: temperature
      Type: dirichlet
      Gradient:
      Data:
        Dataset: Unnamed Ascii Dataset
          Type: dataset_ascii_type
          Transient: no
          Array Rank:  1

--------------------------------------------------------------------------------

=+=+=+=+=+=+=+=+=+=+=+=+=+=+=+=+=+=+=+=+=+=+=+=+=+=+=+=+=+=+=+=+=+=+=+=+=+=+=+=+

  Boundary Condition

--------------------------------------------------------------------------------
          Flow Condition:   flow_top
                  Region:   top
--------------------------------------------------------------------------------

  Flow Condition: flow_top
    Synchronize time with update: no
    Time units: yr
    Length units: m
      Datum:

    Sub Condition: pressure
      Type: neumann
      Gradient:
      Data:
        Dataset: Unnamed Ascii Dataset
          Type: dataset_ascii_type
          Transient: no
          Array Rank:  1

    Sub Condition: temperature
      Type: dirichlet
      Gradient:
      Data:
        Dataset: Unnamed Ascii Dataset
          Type: dataset_ascii_type
          Filename: ../pflotran_input/temp_top.dat
          Is transient?: yes
          Number of times:   1001
          Is cyclic?: no
          Buffer:
            Rank:  2
            Dims:    11001
            Buffer Slice Size:   0
          Array Rank:  1

--------------------------------------------------------------------------------

=+=+=+=+=+=+=+=+=+=+=+=+=+=+=+=+=+=+=+=+=+=+=+=+=+=+=+=+=+=+=+=+=+=+=+=+=+=+=+=+

  Boundary Condition

--------------------------------------------------------------------------------
          Flow Condition:   flow_bottom
                  Region:   bottom
--------------------------------------------------------------------------------

  Flow Condition: flow_bottom
    Synchronize time with update: no
    Time units: yr
    Length units: m
      Datum:
        Dataset: Unnamed Ascii Dataset
          Type: dataset_ascii_type
          Transient: no
          Array Rank:  3

    Sub Condition: pressure
      Type: hydrostatic
      Gradient:
      Data:
        Dataset: Unnamed Ascii Dataset
          Type: dataset_ascii_type
          Transient: no
          Array Rank:  1

    Sub Condition: temperature
      Type: dirichlet
      Gradient:
      Data:
        Dataset: Unnamed Ascii Dataset
          Type: dataset_ascii_type
          Filename: ../pflotran_input/temp_bottom.dat
          Is transient?: yes
          Number of times:   1001
          Is cyclic?: no
          Buffer:
            Rank:  2
            Dims:    11001
            Buffer Slice Size:   0
          Array Rank:  1

--------------------------------------------------------------------------------

 Requested processors and decomposition =     1, npx,y,z=   -1  -1  -1
 Actual decomposition: npx,y,z=    1   1   1


FLOW Time Stepper
                 acceleration: on
       acceleration threshold: 8
       number of ramp entries: 8
                ramp entry #1: 2.0000
                ramp entry #2: 2.0000
                ramp entry #3: 2.0000
                ramp entry #4: 2.0000
                ramp entry #5: 2.0000
                ramp entry #6: 1.8000
                ramp entry #7: 1.6000
                ramp entry #8: 1.4000
                ramp entry #9: 1.2000
               ramp entry #10: 1.0000
               ramp entry #11: 1.0000
               ramp entry #12: 1.0000
               ramp entry #13: 1.0000
      maximum number of steps: 999999
constant time steps threshold: 5
       maximum number of cuts: 50
             reduction factor: 5.000000E-01
        maximum growth factor: 2.000000E+00

FLOW Newton Solver
                         atol: 1.000000E-50
                         rtol: 1.000000E-50
                         stol: 1.000000E-60
                         dtol: 1.000000E+20
                      maxnorm: 1.000000E+20
                    inftolres: -9.990000E+02
                    inftolupd: 1.000000E+00
                 inftolrelupd: -9.990000E+02
                 inftolsclres: -9.990000E+02
                     max iter: 20
                     min iter: 1
                         maxf: 10000
                  matrix type: baij
         precond. matrix type: baij
               inexact newton: off
            print convergence: on
   print detailed convergence: off
          check infinity norm: on

FLOW Linear Solver
                       solver: bcgs
               preconditioner: ilu
                         atol: 1.000000E-50
                         rtol: 1.000000E-05
                         dtol: 1.000000E+04
            maximum iteration: 10000

== TH FLOW =====================================================================
  0 2r: 1.53E+03 2x: 0.00E+00 2u: 0.00E+00 ir: 1.41E+03 iu: 0.00E+00 rsn:   0
  1 2r: 7.18E-05 2x: 1.23E+06 2u: 3.92E+05 ir: 4.85E-05 iu: 4.91E+04 rsn:   0
  2 2r: 5.39E-09 2x: 1.23E+06 2u: 2.03E-02 ir: 4.20E-09 iu: 5.71E-03 rsn: itol_upd
 Step      1 Time=  3.60000E+03 Dt=  3.60000E+03 [sec] snes_conv_reason:   11
  newton =   2 [       2] linear =     2 [         2] cuts =  0 [   0]
  --> max chng: dpmx=   4.9053E+04 dtmpmx=   1.3917E-01

== TH FLOW =====================================================================
  0 2r: 5.49E-03 2x: 0.00E+00 2u: 0.00E+00 ir: 5.36E-03 iu: 0.00E+00 rsn:   0
  1 2r: 9.12E-05 2x: 1.23E+06 2u: 1.45E+00 ir: 8.64E-05 iu: 1.88E-01 rsn: itol_upd
 Step      2 Time=  7.20000E+03 Dt=  3.60000E+03 [sec] snes_conv_reason:   11
  newton =   1 [       3] linear =     1 [         3] cuts =  0 [   0]
  --> max chng: dpmx=   1.8753E-01 dtmpmx=   1.8319E-01

== TH FLOW =====================================================================
  0 2r: 7.38E-04 2x: 0.00E+00 2u: 0.00E+00 ir: 6.90E-04 iu: 0.00E+00 rsn:   0
  1 2r: 8.95E-08 2x: 1.23E+06 2u: 9.56E-02 ir: 7.60E-08 iu: 4.79E-02 rsn: itol_upd
 Step      3 Time=  1.08000E+04 Dt=  3.60000E+03 [sec] snes_conv_reason:   11
  newton =   1 [       4] linear =     1 [         4] cuts =  0 [   0]
  --> max chng: dpmx=   1.8147E-03 dtmpmx=   4.7922E-02

== TH FLOW =====================================================================
  0 2r: 7.04E-04 2x: 0.00E+00 2u: 0.00E+00 ir: 6.95E-04 iu: 0.00E+00 rsn:   0
  1 2r: 4.17E-08 2x: 1.23E+06 2u: 1.01E-01 ir: 3.34E-08 iu: 5.17E-02 rsn: itol_upd
 Step      4 Time=  1.44000E+04 Dt=  3.60000E+03 [sec] snes_conv_reason:   11
  newton =   1 [       5] linear =     1 [         5] cuts =  0 [   0]
  --> max chng: dpmx=   4.6587E-03 dtmpmx=   5.1706E-02

== TH FLOW =====================================================================
  0 2r: 7.13E-04 2x: 0.00E+00 2u: 0.00E+00 ir: 6.17E-04 iu: 0.00E+00 rsn:   0
  1 2r: 3.32E-07 2x: 1.23E+06 2u: 1.40E-01 ir: 3.13E-07 iu: 4.73E-02 rsn: itol_upd
 Step      5 Time=  1.80000E+04 Dt=  3.60000E+03 [sec] snes_conv_reason:   11
  newton =   1 [       6] linear =     1 [         6] cuts =  0 [   0]
  --> max chng: dpmx=   1.4326E-02 dtmpmx=   4.7320E-02

== TH FLOW =====================================================================
  0 2r: 6.44E-04 2x: 0.00E+00 2u: 0.00E+00 ir: 5.41E-04 iu: 0.00E+00 rsn:   0
  1 2r: 3.74E-07 2x: 1.23E+06 2u: 1.40E-01 ir: 3.54E-07 iu: 4.22E-02 rsn: itol_upd
 Step      6 Time=  2.16000E+04 Dt=  3.60000E+03 [sec] snes_conv_reason:   11
  newton =   1 [       7] linear =     1 [         7] cuts =  0 [   0]
  --> max chng: dpmx=   1.4365E-02 dtmpmx=   4.2233E-02

== TH FLOW =====================================================================
  0 2r: 7.00E-04 2x: 0.00E+00 2u: 0.00E+00 ir: 5.93E-04 iu: 0.00E+00 rsn:   0
  1 2r: 1.17E-06 2x: 1.23E+06 2u: 1.93E-01 ir: 1.11E-06 iu: 3.08E-02 rsn: itol_upd
 Step      7 Time=  2.52000E+04 Dt=  3.60000E+03 [sec] snes_conv_reason:   11
  newton =   1 [       8] linear =     1 [         8] cuts =  0 [   0]
  --> max chng: dpmx=   2.3239E-02 dtmpmx=   3.0782E-02

== TH FLOW =====================================================================
  0 2r: 4.14E-04 2x: 0.00E+00 2u: 0.00E+00 ir: 3.98E-04 iu: 0.00E+00 rsn:   0
  1 2r: 5.98E-07 2x: 1.23E+06 2u: 1.37E-01 ir: 5.67E-07 iu: 2.19E-02 rsn: itol_upd
 Step      8 Time=  2.88000E+04 Dt=  3.60000E+03 [sec] snes_conv_reason:   11
  newton =   1 [       9] linear =     1 [         9] cuts =  0 [   0]
  --> max chng: dpmx=   1.6205E-02 dtmpmx=   2.1937E-02

== TH FLOW =====================================================================
  0 2r: 6.41E-04 2x: 0.00E+00 2u: 0.00E+00 ir: 5.56E-04 iu: 0.00E+00 rsn:   0
  1 2r: 1.14E-06 2x: 1.23E+06 2u: 1.73E-01 ir: 1.08E-06 iu: 2.21E-02 rsn: itol_upd
 Step      9 Time=  3.24000E+04 Dt=  3.60000E+03 [sec] snes_conv_reason:   11
  newton =   1 [      10] linear =     1 [        10] cuts =  0 [   0]
  --> max chng: dpmx=   2.1258E-02 dtmpmx=   2.2141E-02

== TH FLOW =====================================================================
  0 2r: 8.82E-04 2x: 0.00E+00 2u: 0.00E+00 ir: 6.94E-04 iu: 0.00E+00 rsn:   0
  1 2r: 1.13E-06 2x: 1.23E+06 2u: 1.77E-01 ir: 1.07E-06 iu: 4.87E-02 rsn: itol_upd
 Step     10 Time=  3.60000E+04 Dt=  3.60000E+03 [sec] snes_conv_reason:   11
  newton =   1 [      11] linear =     1 [        11] cuts =  0 [   0]
  --> max chng: dpmx=   2.0350E-02 dtmpmx=   4.8717E-02

== TH FLOW =====================================================================
  0 2r: 1.31E-03 2x: 0.00E+00 2u: 0.00E+00 ir: 1.15E-03 iu: 0.00E+00 rsn:   0
  1 2r: 1.50E-06 2x: 1.23E+06 2u: 2.22E-01 ir: 1.42E-06 iu: 8.31E-02 rsn: itol_upd
 Step     11 Time=  3.96000E+04 Dt=  3.60000E+03 [sec] snes_conv_reason:   11
  newton =   1 [      12] linear =     1 [        12] cuts =  0 [   0]
  --> max chng: dpmx=   2.2743E-02 dtmpmx=   8.3129E-02

== TH FLOW =====================================================================
  0 2r: 1.43E-03 2x: 0.00E+00 2u: 0.00E+00 ir: 1.29E-03 iu: 0.00E+00 rsn:   0
  1 2r: 1.55E-06 2x: 1.23E+06 2u: 2.43E-01 ir: 1.46E-06 iu: 9.56E-02 rsn: itol_upd
 Step     12 Time=  4.32000E+04 Dt=  3.60000E+03 [sec] snes_conv_reason:   11
  newton =   1 [      13] linear =     1 [        13] cuts =  0 [   0]
  --> max chng: dpmx=   2.2484E-02 dtmpmx=   9.5598E-02

 Wall Clock Time:  5.4215E-02 [sec]   9.0358E-04 [min]   1.5060E-05 [hr]
