 Extent of Gridded Domain
  X: 0.0000000000000000 - 1.0000000000000000
  Y: 0.0000000000000000 - 1.0000000000000000
  Z: -0.64000000000000001 - 0.0000000000000000


=+=+=+=+=+=+=+=+=+=+=+=+=+=+=+=+=+=+=+=+=+=+=+=+=+=+=+=+=+=+=+=+=+=+=+=+=+=+=+=+

  Initial Condition

--------------------------------------------------------------------------------
          Flow Condition:   initial
                  Region:   all
--------------------------------------------------------------------------------

  Flow Condition: initial
    Synchronize time with update: no
    Time units: yr
    Length units: m
      Datum:

    Sub Condition: pressure
      Type: hydrostatic
      Gradient:
      Data:
        Dataset: Unnamed Ascii Dataset
          Type: dataset_ascii_type
          Transient: no
          Array Rank:  1

    Sub Condition: temperature
      Type: dirichlet
      Gradient:
      Data:
        Dataset: Unnamed Ascii Dataset
          Type: dataset_ascii_type
          Transient: no
          Array Rank:  1

--------------------------------------------------------------------------------

=+=+=+=+=+=+=+=+=+=+=+=+=+=+=+=+=+=+=+=+=+=+=+=+=+=+=+=+=+=+=+=+=+=+=+=+=+=+=+=+

  Boundary Condition

--------------------------------------------------------------------------------
          Flow Condition:   flow_top
                  Region:   top
--------------------------------------------------------------------------------

  Flow Condition: flow_top
    Synchronize time with update: no
    Time units: yr
    Length units: m
      Datum:

    Sub Condition: pressure
      Type: neumann
      Gradient:
      Data:
        Dataset: Unnamed Ascii Dataset
          Type: dataset_ascii_type
          Transient: no
          Array Rank:  1

    Sub Condition: temperature
      Type: dirichlet
      Gradient:
      Data:
        Dataset: Unnamed Ascii Dataset
          Type: dataset_ascii_type
          Filename: ../pflotran_input/temp_top.dat
          Is transient?: yes
          Number of times:   1001
          Is cyclic?: no
          Buffer:
            Rank:  2
            Dims:    11001
            Buffer Slice Size:   0
          Array Rank:  1

--------------------------------------------------------------------------------

=+=+=+=+=+=+=+=+=+=+=+=+=+=+=+=+=+=+=+=+=+=+=+=+=+=+=+=+=+=+=+=+=+=+=+=+=+=+=+=+

  Boundary Condition

--------------------------------------------------------------------------------
          Flow Condition:   flow_bottom
                  Region:   bottom
--------------------------------------------------------------------------------

  Flow Condition: flow_bottom
    Synchronize time with update: no
    Time units: yr
    Length units: m
      Datum:
        Dataset: Unnamed Ascii Dataset
          Type: dataset_ascii_type
          Transient: no
          Array Rank:  3

    Sub Condition: pressure
      Type: hydrostatic
      Gradient:
      Data:
        Dataset: Unnamed Ascii Dataset
          Type: dataset_ascii_type
          Transient: no
          Array Rank:  1

    Sub Condition: temperature
      Type: dirichlet
      Gradient:
      Data:
        Dataset: Unnamed Ascii Dataset
          Type: dataset_ascii_type
          Filename: ../pflotran_input/temp_bottom.dat
          Is transient?: yes
          Number of times:   1001
          Is cyclic?: no
          Buffer:
            Rank:  2
            Dims:    11001
            Buffer Slice Size:   0
          Array Rank:  1

--------------------------------------------------------------------------------

 Requested processors and decomposition =     1, npx,y,z=   -1  -1  -1
 Actual decomposition: npx,y,z=    1   1   1


FLOW Time Stepper
                 acceleration: on
       acceleration threshold: 8
       number of ramp entries: 8
                ramp entry #1: 2.0000
                ramp entry #2: 2.0000
                ramp entry #3: 2.0000
                ramp entry #4: 2.0000
                ramp entry #5: 2.0000
                ramp entry #6: 1.8000
                ramp entry #7: 1.6000
                ramp entry #8: 1.4000
                ramp entry #9: 1.2000
               ramp entry #10: 1.0000
               ramp entry #11: 1.0000
               ramp entry #12: 1.0000
               ramp entry #13: 1.0000
      maximum number of steps: 999999
constant time steps threshold: 5
       maximum number of cuts: 50
             reduction factor: 5.000000E-01
        maximum growth factor: 2.000000E+00

FLOW Newton Solver
                         atol: 1.000000E-50
                         rtol: 1.000000E-50
                         stol: 1.000000E-60
                         dtol: 1.000000E+20
                      maxnorm: 1.000000E+20
                    inftolres: -9.990000E+02
                    inftolupd: 1.000000E+00
                 inftolrelupd: -9.990000E+02
                 inftolsclres: -9.990000E+02
                     max iter: 20
                     min iter: 1
                         maxf: 10000
                  matrix type: baij
         precond. matrix type: baij
               inexact newton: off
            print convergence: on
   print detailed convergence: off
          check infinity norm: on

FLOW Linear Solver
                       solver: bcgs
               preconditioner: ilu
                         atol: 1.000000E-50
                         rtol: 1.000000E-05
                         dtol: 1.000000E+04
            maximum iteration: 10000

== TH FLOW =====================================================================
  0 2r: 1.53E+03 2x: 0.00E+00 2u: 0.00E+00 ir: 1.41E+03 iu: 0.00E+00 rsn:   0
  1 2r: 2.89E-04 2x: 1.23E+06 2u: 3.92E+05 ir: 2.07E-04 iu: 4.90E+04 rsn:   0
  2 2r: 4.42E-08 2x: 1.23E+06 2u: 2.19E-01 ir: 3.09E-08 iu: 4.22E-02 rsn: itol_upd
 Step      1 Time=  3.60000E+03 Dt=  3.60000E+03 [sec] snes_conv_reason:   11
  newton =   2 [       2] linear =     2 [         2] cuts =  0 [   0]
  --> max chng: dpmx=   4.9035E+04 dtmpmx=   1.5202E-01

== TH FLOW =====================================================================
  0 2r: 8.50E-03 2x: 0.00E+00 2u: 0.00E+00 ir: 5.98E-03 iu: 0.00E+00 rsn:   0
  1 2r: 2.80E-07 2x: 1.23E+06 2u: 1.20E+00 ir: 2.20E-07 iu: 2.18E-01 rsn: itol_upd
 Step      2 Time=  7.20000E+03 Dt=  3.60000E+03 [sec] snes_conv_reason:   11
  newton =   1 [       3] linear =     1 [         3] cuts =  0 [   0]
  --> max chng: dpmx=   1.8125E-01 dtmpmx=   2.1823E-01

== TH FLOW =====================================================================
  0 2r: 1.98E-03 2x: 0.00E+00 2u: 0.00E+00 ir: 1.96E-03 iu: 0.00E+00 rsn:   0
  1 2r: 1.22E-08 2x: 1.23E+06 2u: 1.51E-01 ir: 9.20E-09 iu: 5.22E-02 rsn: itol_upd
 Step      3 Time=  1.08000E+04 Dt=  3.60000E+03 [sec] snes_conv_reason:   11
  newton =   1 [       4] linear =     1 [         4] cuts =  0 [   0]
  --> max chng: dpmx=   1.2545E-02 dtmpmx=   5.2201E-02

== TH FLOW =====================================================================
  0 2r: 1.84E-03 2x: 0.00E+00 2u: 0.00E+00 ir: 1.83E-03 iu: 0.00E+00 rsn:   0
  1 2r: 7.41E-09 2x: 1.23E+06 2u: 1.34E-01 ir: 6.29E-09 iu: 5.20E-02 rsn: itol_upd
 Step      4 Time=  1.44000E+04 Dt=  3.60000E+03 [sec] snes_conv_reason:   11
  newton =   1 [       5] linear =     1 [         5] cuts =  0 [   0]
  --> max chng: dpmx=   1.1279E-02 dtmpmx=   5.1978E-02

== TH FLOW =====================================================================
  0 2r: 1.68E-03 2x: 0.00E+00 2u: 0.00E+00 ir: 1.61E-03 iu: 0.00E+00 rsn:   0
  1 2r: 4.92E-09 2x: 1.23E+06 2u: 1.54E-01 ir: 4.24E-09 iu: 4.67E-02 rsn: itol_upd
 Step      5 Time=  1.80000E+04 Dt=  3.60000E+03 [sec] snes_conv_reason:   11
  newton =   1 [       6] linear =     1 [         6] cuts =  0 [   0]
  --> max chng: dpmx=   1.6276E-02 dtmpmx=   4.6662E-02

== TH FLOW =====================================================================
  0 2r: 1.49E-03 2x: 0.00E+00 2u: 0.00E+00 ir: 1.41E-03 iu: 0.00E+00 rsn:   0
  1 2r: 3.41E-09 2x: 1.23E+06 2u: 1.35E-01 ir: 2.96E-09 iu: 4.13E-02 rsn: itol_upd
 Step      6 Time=  2.16000E+04 Dt=  3.60000E+03 [sec] snes_conv_reason:   11
  newton =   1 [       7] linear =     1 [         7] cuts =  0 [   0]
  --> max chng: dpmx=   1.3555E-02 dtmpmx=   4.1273E-02

== TH FLOW =====================================================================
  0 2r: 1.25E-03 2x: 0.00E+00 2u: 0.00E+00 ir: 9.24E-04 iu: 0.00E+00 rsn:   0
  1 2r: 1.23E-09 2x: 1.23E+06 2u: 1.59E-01 ir: 8.93E-10 iu: 2.80E-02 rsn: itol_upd
 Step      7 Time=  2.52000E+04 Dt=  3.60000E+03 [sec] snes_conv_reason:   11
  newton =   1 [       8] linear =     1 [         8] cuts =  0 [   0]
  --> max chng: dpmx=   2.0000E-02 dtmpmx=   2.8010E-02

== TH FLOW =====================================================================
  0 2r: 6.08E-04 2x: 0.00E+00 2u: 0.00E+00 ir: 4.30E-04 iu: 0.00E+00 rsn:   0
  1 2r: 4.12E-10 2x: 1.23E+06 2u: 9.67E-02 ir: 2.33E-10 iu: 1.72E-02 rsn: itol_upd
 Step      8 Time=  2.88000E+04 Dt=  3.60000E+03 [sec] snes_conv_reason:   11
  newton =   1 [       9] linear =     1 [         9] cuts =  0 [   0]
  --> max chng: dpmx=   1.3414E-02 dtmpmx=   1.7151E-02

== TH FLOW =====================================================================
  0 2r: 1.18E-03 2x: 0.00E+00 2u: 0.00E+00 ir: 8.49E-04 iu: 0.00E+00 rsn:   0
  1 2r: 2.39E-09 2x: 1.23E+06 2u: 1.19E-01 ir: 1.86E-09 iu: 2.38E-02 rsn: itol_upd
 Step      9 Time=  3.24000E+04 Dt=  3.60000E+03 [sec] snes_conv_reason:   11
  newton =   1 [      10] linear =     1 [        10] cuts =  0 [   0]
  --> max chng: dpmx=   1.8759E-02 dtmpmx=   2.3775E-02

== TH FLOW =====================================================================
  0 2r: 2.03E-03 2x: 0.00E+00 2u: 0.00E+00 ir: 1.86E-03 iu: 0.00E+00 rsn:   0
  1 2r: 9.23E-09 2x: 1.23E+06 2u: 1.32E-01 ir: 7.64E-09 iu: 5.10E-02 rsn: itol_upd
 Step     10 Time=  3.60000E+04 Dt=  3.60000E+03 [sec] snes_conv_reason:   11
  newton =   1 [      11] linear =     1 [        11] cuts =  0 [   0]
  --> max chng: dpmx=   1.8112E-02 dtmpmx=   5.0960E-02

== TH FLOW =====================================================================
  0 2r: 3.20E-03 2x: 0.00E+00 2u: 0.00E+00 ir: 3.06E-03 iu: 0.00E+00 rsn:   0
  1 2r: 2.29E-08 2x: 1.23E+06 2u: 1.87E-01 ir: 1.92E-08 iu: 8.54E-02 rsn: itol_upd
 Step     11 Time=  3.96000E+04 Dt=  3.60000E+03 [sec] snes_conv_reason:   11
  newton =   1 [      12] linear =     1 [        12] cuts =  0 [   0]
  --> max chng: dpmx=   2.0556E-02 dtmpmx=   8.5353E-02

== TH FLOW =====================================================================
  0 2r: 3.53E-03 2x: 0.00E+00 2u: 0.00E+00 ir: 3.39E-03 iu: 0.00E+00 rsn:   0
  1 2r: 2.53E-08 2x: 1.23E+06 2u: 2.14E-01 ir: 2.15E-08 iu: 9.63E-02 rsn: itol_upd
 Step     12 Time=  4.32000E+04 Dt=  3.60000E+03 [sec] snes_conv_reason:   11
  newton =   1 [      13] linear =     1 [        13] cuts =  0 [   0]
  --> max chng: dpmx=   2.2502E-02 dtmpmx=   9.6315E-02

 Wall Clock Time:  5.5988E-02 [sec]   9.3313E-04 [min]   1.5552E-05 [hr]
