 Extent of Gridded Domain
  X: 0.0000000000000000 - 1.0000000000000000
  Y: 0.0000000000000000 - 1.0000000000000000
  Z: -0.64000000000000001 - 0.0000000000000000


=+=+=+=+=+=+=+=+=+=+=+=+=+=+=+=+=+=+=+=+=+=+=+=+=+=+=+=+=+=+=+=+=+=+=+=+=+=+=+=+

  Initial Condition

--------------------------------------------------------------------------------
          Flow Condition:   initial
                  Region:   all
--------------------------------------------------------------------------------

  Flow Condition: initial
    Synchronize time with update: no
    Time units: yr
    Length units: m
      Datum:

    Sub Condition: pressure
      Type: hydrostatic
      Gradient:
      Data:
        Dataset: Unnamed Ascii Dataset
          Type: dataset_ascii_type
          Transient: no
          Array Rank:  1

    Sub Condition: temperature
      Type: dirichlet
      Gradient:
      Data:
        Dataset: Unnamed Ascii Dataset
          Type: dataset_ascii_type
          Transient: no
          Array Rank:  1

--------------------------------------------------------------------------------

=+=+=+=+=+=+=+=+=+=+=+=+=+=+=+=+=+=+=+=+=+=+=+=+=+=+=+=+=+=+=+=+=+=+=+=+=+=+=+=+

  Boundary Condition

--------------------------------------------------------------------------------
          Flow Condition:   flow_top
                  Region:   top
--------------------------------------------------------------------------------

  Flow Condition: flow_top
    Synchronize time with update: no
    Time units: yr
    Length units: m
      Datum:

    Sub Condition: pressure
      Type: neumann
      Gradient:
      Data:
        Dataset: Unnamed Ascii Dataset
          Type: dataset_ascii_type
          Transient: no
          Array Rank:  1

    Sub Condition: temperature
      Type: dirichlet
      Gradient:
      Data:
        Dataset: Unnamed Ascii Dataset
          Type: dataset_ascii_type
          Filename: ../pflotran_input/temp_top.dat
          Is transient?: yes
          Number of times:   1001
          Is cyclic?: no
          Buffer:
            Rank:  2
            Dims:    11001
            Buffer Slice Size:   0
          Array Rank:  1

--------------------------------------------------------------------------------

=+=+=+=+=+=+=+=+=+=+=+=+=+=+=+=+=+=+=+=+=+=+=+=+=+=+=+=+=+=+=+=+=+=+=+=+=+=+=+=+

  Boundary Condition

--------------------------------------------------------------------------------
          Flow Condition:   flow_bottom
                  Region:   bottom
--------------------------------------------------------------------------------

  Flow Condition: flow_bottom
    Synchronize time with update: no
    Time units: yr
    Length units: m
      Datum:
        Dataset: Unnamed Ascii Dataset
          Type: dataset_ascii_type
          Transient: no
          Array Rank:  3

    Sub Condition: pressure
      Type: hydrostatic
      Gradient:
      Data:
        Dataset: Unnamed Ascii Dataset
          Type: dataset_ascii_type
          Transient: no
          Array Rank:  1

    Sub Condition: temperature
      Type: dirichlet
      Gradient:
      Data:
        Dataset: Unnamed Ascii Dataset
          Type: dataset_ascii_type
          Filename: ../pflotran_input/temp_bottom.dat
          Is transient?: yes
          Number of times:   1001
          Is cyclic?: no
          Buffer:
            Rank:  2
            Dims:    11001
            Buffer Slice Size:   0
          Array Rank:  1

--------------------------------------------------------------------------------

 Requested processors and decomposition =     1, npx,y,z=   -1  -1  -1
 Actual decomposition: npx,y,z=    1   1   1


FLOW Time Stepper
                 acceleration: on
       acceleration threshold: 8
       number of ramp entries: 8
                ramp entry #1: 2.0000
                ramp entry #2: 2.0000
                ramp entry #3: 2.0000
                ramp entry #4: 2.0000
                ramp entry #5: 2.0000
                ramp entry #6: 1.8000
                ramp entry #7: 1.6000
                ramp entry #8: 1.4000
                ramp entry #9: 1.2000
               ramp entry #10: 1.0000
               ramp entry #11: 1.0000
               ramp entry #12: 1.0000
               ramp entry #13: 1.0000
      maximum number of steps: 999999
constant time steps threshold: 5
       maximum number of cuts: 50
             reduction factor: 5.000000E-01
        maximum growth factor: 2.000000E+00

FLOW Newton Solver
                         atol: 1.000000E-50
                         rtol: 1.000000E-50
                         stol: 1.000000E-60
                         dtol: 1.000000E+20
                      maxnorm: 1.000000E+20
                    inftolres: -9.990000E+02
                    inftolupd: 1.000000E+00
                 inftolrelupd: -9.990000E+02
                 inftolsclres: -9.990000E+02
                     max iter: 20
                     min iter: 1
                         maxf: 10000
                  matrix type: baij
         precond. matrix type: baij
               inexact newton: off
            print convergence: on
   print detailed convergence: off
          check infinity norm: on

FLOW Linear Solver
                       solver: bcgs
               preconditioner: ilu
                         atol: 1.000000E-50
                         rtol: 1.000000E-05
                         dtol: 1.000000E+04
            maximum iteration: 10000

== TH FLOW =====================================================================
  0 2r: 1.53E+03 2x: 0.00E+00 2u: 0.00E+00 ir: 1.41E+03 iu: 0.00E+00 rsn:   0
  1 2r: 1.57E-03 2x: 1.23E+06 2u: 3.91E+05 ir: 1.25E-03 iu: 4.90E+04 rsn:   0
  2 2r: 1.76E-06 2x: 1.23E+06 2u: 1.86E+00 ir: 1.10E-06 iu: 2.84E-01 rsn: itol_upd
 Step      1 Time=  3.60000E+03 Dt=  3.60000E+03 [sec] snes_conv_reason:   11
  newton =   2 [       2] linear =     2 [         2] cuts =  0 [   0]
  --> max chng: dpmx=   4.9033E+04 dtmpmx=   1.5832E-01

== TH FLOW =====================================================================
  0 2r: 6.94E-03 2x: 0.00E+00 2u: 0.00E+00 ir: 4.79E-03 iu: 0.00E+00 rsn:   0
  1 2r: 2.82E-06 2x: 1.23E+06 2u: 5.76E-01 ir: 2.34E-06 iu: 2.29E-01 rsn: itol_upd
 Step      2 Time=  7.20000E+03 Dt=  3.60000E+03 [sec] snes_conv_reason:   11
  newton =   1 [       3] linear =     1 [         3] cuts =  0 [   0]
  --> max chng: dpmx=   1.6453E-01 dtmpmx=   2.2859E-01

== TH FLOW =====================================================================
  0 2r: 1.31E-03 2x: 0.00E+00 2u: 0.00E+00 ir: 1.27E-03 iu: 0.00E+00 rsn:   0
  1 2r: 6.86E-08 2x: 1.23E+06 2u: 9.81E-01 ir: 2.84E-08 iu: 1.43E-01 rsn: itol_upd
 Step      3 Time=  1.08000E+04 Dt=  3.60000E+03 [sec] snes_conv_reason:   11
  newton =   1 [       4] linear =     1 [         4] cuts =  0 [   0]
  --> max chng: dpmx=   1.4259E-01 dtmpmx=   5.2892E-02

== TH FLOW =====================================================================
  0 2r: 1.21E-03 2x: 0.00E+00 2u: 0.00E+00 ir: 1.20E-03 iu: 0.00E+00 rsn:   0
  1 2r: 3.57E-08 2x: 1.23E+06 2u: 8.00E-01 ir: 2.39E-08 iu: 1.25E-01 rsn: itol_upd
 Step      4 Time=  1.44000E+04 Dt=  3.60000E+03 [sec] snes_conv_reason:   11
  newton =   1 [       5] linear =     1 [         5] cuts =  0 [   0]
  --> max chng: dpmx=   1.2496E-01 dtmpmx=   4.3342E-02

== TH FLOW =====================================================================
  0 2r: 1.14E-03 2x: 0.00E+00 2u: 0.00E+00 ir: 1.05E-03 iu: 0.00E+00 rsn:   0
  1 2r: 2.74E-08 2x: 1.23E+06 2u: 5.91E-01 ir: 1.88E-08 iu: 1.04E-01 rsn: itol_upd
 Step      5 Time=  1.80000E+04 Dt=  3.60000E+03 [sec] snes_conv_reason:   11
  newton =   1 [       6] linear =     1 [         6] cuts =  0 [   0]
  --> max chng: dpmx=   1.0428E-01 dtmpmx=   3.8170E-02

== TH FLOW =====================================================================
  0 2r: 1.01E-03 2x: 0.00E+00 2u: 0.00E+00 ir: 9.22E-04 iu: 0.00E+00 rsn:   0
  1 2r: 1.92E-08 2x: 1.23E+06 2u: 3.75E-01 ir: 1.18E-08 iu: 7.69E-02 rsn: itol_upd
 Step      6 Time=  2.16000E+04 Dt=  3.60000E+03 [sec] snes_conv_reason:   11
  newton =   1 [       7] linear =     1 [         7] cuts =  0 [   0]
  --> max chng: dpmx=   7.6882E-02 dtmpmx=   3.2758E-02

== TH FLOW =====================================================================
  0 2r: 9.34E-04 2x: 0.00E+00 2u: 0.00E+00 ir: 6.06E-04 iu: 0.00E+00 rsn:   0
  1 2r: 2.98E-08 2x: 1.23E+06 2u: 1.94E-01 ir: 2.57E-08 iu: 3.74E-02 rsn: itol_upd
 Step      7 Time=  2.52000E+04 Dt=  3.60000E+03 [sec] snes_conv_reason:   11
  newton =   1 [       8] linear =     1 [         8] cuts =  0 [   0]
  --> max chng: dpmx=   3.7397E-02 dtmpmx=   2.4519E-02

== TH FLOW =====================================================================
  0 2r: 5.07E-04 2x: 0.00E+00 2u: 0.00E+00 ir: 3.55E-04 iu: 0.00E+00 rsn:   0
  1 2r: 1.52E-08 2x: 1.23E+06 2u: 2.42E-01 ir: 1.32E-08 iu: 4.38E-02 rsn: itol_upd
 Step      8 Time=  2.88000E+04 Dt=  3.60000E+03 [sec] snes_conv_reason:   11
  newton =   1 [       9] linear =     1 [         9] cuts =  0 [   0]
  --> max chng: dpmx=   4.3812E-02 dtmpmx=   1.8473E-02

== TH FLOW =====================================================================
  0 2r: 8.87E-04 2x: 0.00E+00 2u: 0.00E+00 ir: 5.57E-04 iu: 0.00E+00 rsn:   0
  1 2r: 2.99E-08 2x: 1.23E+06 2u: 4.15E-01 ir: 2.55E-08 iu: 6.70E-02 rsn: itol_upd
 Step      9 Time=  3.24000E+04 Dt=  3.60000E+03 [sec] snes_conv_reason:   11
  newton =   1 [      10] linear =     1 [        10] cuts =  0 [   0]
  --> max chng: dpmx=   6.6972E-02 dtmpmx=   2.4488E-02

== TH FLOW =====================================================================
  0 2r: 1.40E-03 2x: 0.00E+00 2u: 0.00E+00 ir: 1.22E-03 iu: 0.00E+00 rsn:   0
  1 2r: 4.45E-08 2x: 1.23E+06 2u: 5.96E-01 ir: 2.70E-08 iu: 9.48E-02 rsn: itol_upd
 Step     10 Time=  3.60000E+04 Dt=  3.60000E+03 [sec] snes_conv_reason:   11
  newton =   1 [      11] linear =     1 [        11] cuts =  0 [   0]
  --> max chng: dpmx=   9.4842E-02 dtmpmx=   4.4480E-02

== TH FLOW =====================================================================
  0 2r: 2.16E-03 2x: 0.00E+00 2u: 0.00E+00 ir: 2.01E-03 iu: 0.00E+00 rsn:   0
  1 2r: 8.91E-08 2x: 1.23E+06 2u: 7.73E-01 ir: 6.14E-08 iu: 1.27E-01 rsn: itol_upd
 Step     11 Time=  3.96000E+04 Dt=  3.60000E+03 [sec] snes_conv_reason:   11
  newton =   1 [      12] linear =     1 [        12] cuts =  0 [   0]
  --> max chng: dpmx=   1.2745E-01 dtmpmx=   7.1878E-02

== TH FLOW =====================================================================
  0 2r: 2.37E-03 2x: 0.00E+00 2u: 0.00E+00 ir: 2.22E-03 iu: 0.00E+00 rsn:   0
  1 2r: 1.05E-07 2x: 1.23E+06 2u: 9.30E-01 ir: 7.27E-08 iu: 1.61E-01 rsn: itol_upd
 Step     12 Time=  4.32000E+04 Dt=  3.60000E+03 [sec] snes_conv_reason:   11
  newton =   1 [      13] linear =     1 [        13] cuts =  0 [   0]
  --> max chng: dpmx=   1.6120E-01 dtmpmx=   7.9385E-02

 Wall Clock Time:  6.0287E-02 [sec]   1.0048E-03 [min]   1.6746E-05 [hr]
