 Extent of Gridded Domain
  X: 0.0000000000000000 - 1.0000000000000000
  Y: 0.0000000000000000 - 1.0000000000000000
  Z: -0.64000000000000001 - 0.0000000000000000


=+=+=+=+=+=+=+=+=+=+=+=+=+=+=+=+=+=+=+=+=+=+=+=+=+=+=+=+=+=+=+=+=+=+=+=+=+=+=+=+

  Initial Condition

--------------------------------------------------------------------------------
          Flow Condition:   initial
                  Region:   all
--------------------------------------------------------------------------------

  Flow Condition: initial
    Synchronize time with update: no
    Time units: yr
    Length units: m
      Datum:

    Sub Condition: pressure
      Type: hydrostatic
      Gradient:
      Data:
        Dataset: Unnamed Ascii Dataset
          Type: dataset_ascii_type
          Transient: no
          Array Rank:  1

    Sub Condition: temperature
      Type: dirichlet
      Gradient:
      Data:
        Dataset: Unnamed Ascii Dataset
          Type: dataset_ascii_type
          Transient: no
          Array Rank:  1

--------------------------------------------------------------------------------

=+=+=+=+=+=+=+=+=+=+=+=+=+=+=+=+=+=+=+=+=+=+=+=+=+=+=+=+=+=+=+=+=+=+=+=+=+=+=+=+

  Boundary Condition

--------------------------------------------------------------------------------
          Flow Condition:   flow_top
                  Region:   top
--------------------------------------------------------------------------------

  Flow Condition: flow_top
    Synchronize time with update: no
    Time units: yr
    Length units: m
      Datum:

    Sub Condition: pressure
      Type: neumann
      Gradient:
      Data:
        Dataset: Unnamed Ascii Dataset
          Type: dataset_ascii_type
          Transient: no
          Array Rank:  1

    Sub Condition: temperature
      Type: dirichlet
      Gradient:
      Data:
        Dataset: Unnamed Ascii Dataset
          Type: dataset_ascii_type
          Filename: ../pflotran_input/temp_top.dat
          Is transient?: yes
          Number of times:   1001
          Is cyclic?: no
          Buffer:
            Rank:  2
            Dims:    11001
            Buffer Slice Size:   0
          Array Rank:  1

--------------------------------------------------------------------------------

=+=+=+=+=+=+=+=+=+=+=+=+=+=+=+=+=+=+=+=+=+=+=+=+=+=+=+=+=+=+=+=+=+=+=+=+=+=+=+=+

  Boundary Condition

--------------------------------------------------------------------------------
          Flow Condition:   flow_bottom
                  Region:   bottom
--------------------------------------------------------------------------------

  Flow Condition: flow_bottom
    Synchronize time with update: no
    Time units: yr
    Length units: m
      Datum:
        Dataset: Unnamed Ascii Dataset
          Type: dataset_ascii_type
          Transient: no
          Array Rank:  3

    Sub Condition: pressure
      Type: hydrostatic
      Gradient:
      Data:
        Dataset: Unnamed Ascii Dataset
          Type: dataset_ascii_type
          Transient: no
          Array Rank:  1

    Sub Condition: temperature
      Type: dirichlet
      Gradient:
      Data:
        Dataset: Unnamed Ascii Dataset
          Type: dataset_ascii_type
          Filename: ../pflotran_input/temp_bottom.dat
          Is transient?: yes
          Number of times:   1001
          Is cyclic?: no
          Buffer:
            Rank:  2
            Dims:    11001
            Buffer Slice Size:   0
          Array Rank:  1

--------------------------------------------------------------------------------

 Requested processors and decomposition =     1, npx,y,z=   -1  -1  -1
 Actual decomposition: npx,y,z=    1   1   1


FLOW Time Stepper
                 acceleration: on
       acceleration threshold: 8
       number of ramp entries: 8
                ramp entry #1: 2.0000
                ramp entry #2: 2.0000
                ramp entry #3: 2.0000
                ramp entry #4: 2.0000
                ramp entry #5: 2.0000
                ramp entry #6: 1.8000
                ramp entry #7: 1.6000
                ramp entry #8: 1.4000
                ramp entry #9: 1.2000
               ramp entry #10: 1.0000
               ramp entry #11: 1.0000
               ramp entry #12: 1.0000
               ramp entry #13: 1.0000
      maximum number of steps: 999999
constant time steps threshold: 5
       maximum number of cuts: 50
             reduction factor: 5.000000E-01
        maximum growth factor: 2.000000E+00

FLOW Newton Solver
                         atol: 1.000000E-50
                         rtol: 1.000000E-50
                         stol: 1.000000E-60
                         dtol: 1.000000E+20
                      maxnorm: 1.000000E+20
                    inftolres: -9.990000E+02
                    inftolupd: 1.000000E+00
                 inftolrelupd: -9.990000E+02
                 inftolsclres: -9.990000E+02
                     max iter: 20
                     min iter: 1
                         maxf: 10000
                  matrix type: baij
         precond. matrix type: baij
               inexact newton: off
            print convergence: on
   print detailed convergence: off
          check infinity norm: on

FLOW Linear Solver
                       solver: bcgs
               preconditioner: ilu
                         atol: 1.000000E-50
                         rtol: 1.000000E-05
                         dtol: 1.000000E+04
            maximum iteration: 10000

== TH FLOW =====================================================================
  0 2r: 1.53E+03 2x: 0.00E+00 2u: 0.00E+00 ir: 1.41E+03 iu: 0.00E+00 rsn:   0
  1 2r: 2.21E-04 2x: 1.23E+06 2u: 3.92E+05 ir: 1.59E-04 iu: 4.90E+04 rsn:   0
  2 2r: 3.64E-08 2x: 1.23E+06 2u: 1.44E-01 ir: 2.64E-08 iu: 2.71E-02 rsn: itol_upd
 Step      1 Time=  3.60000E+03 Dt=  3.60000E+03 [sec] snes_conv_reason:   11
  newton =   2 [       2] linear =     2 [         2] cuts =  0 [   0]
  --> max chng: dpmx=   4.9035E+04 dtmpmx=   1.4876E-01

== TH FLOW =====================================================================
  0 2r: 6.57E-03 2x: 0.00E+00 2u: 0.00E+00 ir: 5.30E-03 iu: 0.00E+00 rsn:   0
  1 2r: 1.60E-07 2x: 1.23E+06 2u: 1.28E+00 ir: 1.42E-07 iu: 2.12E-01 rsn: itol_upd
 Step      2 Time=  7.20000E+03 Dt=  3.60000E+03 [sec] snes_conv_reason:   11
  newton =   1 [       3] linear =     1 [         3] cuts =  0 [   0]
  --> max chng: dpmx=   1.8220E-01 dtmpmx=   2.1158E-01

== TH FLOW =====================================================================
  0 2r: 1.34E-03 2x: 0.00E+00 2u: 0.00E+00 ir: 1.32E-03 iu: 0.00E+00 rsn:   0
  1 2r: 1.57E-08 2x: 1.23E+06 2u: 1.28E-01 ir: 1.18E-08 iu: 5.02E-02 rsn: itol_upd
 Step      3 Time=  1.08000E+04 Dt=  3.60000E+03 [sec] snes_conv_reason:   11
  newton =   1 [       4] linear =     1 [         4] cuts =  0 [   0]
  --> max chng: dpmx=   8.4740E-03 dtmpmx=   5.0233E-02

== TH FLOW =====================================================================
  0 2r: 1.26E-03 2x: 0.00E+00 2u: 0.00E+00 ir: 1.26E-03 iu: 0.00E+00 rsn:   0
  1 2r: 1.27E-08 2x: 1.23E+06 2u: 1.18E-01 ir: 1.07E-08 iu: 5.12E-02 rsn: itol_upd
 Step      4 Time=  1.44000E+04 Dt=  3.60000E+03 [sec] snes_conv_reason:   11
  newton =   1 [       5] linear =     1 [         5] cuts =  0 [   0]
  --> max chng: dpmx=   8.5527E-03 dtmpmx=   5.1220E-02

== TH FLOW =====================================================================
  0 2r: 1.17E-03 2x: 0.00E+00 2u: 0.00E+00 ir: 1.11E-03 iu: 0.00E+00 rsn:   0
  1 2r: 9.49E-09 2x: 1.23E+06 2u: 1.45E-01 ir: 8.22E-09 iu: 4.62E-02 rsn: itol_upd
 Step      5 Time=  1.80000E+04 Dt=  3.60000E+03 [sec] snes_conv_reason:   11
  newton =   1 [       6] linear =     1 [         6] cuts =  0 [   0]
  --> max chng: dpmx=   1.4912E-02 dtmpmx=   4.6224E-02

== TH FLOW =====================================================================
  0 2r: 1.04E-03 2x: 0.00E+00 2u: 0.00E+00 ir: 9.68E-04 iu: 0.00E+00 rsn:   0
  1 2r: 7.12E-09 2x: 1.23E+06 2u: 1.31E-01 ir: 6.24E-09 iu: 4.10E-02 rsn: itol_upd
 Step      6 Time=  2.16000E+04 Dt=  3.60000E+03 [sec] snes_conv_reason:   11
  newton =   1 [       7] linear =     1 [         7] cuts =  0 [   0]
  --> max chng: dpmx=   1.3053E-02 dtmpmx=   4.0984E-02

== TH FLOW =====================================================================
  0 2r: 9.30E-04 2x: 0.00E+00 2u: 0.00E+00 ir: 6.39E-04 iu: 0.00E+00 rsn:   0
  1 2r: 3.07E-09 2x: 1.23E+06 2u: 1.66E-01 ir: 2.64E-09 iu: 2.80E-02 rsn: itol_upd
 Step      7 Time=  2.52000E+04 Dt=  3.60000E+03 [sec] snes_conv_reason:   11
  newton =   1 [       8] linear =     1 [         8] cuts =  0 [   0]
  --> max chng: dpmx=   2.0090E-02 dtmpmx=   2.8040E-02

== TH FLOW =====================================================================
  0 2r: 4.82E-04 2x: 0.00E+00 2u: 0.00E+00 ir: 3.91E-04 iu: 0.00E+00 rsn:   0
  1 2r: 9.14E-10 2x: 1.23E+06 2u: 1.04E-01 ir: 6.95E-10 iu: 1.71E-02 rsn: itol_upd
 Step      8 Time=  2.88000E+04 Dt=  3.60000E+03 [sec] snes_conv_reason:   11
  newton =   1 [       9] linear =     1 [         9] cuts =  0 [   0]
  --> max chng: dpmx=   1.3475E-02 dtmpmx=   1.7091E-02

== TH FLOW =====================================================================
  0 2r: 8.68E-04 2x: 0.00E+00 2u: 0.00E+00 ir: 5.76E-04 iu: 0.00E+00 rsn:   0
  1 2r: 3.15E-09 2x: 1.23E+06 2u: 1.32E-01 ir: 2.20E-09 iu: 2.35E-02 rsn: itol_upd
 Step      9 Time=  3.24000E+04 Dt=  3.60000E+03 [sec] snes_conv_reason:   11
  newton =   1 [      10] linear =     1 [        10] cuts =  0 [   0]
  --> max chng: dpmx=   1.8847E-02 dtmpmx=   2.3544E-02

== TH FLOW =====================================================================
  0 2r: 1.42E-03 2x: 0.00E+00 2u: 0.00E+00 ir: 1.27E-03 iu: 0.00E+00 rsn:   0
  1 2r: 1.36E-08 2x: 1.23E+06 2u: 1.40E-01 ir: 1.10E-08 iu: 4.97E-02 rsn: itol_upd
 Step     10 Time=  3.60000E+04 Dt=  3.60000E+03 [sec] snes_conv_reason:   11
  newton =   1 [      11] linear =     1 [        11] cuts =  0 [   0]
  --> max chng: dpmx=   1.8200E-02 dtmpmx=   4.9674E-02

== TH FLOW =====================================================================
  0 2r: 2.22E-03 2x: 0.00E+00 2u: 0.00E+00 ir: 2.09E-03 iu: 0.00E+00 rsn:   0
  1 2r: 3.60E-08 2x: 1.23E+06 2u: 1.88E-01 ir: 2.98E-08 iu: 8.36E-02 rsn: itol_upd
 Step     11 Time=  3.96000E+04 Dt=  3.60000E+03 [sec] snes_conv_reason:   11
  newton =   1 [      12] linear =     1 [        12] cuts =  0 [   0]
  --> max chng: dpmx=   2.0659E-02 dtmpmx=   8.3614E-02

== TH FLOW =====================================================================
  0 2r: 2.44E-03 2x: 0.00E+00 2u: 0.00E+00 ir: 2.33E-03 iu: 0.00E+00 rsn:   0
  1 2r: 4.33E-08 2x: 1.23E+06 2u: 2.09E-01 ir: 3.66E-08 iu: 9.49E-02 rsn: itol_upd
 Step     12 Time=  4.32000E+04 Dt=  3.60000E+03 [sec] snes_conv_reason:   11
  newton =   1 [      13] linear =     1 [        13] cuts =  0 [   0]
  --> max chng: dpmx=   2.1670E-02 dtmpmx=   9.4859E-02

 Wall Clock Time:  5.3979E-02 [sec]   8.9965E-04 [min]   1.4994E-05 [hr]
