 Extent of Gridded Domain
  X: 0.0000000000000000 - 1.0000000000000000
  Y: 0.0000000000000000 - 1.0000000000000000
  Z: -0.64000000000000001 - 0.0000000000000000


=+=+=+=+=+=+=+=+=+=+=+=+=+=+=+=+=+=+=+=+=+=+=+=+=+=+=+=+=+=+=+=+=+=+=+=+=+=+=+=+

  Initial Condition

--------------------------------------------------------------------------------
          Flow Condition:   initial
                  Region:   all
--------------------------------------------------------------------------------

  Flow Condition: initial
    Synchronize time with update: no
    Time units: yr
    Length units: m
      Datum:

    Sub Condition: pressure
      Type: hydrostatic
      Gradient:
      Data:
        Dataset: Unnamed Ascii Dataset
          Type: dataset_ascii_type
          Transient: no
          Array Rank:  1

    Sub Condition: temperature
      Type: dirichlet
      Gradient:
      Data:
        Dataset: Unnamed Ascii Dataset
          Type: dataset_ascii_type
          Transient: no
          Array Rank:  1

--------------------------------------------------------------------------------

=+=+=+=+=+=+=+=+=+=+=+=+=+=+=+=+=+=+=+=+=+=+=+=+=+=+=+=+=+=+=+=+=+=+=+=+=+=+=+=+

  Boundary Condition

--------------------------------------------------------------------------------
          Flow Condition:   flow_top
                  Region:   top
--------------------------------------------------------------------------------

  Flow Condition: flow_top
    Synchronize time with update: no
    Time units: yr
    Length units: m
      Datum:

    Sub Condition: pressure
      Type: neumann
      Gradient:
      Data:
        Dataset: Unnamed Ascii Dataset
          Type: dataset_ascii_type
          Transient: no
          Array Rank:  1

    Sub Condition: temperature
      Type: dirichlet
      Gradient:
      Data:
        Dataset: Unnamed Ascii Dataset
          Type: dataset_ascii_type
          Filename: ../pflotran_input/temp_top.dat
          Is transient?: yes
          Number of times:   1001
          Is cyclic?: no
          Buffer:
            Rank:  2
            Dims:    11001
            Buffer Slice Size:   0
          Array Rank:  1

--------------------------------------------------------------------------------

=+=+=+=+=+=+=+=+=+=+=+=+=+=+=+=+=+=+=+=+=+=+=+=+=+=+=+=+=+=+=+=+=+=+=+=+=+=+=+=+

  Boundary Condition

--------------------------------------------------------------------------------
          Flow Condition:   flow_bottom
                  Region:   bottom
--------------------------------------------------------------------------------

  Flow Condition: flow_bottom
    Synchronize time with update: no
    Time units: yr
    Length units: m
      Datum:
        Dataset: Unnamed Ascii Dataset
          Type: dataset_ascii_type
          Transient: no
          Array Rank:  3

    Sub Condition: pressure
      Type: hydrostatic
      Gradient:
      Data:
        Dataset: Unnamed Ascii Dataset
          Type: dataset_ascii_type
          Transient: no
          Array Rank:  1

    Sub Condition: temperature
      Type: dirichlet
      Gradient:
      Data:
        Dataset: Unnamed Ascii Dataset
          Type: dataset_ascii_type
          Filename: ../pflotran_input/temp_bottom.dat
          Is transient?: yes
          Number of times:   1001
          Is cyclic?: no
          Buffer:
            Rank:  2
            Dims:    11001
            Buffer Slice Size:   0
          Array Rank:  1

--------------------------------------------------------------------------------

 Requested processors and decomposition =     1, npx,y,z=   -1  -1  -1
 Actual decomposition: npx,y,z=    1   1   1


FLOW Time Stepper
                 acceleration: on
       acceleration threshold: 8
       number of ramp entries: 8
                ramp entry #1: 2.0000
                ramp entry #2: 2.0000
                ramp entry #3: 2.0000
                ramp entry #4: 2.0000
                ramp entry #5: 2.0000
                ramp entry #6: 1.8000
                ramp entry #7: 1.6000
                ramp entry #8: 1.4000
                ramp entry #9: 1.2000
               ramp entry #10: 1.0000
               ramp entry #11: 1.0000
               ramp entry #12: 1.0000
               ramp entry #13: 1.0000
      maximum number of steps: 999999
constant time steps threshold: 5
       maximum number of cuts: 50
             reduction factor: 5.000000E-01
        maximum growth factor: 2.000000E+00

FLOW Newton Solver
                         atol: 1.000000E-50
                         rtol: 1.000000E-50
                         stol: 1.000000E-60
                         dtol: 1.000000E+20
                      maxnorm: 1.000000E+20
                    inftolres: -9.990000E+02
                    inftolupd: 1.000000E+00
                 inftolrelupd: -9.990000E+02
                 inftolsclres: -9.990000E+02
                     max iter: 20
                     min iter: 1
                         maxf: 10000
                  matrix type: baij
         precond. matrix type: baij
               inexact newton: off
            print convergence: on
   print detailed convergence: off
          check infinity norm: on

FLOW Linear Solver
                       solver: bcgs
               preconditioner: ilu
                         atol: 1.000000E-50
                         rtol: 1.000000E-05
                         dtol: 1.000000E+04
            maximum iteration: 10000

== TH FLOW =====================================================================
  0 2r: 1.53E+03 2x: 0.00E+00 2u: 0.00E+00 ir: 1.41E+03 iu: 0.00E+00 rsn:   0
  1 2r: 9.37E-04 2x: 1.23E+06 2u: 3.93E+05 ir: 6.60E-04 iu: 4.92E+04 rsn:   0
  2 2r: 3.27E-07 2x: 1.23E+06 2u: 4.52E-01 ir: 2.16E-07 iu: 1.51E-01 rsn: itol_upd
 Step      1 Time=  3.60000E+03 Dt=  3.60000E+03 [sec] snes_conv_reason:   11
  newton =   2 [       2] linear =     2 [         2] cuts =  0 [   0]
  --> max chng: dpmx=   4.9236E+04 dtmpmx=   1.5662E-01

== TH FLOW =====================================================================
  0 2r: 9.69E-03 2x: 0.00E+00 2u: 0.00E+00 ir: 7.12E-03 iu: 0.00E+00 rsn:   0
  1 2r: 1.03E-04 2x: 1.23E+06 2u: 1.74E+00 ir: 9.71E-05 iu: 2.31E-01 rsn: itol_upd
 Step      2 Time=  7.20000E+03 Dt=  3.60000E+03 [sec] snes_conv_reason:   11
  newton =   1 [       3] linear =     1 [         3] cuts =  0 [   0]
  --> max chng: dpmx=   2.3144E-01 dtmpmx=   2.0527E-01

== TH FLOW =====================================================================
  0 2r: 2.54E-03 2x: 0.00E+00 2u: 0.00E+00 ir: 2.52E-03 iu: 0.00E+00 rsn:   0
  1 2r: 1.58E-07 2x: 1.23E+06 2u: 2.09E-01 ir: 1.26E-07 iu: 5.65E-02 rsn: itol_upd
 Step      3 Time=  1.08000E+04 Dt=  3.60000E+03 [sec] snes_conv_reason:   11
  newton =   1 [       4] linear =     1 [         4] cuts =  0 [   0]
  --> max chng: dpmx=   5.6481E-02 dtmpmx=   5.6086E-02

== TH FLOW =====================================================================
  0 2r: 2.34E-03 2x: 0.00E+00 2u: 0.00E+00 ir: 2.33E-03 iu: 0.00E+00 rsn:   0
  1 2r: 1.41E-07 2x: 1.23E+06 2u: 3.29E-01 ir: 1.25E-07 iu: 9.29E-02 rsn: itol_upd
 Step      4 Time=  1.44000E+04 Dt=  3.60000E+03 [sec] snes_conv_reason:   11
  newton =   1 [       5] linear =     1 [         5] cuts =  0 [   0]
  --> max chng: dpmx=   9.2923E-02 dtmpmx=   5.4986E-02

== TH FLOW =====================================================================
  0 2r: 2.12E-03 2x: 0.00E+00 2u: 0.00E+00 ir: 2.05E-03 iu: 0.00E+00 rsn:   0
  1 2r: 4.10E-07 2x: 1.23E+06 2u: 4.90E-01 ir: 3.74E-07 iu: 1.26E-01 rsn: itol_upd
 Step      5 Time=  1.80000E+04 Dt=  3.60000E+03 [sec] snes_conv_reason:   11
  newton =   1 [       6] linear =     1 [         6] cuts =  0 [   0]
  --> max chng: dpmx=   1.2621E-01 dtmpmx=   4.9092E-02

== TH FLOW =====================================================================
  0 2r: 1.87E-03 2x: 0.00E+00 2u: 0.00E+00 ir: 1.79E-03 iu: 0.00E+00 rsn:   0
  1 2r: 4.19E-07 2x: 1.23E+06 2u: 5.75E-01 ir: 3.89E-07 iu: 1.42E-01 rsn: itol_upd
 Step      6 Time=  2.16000E+04 Dt=  3.60000E+03 [sec] snes_conv_reason:   11
  newton =   1 [       7] linear =     1 [         7] cuts =  0 [   0]
  --> max chng: dpmx=   1.4194E-01 dtmpmx=   4.3670E-02

== TH FLOW =====================================================================
  0 2r: 1.50E-03 2x: 0.00E+00 2u: 0.00E+00 ir: 1.18E-03 iu: 0.00E+00 rsn:   0
  1 2r: 1.26E-06 2x: 1.23E+06 2u: 7.09E-01 ir: 1.19E-06 iu: 1.58E-01 rsn: itol_upd
 Step      7 Time=  2.52000E+04 Dt=  3.60000E+03 [sec] snes_conv_reason:   11
  newton =   1 [       8] linear =     1 [         8] cuts =  0 [   0]
  --> max chng: dpmx=   1.5813E-01 dtmpmx=   3.6947E-02

== TH FLOW =====================================================================
  0 2r: 6.91E-04 2x: 0.00E+00 2u: 0.00E+00 ir: 4.98E-04 iu: 0.00E+00 rsn:   0
  1 2r: 6.23E-07 2x: 1.23E+06 2u: 6.78E-01 ir: 5.91E-07 iu: 1.40E-01 rsn: itol_upd
 Step      8 Time=  2.88000E+04 Dt=  3.60000E+03 [sec] snes_conv_reason:   11
  newton =   1 [       9] linear =     1 [         9] cuts =  0 [   0]
  --> max chng: dpmx=   1.4041E-01 dtmpmx=   3.1591E-02

== TH FLOW =====================================================================
  0 2r: 1.42E-03 2x: 0.00E+00 2u: 0.00E+00 ir: 1.09E-03 iu: 0.00E+00 rsn:   0
  1 2r: 1.21E-06 2x: 1.23E+06 2u: 7.07E-01 ir: 1.14E-06 iu: 1.27E-01 rsn: itol_upd
 Step      9 Time=  3.24000E+04 Dt=  3.60000E+03 [sec] snes_conv_reason:   11
  newton =   1 [      10] linear =     1 [        10] cuts =  0 [   0]
  --> max chng: dpmx=   1.2700E-01 dtmpmx=   2.7292E-02

== TH FLOW =====================================================================
  0 2r: 2.55E-03 2x: 0.00E+00 2u: 0.00E+00 ir: 2.38E-03 iu: 0.00E+00 rsn:   0
  1 2r: 1.19E-06 2x: 1.23E+06 2u: 6.50E-01 ir: 1.12E-06 iu: 1.08E-01 rsn: itol_upd
 Step     10 Time=  3.60000E+04 Dt=  3.60000E+03 [sec] snes_conv_reason:   11
  newton =   1 [      11] linear =     1 [        11] cuts =  0 [   0]
  --> max chng: dpmx=   1.0815E-01 dtmpmx=   5.4691E-02

== TH FLOW =====================================================================
  0 2r: 4.05E-03 2x: 0.00E+00 2u: 0.00E+00 ir: 3.91E-03 iu: 0.00E+00 rsn:   0
  1 2r: 1.61E-06 2x: 1.23E+06 2u: 6.06E-01 ir: 1.48E-06 iu: 9.42E-02 rsn: itol_upd
 Step     11 Time=  3.96000E+04 Dt=  3.60000E+03 [sec] snes_conv_reason:   11
  newton =   1 [      12] linear =     1 [        12] cuts =  0 [   0]
  --> max chng: dpmx=   9.4197E-02 dtmpmx=   9.1017E-02

== TH FLOW =====================================================================
  0 2r: 4.46E-03 2x: 0.00E+00 2u: 0.00E+00 ir: 4.33E-03 iu: 0.00E+00 rsn:   0
  1 2r: 1.68E-06 2x: 1.23E+06 2u: 5.48E-01 ir: 1.52E-06 iu: 1.02E-01 rsn: itol_upd
 Step     12 Time=  4.32000E+04 Dt=  3.60000E+03 [sec] snes_conv_reason:   11
  newton =   1 [      13] linear =     1 [        13] cuts =  0 [   0]
  --> max chng: dpmx=   7.8564E-02 dtmpmx=   1.0216E-01

 Wall Clock Time:  5.5855E-02 [sec]   9.3092E-04 [min]   1.5515E-05 [hr]
