 Extent of Gridded Domain
  X: 0.0000000000000000 - 1.0000000000000000
  Y: 0.0000000000000000 - 1.0000000000000000
  Z: -0.64000000000000001 - 0.0000000000000000


=+=+=+=+=+=+=+=+=+=+=+=+=+=+=+=+=+=+=+=+=+=+=+=+=+=+=+=+=+=+=+=+=+=+=+=+=+=+=+=+

  Initial Condition

--------------------------------------------------------------------------------
          Flow Condition:   initial
                  Region:   all
--------------------------------------------------------------------------------

  Flow Condition: initial
    Synchronize time with update: no
    Time units: yr
    Length units: m
      Datum:

    Sub Condition: pressure
      Type: hydrostatic
      Gradient:
      Data:
        Dataset: Unnamed Ascii Dataset
          Type: dataset_ascii_type
          Transient: no
          Array Rank:  1

    Sub Condition: temperature
      Type: dirichlet
      Gradient:
      Data:
        Dataset: Unnamed Ascii Dataset
          Type: dataset_ascii_type
          Transient: no
          Array Rank:  1

--------------------------------------------------------------------------------

=+=+=+=+=+=+=+=+=+=+=+=+=+=+=+=+=+=+=+=+=+=+=+=+=+=+=+=+=+=+=+=+=+=+=+=+=+=+=+=+

  Boundary Condition

--------------------------------------------------------------------------------
          Flow Condition:   flow_top
                  Region:   top
--------------------------------------------------------------------------------

  Flow Condition: flow_top
    Synchronize time with update: no
    Time units: yr
    Length units: m
      Datum:

    Sub Condition: pressure
      Type: neumann
      Gradient:
      Data:
        Dataset: Unnamed Ascii Dataset
          Type: dataset_ascii_type
          Transient: no
          Array Rank:  1

    Sub Condition: temperature
      Type: dirichlet
      Gradient:
      Data:
        Dataset: Unnamed Ascii Dataset
          Type: dataset_ascii_type
          Filename: ../pflotran_input/temp_top.dat
          Is transient?: yes
          Number of times:   1001
          Is cyclic?: no
          Buffer:
            Rank:  2
            Dims:    11001
            Buffer Slice Size:   0
          Array Rank:  1

--------------------------------------------------------------------------------

=+=+=+=+=+=+=+=+=+=+=+=+=+=+=+=+=+=+=+=+=+=+=+=+=+=+=+=+=+=+=+=+=+=+=+=+=+=+=+=+

  Boundary Condition

--------------------------------------------------------------------------------
          Flow Condition:   flow_bottom
                  Region:   bottom
--------------------------------------------------------------------------------

  Flow Condition: flow_bottom
    Synchronize time with update: no
    Time units: yr
    Length units: m
      Datum:
        Dataset: Unnamed Ascii Dataset
          Type: dataset_ascii_type
          Transient: no
          Array Rank:  3

    Sub Condition: pressure
      Type: hydrostatic
      Gradient:
      Data:
        Dataset: Unnamed Ascii Dataset
          Type: dataset_ascii_type
          Transient: no
          Array Rank:  1

    Sub Condition: temperature
      Type: dirichlet
      Gradient:
      Data:
        Dataset: Unnamed Ascii Dataset
          Type: dataset_ascii_type
          Filename: ../pflotran_input/temp_bottom.dat
          Is transient?: yes
          Number of times:   1001
          Is cyclic?: no
          Buffer:
            Rank:  2
            Dims:    11001
            Buffer Slice Size:   0
          Array Rank:  1

--------------------------------------------------------------------------------

 Requested processors and decomposition =     1, npx,y,z=   -1  -1  -1
 Actual decomposition: npx,y,z=    1   1   1


FLOW Time Stepper
                 acceleration: on
       acceleration threshold: 8
       number of ramp entries: 8
                ramp entry #1: 2.0000
                ramp entry #2: 2.0000
                ramp entry #3: 2.0000
                ramp entry #4: 2.0000
                ramp entry #5: 2.0000
                ramp entry #6: 1.8000
                ramp entry #7: 1.6000
                ramp entry #8: 1.4000
                ramp entry #9: 1.2000
               ramp entry #10: 1.0000
               ramp entry #11: 1.0000
               ramp entry #12: 1.0000
               ramp entry #13: 1.0000
      maximum number of steps: 999999
constant time steps threshold: 5
       maximum number of cuts: 50
             reduction factor: 5.000000E-01
        maximum growth factor: 2.000000E+00

FLOW Newton Solver
                         atol: 1.000000E-50
                         rtol: 1.000000E-50
                         stol: 1.000000E-60
                         dtol: 1.000000E+20
                      maxnorm: 1.000000E+20
                    inftolres: -9.990000E+02
                    inftolupd: 1.000000E+00
                 inftolrelupd: -9.990000E+02
                 inftolsclres: -9.990000E+02
                     max iter: 20
                     min iter: 1
                         maxf: 10000
                  matrix type: baij
         precond. matrix type: baij
               inexact newton: off
            print convergence: on
   print detailed convergence: off
          check infinity norm: on

FLOW Linear Solver
                       solver: bcgs
               preconditioner: ilu
                         atol: 1.000000E-50
                         rtol: 1.000000E-05
                         dtol: 1.000000E+04
            maximum iteration: 10000

== TH FLOW =====================================================================
  0 2r: 1.53E+03 2x: 0.00E+00 2u: 0.00E+00 ir: 1.41E+03 iu: 0.00E+00 rsn:   0
  1 2r: 4.36E-04 2x: 1.23E+06 2u: 3.93E+05 ir: 3.02E-04 iu: 4.91E+04 rsn:   0
  2 2r: 6.08E-08 2x: 1.23E+06 2u: 2.56E-01 ir: 4.07E-08 iu: 7.34E-02 rsn: itol_upd
 Step      1 Time=  3.60000E+03 Dt=  3.60000E+03 [sec] snes_conv_reason:   11
  newton =   2 [       2] linear =     2 [         2] cuts =  0 [   0]
  --> max chng: dpmx=   4.9131E+04 dtmpmx=   1.5528E-01

== TH FLOW =====================================================================
  0 2r: 1.20E-02 2x: 0.00E+00 2u: 0.00E+00 ir: 9.69E-03 iu: 0.00E+00 rsn:   0
  1 2r: 1.08E-04 2x: 1.23E+06 2u: 1.64E+00 ir: 1.02E-04 iu: 2.16E-01 rsn: itol_upd
 Step      2 Time=  7.20000E+03 Dt=  3.60000E+03 [sec] snes_conv_reason:   11
  newton =   1 [       3] linear =     1 [         3] cuts =  0 [   0]
  --> max chng: dpmx=   2.1159E-01 dtmpmx=   2.1567E-01

== TH FLOW =====================================================================
  0 2r: 3.07E-03 2x: 0.00E+00 2u: 0.00E+00 ir: 3.05E-03 iu: 0.00E+00 rsn:   0
  1 2r: 1.02E-07 2x: 1.23E+06 2u: 1.47E-01 ir: 7.55E-08 iu: 5.60E-02 rsn: itol_upd
 Step      3 Time=  1.08000E+04 Dt=  3.60000E+03 [sec] snes_conv_reason:   11
  newton =   1 [       4] linear =     1 [         4] cuts =  0 [   0]
  --> max chng: dpmx=   1.4962E-02 dtmpmx=   5.5965E-02

== TH FLOW =====================================================================
  0 2r: 2.81E-03 2x: 0.00E+00 2u: 0.00E+00 ir: 2.81E-03 iu: 0.00E+00 rsn:   0
  1 2r: 8.57E-08 2x: 1.23E+06 2u: 1.70E-01 ir: 7.54E-08 iu: 5.45E-02 rsn: itol_upd
 Step      4 Time=  1.44000E+04 Dt=  3.60000E+03 [sec] snes_conv_reason:   11
  newton =   1 [       5] linear =     1 [         5] cuts =  0 [   0]
  --> max chng: dpmx=   3.0745E-02 dtmpmx=   5.4466E-02

== TH FLOW =====================================================================
  0 2r: 2.55E-03 2x: 0.00E+00 2u: 0.00E+00 ir: 2.46E-03 iu: 0.00E+00 rsn:   0
  1 2r: 4.06E-07 2x: 1.23E+06 2u: 2.41E-01 ir: 3.79E-07 iu: 4.93E-02 rsn: itol_upd
 Step      5 Time=  1.80000E+04 Dt=  3.60000E+03 [sec] snes_conv_reason:   11
  newton =   1 [       6] linear =     1 [         6] cuts =  0 [   0]
  --> max chng: dpmx=   4.9290E-02 dtmpmx=   4.8652E-02

== TH FLOW =====================================================================
  0 2r: 2.25E-03 2x: 0.00E+00 2u: 0.00E+00 ir: 2.15E-03 iu: 0.00E+00 rsn:   0
  1 2r: 4.15E-07 2x: 1.23E+06 2u: 2.67E-01 ir: 3.90E-07 iu: 5.47E-02 rsn: itol_upd
 Step      6 Time=  2.16000E+04 Dt=  3.60000E+03 [sec] snes_conv_reason:   11
  newton =   1 [       7] linear =     1 [         7] cuts =  0 [   0]
  --> max chng: dpmx=   5.4681E-02 dtmpmx=   4.2933E-02

== TH FLOW =====================================================================
  0 2r: 1.81E-03 2x: 0.00E+00 2u: 0.00E+00 ir: 1.41E-03 iu: 0.00E+00 rsn:   0
  1 2r: 1.27E-06 2x: 1.23E+06 2u: 3.47E-01 ir: 1.21E-06 iu: 6.64E-02 rsn: itol_upd
 Step      7 Time=  2.52000E+04 Dt=  3.60000E+03 [sec] snes_conv_reason:   11
  newton =   1 [       8] linear =     1 [         8] cuts =  0 [   0]
  --> max chng: dpmx=   6.6413E-02 dtmpmx=   3.2970E-02

== TH FLOW =====================================================================
  0 2r: 8.32E-04 2x: 0.00E+00 2u: 0.00E+00 ir: 6.76E-04 iu: 0.00E+00 rsn:   0
  1 2r: 6.20E-07 2x: 1.23E+06 2u: 2.96E-01 ir: 5.88E-07 iu: 5.50E-02 rsn: itol_upd
 Step      8 Time=  2.88000E+04 Dt=  3.60000E+03 [sec] snes_conv_reason:   11
  newton =   1 [       9] linear =     1 [         9] cuts =  0 [   0]
  --> max chng: dpmx=   5.4955E-02 dtmpmx=   2.5530E-02

== TH FLOW =====================================================================
  0 2r: 1.73E-03 2x: 0.00E+00 2u: 0.00E+00 ir: 1.32E-03 iu: 0.00E+00 rsn:   0
  1 2r: 1.21E-06 2x: 1.23E+06 2u: 3.34E-01 ir: 1.15E-06 iu: 5.41E-02 rsn: itol_upd
 Step      9 Time=  3.24000E+04 Dt=  3.60000E+03 [sec] snes_conv_reason:   11
  newton =   1 [      10] linear =     1 [        10] cuts =  0 [   0]
  --> max chng: dpmx=   5.4061E-02 dtmpmx=   2.3529E-02

== TH FLOW =====================================================================
  0 2r: 3.08E-03 2x: 0.00E+00 2u: 0.00E+00 ir: 2.87E-03 iu: 0.00E+00 rsn:   0
  1 2r: 1.18E-06 2x: 1.23E+06 2u: 3.29E-01 ir: 1.12E-06 iu: 5.39E-02 rsn: itol_upd
 Step     10 Time=  3.60000E+04 Dt=  3.60000E+03 [sec] snes_conv_reason:   11
  newton =   1 [      11] linear =     1 [        11] cuts =  0 [   0]
  --> max chng: dpmx=   4.8135E-02 dtmpmx=   5.3935E-02

== TH FLOW =====================================================================
  0 2r: 4.89E-03 2x: 0.00E+00 2u: 0.00E+00 ir: 4.71E-03 iu: 0.00E+00 rsn:   0
  1 2r: 1.58E-06 2x: 1.23E+06 2u: 3.68E-01 ir: 1.48E-06 iu: 8.99E-02 rsn: itol_upd
 Step     11 Time=  3.96000E+04 Dt=  3.60000E+03 [sec] snes_conv_reason:   11
  newton =   1 [      12] linear =     1 [        12] cuts =  0 [   0]
  --> max chng: dpmx=   4.6889E-02 dtmpmx=   8.9922E-02

== TH FLOW =====================================================================
  0 2r: 5.38E-03 2x: 0.00E+00 2u: 0.00E+00 ir: 5.20E-03 iu: 0.00E+00 rsn:   0
  1 2r: 1.63E-06 2x: 1.23E+06 2u: 3.84E-01 ir: 1.52E-06 iu: 1.01E-01 rsn: itol_upd
 Step     12 Time=  4.32000E+04 Dt=  3.60000E+03 [sec] snes_conv_reason:   11
  newton =   1 [      13] linear =     1 [        13] cuts =  0 [   0]
  --> max chng: dpmx=   4.3556E-02 dtmpmx=   1.0095E-01

 Wall Clock Time:  7.1498E-02 [sec]   1.1916E-03 [min]   1.9861E-05 [hr]
