 Extent of Gridded Domain
  X: 0.0000000000000000 - 1.0000000000000000
  Y: 0.0000000000000000 - 1.0000000000000000
  Z: -0.64000000000000001 - 0.0000000000000000


=+=+=+=+=+=+=+=+=+=+=+=+=+=+=+=+=+=+=+=+=+=+=+=+=+=+=+=+=+=+=+=+=+=+=+=+=+=+=+=+

  Initial Condition

--------------------------------------------------------------------------------
          Flow Condition:   initial
                  Region:   all
--------------------------------------------------------------------------------

  Flow Condition: initial
    Synchronize time with update: no
    Time units: yr
    Length units: m
      Datum:

    Sub Condition: pressure
      Type: hydrostatic
      Gradient:
      Data:
        Dataset: Unnamed Ascii Dataset
          Type: dataset_ascii_type
          Transient: no
          Array Rank:  1

    Sub Condition: temperature
      Type: dirichlet
      Gradient:
      Data:
        Dataset: Unnamed Ascii Dataset
          Type: dataset_ascii_type
          Transient: no
          Array Rank:  1

--------------------------------------------------------------------------------

=+=+=+=+=+=+=+=+=+=+=+=+=+=+=+=+=+=+=+=+=+=+=+=+=+=+=+=+=+=+=+=+=+=+=+=+=+=+=+=+

  Boundary Condition

--------------------------------------------------------------------------------
          Flow Condition:   flow_top
                  Region:   top
--------------------------------------------------------------------------------

  Flow Condition: flow_top
    Synchronize time with update: no
    Time units: yr
    Length units: m
      Datum:

    Sub Condition: pressure
      Type: neumann
      Gradient:
      Data:
        Dataset: Unnamed Ascii Dataset
          Type: dataset_ascii_type
          Transient: no
          Array Rank:  1

    Sub Condition: temperature
      Type: dirichlet
      Gradient:
      Data:
        Dataset: Unnamed Ascii Dataset
          Type: dataset_ascii_type
          Filename: ../pflotran_input/temp_top.dat
          Is transient?: yes
          Number of times:   1001
          Is cyclic?: no
          Buffer:
            Rank:  2
            Dims:    11001
            Buffer Slice Size:   0
          Array Rank:  1

--------------------------------------------------------------------------------

=+=+=+=+=+=+=+=+=+=+=+=+=+=+=+=+=+=+=+=+=+=+=+=+=+=+=+=+=+=+=+=+=+=+=+=+=+=+=+=+

  Boundary Condition

--------------------------------------------------------------------------------
          Flow Condition:   flow_bottom
                  Region:   bottom
--------------------------------------------------------------------------------

  Flow Condition: flow_bottom
    Synchronize time with update: no
    Time units: yr
    Length units: m
      Datum:
        Dataset: Unnamed Ascii Dataset
          Type: dataset_ascii_type
          Transient: no
          Array Rank:  3

    Sub Condition: pressure
      Type: hydrostatic
      Gradient:
      Data:
        Dataset: Unnamed Ascii Dataset
          Type: dataset_ascii_type
          Transient: no
          Array Rank:  1

    Sub Condition: temperature
      Type: dirichlet
      Gradient:
      Data:
        Dataset: Unnamed Ascii Dataset
          Type: dataset_ascii_type
          Filename: ../pflotran_input/temp_bottom.dat
          Is transient?: yes
          Number of times:   1001
          Is cyclic?: no
          Buffer:
            Rank:  2
            Dims:    11001
            Buffer Slice Size:   0
          Array Rank:  1

--------------------------------------------------------------------------------

 Requested processors and decomposition =     1, npx,y,z=   -1  -1  -1
 Actual decomposition: npx,y,z=    1   1   1


FLOW Time Stepper
                 acceleration: on
       acceleration threshold: 8
       number of ramp entries: 8
                ramp entry #1: 2.0000
                ramp entry #2: 2.0000
                ramp entry #3: 2.0000
                ramp entry #4: 2.0000
                ramp entry #5: 2.0000
                ramp entry #6: 1.8000
                ramp entry #7: 1.6000
                ramp entry #8: 1.4000
                ramp entry #9: 1.2000
               ramp entry #10: 1.0000
               ramp entry #11: 1.0000
               ramp entry #12: 1.0000
               ramp entry #13: 1.0000
      maximum number of steps: 999999
constant time steps threshold: 5
       maximum number of cuts: 50
             reduction factor: 5.000000E-01
        maximum growth factor: 2.000000E+00

FLOW Newton Solver
                         atol: 1.000000E-50
                         rtol: 1.000000E-50
                         stol: 1.000000E-60
                         dtol: 1.000000E+20
                      maxnorm: 1.000000E+20
                    inftolres: -9.990000E+02
                    inftolupd: 1.000000E+00
                 inftolrelupd: -9.990000E+02
                 inftolsclres: -9.990000E+02
                     max iter: 20
                     min iter: 1
                         maxf: 10000
                  matrix type: baij
         precond. matrix type: baij
               inexact newton: off
            print convergence: on
   print detailed convergence: off
          check infinity norm: on

FLOW Linear Solver
                       solver: bcgs
               preconditioner: ilu
                         atol: 1.000000E-50
                         rtol: 1.000000E-05
                         dtol: 1.000000E+04
            maximum iteration: 10000

== TH FLOW =====================================================================
  0 2r: 1.53E+03 2x: 0.00E+00 2u: 0.00E+00 ir: 1.41E+03 iu: 0.00E+00 rsn:   0
  1 2r: 2.17E-04 2x: 1.23E+06 2u: 3.92E+05 ir: 1.50E-04 iu: 4.91E+04 rsn:   0
  2 2r: 2.22E-08 2x: 1.23E+06 2u: 1.03E-01 ir: 1.59E-08 iu: 2.92E-02 rsn: itol_upd
 Step      1 Time=  3.60000E+03 Dt=  3.60000E+03 [sec] snes_conv_reason:   11
  newton =   2 [       2] linear =     2 [         2] cuts =  0 [   0]
  --> max chng: dpmx=   4.9084E+04 dtmpmx=   1.5119E-01

== TH FLOW =====================================================================
  0 2r: 8.09E-03 2x: 0.00E+00 2u: 0.00E+00 ir: 5.36E-03 iu: 0.00E+00 rsn:   0
  1 2r: 1.04E-04 2x: 1.23E+06 2u: 1.53E+00 ir: 9.85E-05 iu: 2.09E-01 rsn: itol_upd
 Step      2 Time=  7.20000E+03 Dt=  3.60000E+03 [sec] snes_conv_reason:   11
  newton =   1 [       3] linear =     1 [         3] cuts =  0 [   0]
  --> max chng: dpmx=   1.9558E-01 dtmpmx=   2.0858E-01

== TH FLOW =====================================================================
  0 2r: 1.94E-03 2x: 0.00E+00 2u: 0.00E+00 ir: 1.91E-03 iu: 0.00E+00 rsn:   0
  1 2r: 8.21E-08 2x: 1.23E+06 2u: 1.23E-01 ir: 5.15E-08 iu: 5.39E-02 rsn: itol_upd
 Step      3 Time=  1.08000E+04 Dt=  3.60000E+03 [sec] snes_conv_reason:   11
  newton =   1 [       4] linear =     1 [         4] cuts =  0 [   0]
  --> max chng: dpmx=   5.4148E-03 dtmpmx=   5.3915E-02

== TH FLOW =====================================================================
  0 2r: 1.79E-03 2x: 0.00E+00 2u: 0.00E+00 ir: 1.79E-03 iu: 0.00E+00 rsn:   0
  1 2r: 5.96E-08 2x: 1.23E+06 2u: 1.34E-01 ir: 5.21E-08 iu: 5.38E-02 rsn: itol_upd
 Step      4 Time=  1.44000E+04 Dt=  3.60000E+03 [sec] snes_conv_reason:   11
  newton =   1 [       5] linear =     1 [         5] cuts =  0 [   0]
  --> max chng: dpmx=   1.2478E-02 dtmpmx=   5.3758E-02

== TH FLOW =====================================================================
  0 2r: 1.64E-03 2x: 0.00E+00 2u: 0.00E+00 ir: 1.57E-03 iu: 0.00E+00 rsn:   0
  1 2r: 3.86E-07 2x: 1.23E+06 2u: 1.77E-01 ir: 3.63E-07 iu: 4.83E-02 rsn: itol_upd
 Step      5 Time=  1.80000E+04 Dt=  3.60000E+03 [sec] snes_conv_reason:   11
  newton =   1 [       6] linear =     1 [         6] cuts =  0 [   0]
  --> max chng: dpmx=   2.5084E-02 dtmpmx=   4.8285E-02

== TH FLOW =====================================================================
  0 2r: 1.45E-03 2x: 0.00E+00 2u: 0.00E+00 ir: 1.37E-03 iu: 0.00E+00 rsn:   0
  1 2r: 4.03E-07 2x: 1.23E+06 2u: 1.84E-01 ir: 3.81E-07 iu: 4.27E-02 rsn: itol_upd
 Step      6 Time=  2.16000E+04 Dt=  3.60000E+03 [sec] snes_conv_reason:   11
  newton =   1 [       7] linear =     1 [         7] cuts =  0 [   0]
  --> max chng: dpmx=   2.6874E-02 dtmpmx=   4.2726E-02

== TH FLOW =====================================================================
  0 2r: 1.20E-03 2x: 0.00E+00 2u: 0.00E+00 ir: 9.03E-04 iu: 0.00E+00 rsn:   0
  1 2r: 1.25E-06 2x: 1.23E+06 2u: 2.42E-01 ir: 1.18E-06 iu: 3.68E-02 rsn: itol_upd
 Step      7 Time=  2.52000E+04 Dt=  3.60000E+03 [sec] snes_conv_reason:   11
  newton =   1 [       8] linear =     1 [         8] cuts =  0 [   0]
  --> max chng: dpmx=   3.6751E-02 dtmpmx=   3.1757E-02

== TH FLOW =====================================================================
  0 2r: 5.80E-04 2x: 0.00E+00 2u: 0.00E+00 ir: 3.98E-04 iu: 0.00E+00 rsn:   0
  1 2r: 6.12E-07 2x: 1.23E+06 2u: 1.87E-01 ir: 5.81E-07 iu: 2.83E-02 rsn: itol_upd
 Step      8 Time=  2.88000E+04 Dt=  3.60000E+03 [sec] snes_conv_reason:   11
  newton =   1 [       9] linear =     1 [         9] cuts =  0 [   0]
  --> max chng: dpmx=   2.8297E-02 dtmpmx=   2.3597E-02

== TH FLOW =====================================================================
  0 2r: 1.13E-03 2x: 0.00E+00 2u: 0.00E+00 ir: 8.29E-04 iu: 0.00E+00 rsn:   0
  1 2r: 1.19E-06 2x: 1.23E+06 2u: 2.23E-01 ir: 1.13E-06 iu: 3.16E-02 rsn: itol_upd
 Step      9 Time=  3.24000E+04 Dt=  3.60000E+03 [sec] snes_conv_reason:   11
  newton =   1 [      10] linear =     1 [        10] cuts =  0 [   0]
  --> max chng: dpmx=   3.1578E-02 dtmpmx=   2.3087E-02

== TH FLOW =====================================================================
  0 2r: 1.97E-03 2x: 0.00E+00 2u: 0.00E+00 ir: 1.82E-03 iu: 0.00E+00 rsn:   0
  1 2r: 1.17E-06 2x: 1.23E+06 2u: 2.28E-01 ir: 1.10E-06 iu: 5.26E-02 rsn: itol_upd
 Step     10 Time=  3.60000E+04 Dt=  3.60000E+03 [sec] snes_conv_reason:   11
  newton =   1 [      11] linear =     1 [        11] cuts =  0 [   0]
  --> max chng: dpmx=   2.9305E-02 dtmpmx=   5.2593E-02

== TH FLOW =====================================================================
  0 2r: 3.12E-03 2x: 0.00E+00 2u: 0.00E+00 ir: 2.99E-03 iu: 0.00E+00 rsn:   0
  1 2r: 1.55E-06 2x: 1.23E+06 2u: 2.81E-01 ir: 1.46E-06 iu: 8.82E-02 rsn: itol_upd
 Step     11 Time=  3.96000E+04 Dt=  3.60000E+03 [sec] snes_conv_reason:   11
  newton =   1 [      12] linear =     1 [        12] cuts =  0 [   0]
  --> max chng: dpmx=   3.0874E-02 dtmpmx=   8.8159E-02

== TH FLOW =====================================================================
  0 2r: 3.44E-03 2x: 0.00E+00 2u: 0.00E+00 ir: 3.31E-03 iu: 0.00E+00 rsn:   0
  1 2r: 1.60E-06 2x: 1.23E+06 2u: 3.08E-01 ir: 1.51E-06 iu: 9.95E-02 rsn: itol_upd
 Step     12 Time=  4.32000E+04 Dt=  3.60000E+03 [sec] snes_conv_reason:   11
  newton =   1 [      13] linear =     1 [        13] cuts =  0 [   0]
  --> max chng: dpmx=   3.0010E-02 dtmpmx=   9.9533E-02

 Wall Clock Time:  7.1839E-02 [sec]   1.1973E-03 [min]   1.9955E-05 [hr]
