 Extent of Gridded Domain
  X: 0.0000000000000000 - 1.0000000000000000
  Y: 0.0000000000000000 - 1.0000000000000000
  Z: -0.64000000000000001 - 0.0000000000000000


=+=+=+=+=+=+=+=+=+=+=+=+=+=+=+=+=+=+=+=+=+=+=+=+=+=+=+=+=+=+=+=+=+=+=+=+=+=+=+=+

  Initial Condition

--------------------------------------------------------------------------------
          Flow Condition:   initial
                  Region:   all
--------------------------------------------------------------------------------

  Flow Condition: initial
    Synchronize time with update: no
    Time units: yr
    Length units: m
      Datum:

    Sub Condition: pressure
      Type: hydrostatic
      Gradient:
      Data:
        Dataset: Unnamed Ascii Dataset
          Type: dataset_ascii_type
          Transient: no
          Array Rank:  1

    Sub Condition: temperature
      Type: dirichlet
      Gradient:
      Data:
        Dataset: Unnamed Ascii Dataset
          Type: dataset_ascii_type
          Transient: no
          Array Rank:  1

--------------------------------------------------------------------------------

=+=+=+=+=+=+=+=+=+=+=+=+=+=+=+=+=+=+=+=+=+=+=+=+=+=+=+=+=+=+=+=+=+=+=+=+=+=+=+=+

  Boundary Condition

--------------------------------------------------------------------------------
          Flow Condition:   flow_top
                  Region:   top
--------------------------------------------------------------------------------

  Flow Condition: flow_top
    Synchronize time with update: no
    Time units: yr
    Length units: m
      Datum:

    Sub Condition: pressure
      Type: neumann
      Gradient:
      Data:
        Dataset: Unnamed Ascii Dataset
          Type: dataset_ascii_type
          Transient: no
          Array Rank:  1

    Sub Condition: temperature
      Type: dirichlet
      Gradient:
      Data:
        Dataset: Unnamed Ascii Dataset
          Type: dataset_ascii_type
          Filename: ../pflotran_input/temp_top.dat
          Is transient?: yes
          Number of times:   1001
          Is cyclic?: no
          Buffer:
            Rank:  2
            Dims:    11001
            Buffer Slice Size:   0
          Array Rank:  1

--------------------------------------------------------------------------------

=+=+=+=+=+=+=+=+=+=+=+=+=+=+=+=+=+=+=+=+=+=+=+=+=+=+=+=+=+=+=+=+=+=+=+=+=+=+=+=+

  Boundary Condition

--------------------------------------------------------------------------------
          Flow Condition:   flow_bottom
                  Region:   bottom
--------------------------------------------------------------------------------

  Flow Condition: flow_bottom
    Synchronize time with update: no
    Time units: yr
    Length units: m
      Datum:
        Dataset: Unnamed Ascii Dataset
          Type: dataset_ascii_type
          Transient: no
          Array Rank:  3

    Sub Condition: pressure
      Type: hydrostatic
      Gradient:
      Data:
        Dataset: Unnamed Ascii Dataset
          Type: dataset_ascii_type
          Transient: no
          Array Rank:  1

    Sub Condition: temperature
      Type: dirichlet
      Gradient:
      Data:
        Dataset: Unnamed Ascii Dataset
          Type: dataset_ascii_type
          Filename: ../pflotran_input/temp_bottom.dat
          Is transient?: yes
          Number of times:   1001
          Is cyclic?: no
          Buffer:
            Rank:  2
            Dims:    11001
            Buffer Slice Size:   0
          Array Rank:  1

--------------------------------------------------------------------------------

 Requested processors and decomposition =     1, npx,y,z=   -1  -1  -1
 Actual decomposition: npx,y,z=    1   1   1


FLOW Time Stepper
                 acceleration: on
       acceleration threshold: 8
       number of ramp entries: 8
                ramp entry #1: 2.0000
                ramp entry #2: 2.0000
                ramp entry #3: 2.0000
                ramp entry #4: 2.0000
                ramp entry #5: 2.0000
                ramp entry #6: 1.8000
                ramp entry #7: 1.6000
                ramp entry #8: 1.4000
                ramp entry #9: 1.2000
               ramp entry #10: 1.0000
               ramp entry #11: 1.0000
               ramp entry #12: 1.0000
               ramp entry #13: 1.0000
      maximum number of steps: 999999
constant time steps threshold: 5
       maximum number of cuts: 50
             reduction factor: 5.000000E-01
        maximum growth factor: 2.000000E+00

FLOW Newton Solver
                         atol: 1.000000E-50
                         rtol: 1.000000E-50
                         stol: 1.000000E-60
                         dtol: 1.000000E+20
                      maxnorm: 1.000000E+20
                    inftolres: -9.990000E+02
                    inftolupd: 1.000000E+00
                 inftolrelupd: -9.990000E+02
                 inftolsclres: -9.990000E+02
                     max iter: 20
                     min iter: 1
                         maxf: 10000
                  matrix type: baij
         precond. matrix type: baij
               inexact newton: off
            print convergence: on
   print detailed convergence: off
          check infinity norm: on

FLOW Linear Solver
                       solver: bcgs
               preconditioner: ilu
                         atol: 1.000000E-50
                         rtol: 1.000000E-05
                         dtol: 1.000000E+04
            maximum iteration: 10000

== TH FLOW =====================================================================
  0 2r: 1.53E+03 2x: 0.00E+00 2u: 0.00E+00 ir: 1.41E+03 iu: 0.00E+00 rsn:   0
  1 2r: 4.36E-05 2x: 1.23E+06 2u: 3.92E+05 ir: 2.98E-05 iu: 4.90E+04 rsn:   0
  2 2r: 6.29E-10 2x: 1.23E+06 2u: 2.76E-02 ir: 4.37E-10 iu: 7.13E-03 rsn: itol_upd
 Step      1 Time=  3.60000E+03 Dt=  3.60000E+03 [sec] snes_conv_reason:   11
  newton =   2 [       2] linear =     2 [         2] cuts =  0 [   0]
  --> max chng: dpmx=   4.9045E+04 dtmpmx=   1.5279E-01

== TH FLOW =====================================================================
  0 2r: 1.19E-02 2x: 0.00E+00 2u: 0.00E+00 ir: 9.64E-03 iu: 0.00E+00 rsn:   0
  1 2r: 1.09E-04 2x: 1.23E+06 2u: 1.44E+00 ir: 1.03E-04 iu: 2.18E-01 rsn: itol_upd
 Step      2 Time=  7.20000E+03 Dt=  3.60000E+03 [sec] snes_conv_reason:   11
  newton =   1 [       3] linear =     1 [         3] cuts =  0 [   0]
  --> max chng: dpmx=   1.8714E-01 dtmpmx=   2.1845E-01

== TH FLOW =====================================================================
  0 2r: 2.97E-03 2x: 0.00E+00 2u: 0.00E+00 ir: 2.95E-03 iu: 0.00E+00 rsn:   0
  1 2r: 6.16E-08 2x: 1.23E+06 2u: 1.32E-01 ir: 4.29E-08 iu: 5.50E-02 rsn: itol_upd
 Step      3 Time=  1.08000E+04 Dt=  3.60000E+03 [sec] snes_conv_reason:   11
  newton =   1 [       4] linear =     1 [         4] cuts =  0 [   0]
  --> max chng: dpmx=   1.7548E-03 dtmpmx=   5.5025E-02

== TH FLOW =====================================================================
  0 2r: 2.72E-03 2x: 0.00E+00 2u: 0.00E+00 ir: 2.71E-03 iu: 0.00E+00 rsn:   0
  1 2r: 4.10E-08 2x: 1.23E+06 2u: 1.35E-01 ir: 3.50E-08 iu: 5.37E-02 rsn: itol_upd
 Step      4 Time=  1.44000E+04 Dt=  3.60000E+03 [sec] snes_conv_reason:   11
  newton =   1 [       5] linear =     1 [         5] cuts =  0 [   0]
  --> max chng: dpmx=   4.3310E-03 dtmpmx=   5.3732E-02

== TH FLOW =====================================================================
  0 2r: 2.47E-03 2x: 0.00E+00 2u: 0.00E+00 ir: 2.38E-03 iu: 0.00E+00 rsn:   0
  1 2r: 4.02E-07 2x: 1.23E+06 2u: 1.66E-01 ir: 3.80E-07 iu: 4.81E-02 rsn: itol_upd
 Step      5 Time=  1.80000E+04 Dt=  3.60000E+03 [sec] snes_conv_reason:   11
  newton =   1 [       6] linear =     1 [         6] cuts =  0 [   0]
  --> max chng: dpmx=   1.3947E-02 dtmpmx=   4.8055E-02

== TH FLOW =====================================================================
  0 2r: 2.18E-03 2x: 0.00E+00 2u: 0.00E+00 ir: 2.08E-03 iu: 0.00E+00 rsn:   0
  1 2r: 4.14E-07 2x: 1.23E+06 2u: 1.64E-01 ir: 3.92E-07 iu: 4.24E-02 rsn: itol_upd
 Step      6 Time=  2.16000E+04 Dt=  3.60000E+03 [sec] snes_conv_reason:   11
  newton =   1 [       7] linear =     1 [         7] cuts =  0 [   0]
  --> max chng: dpmx=   1.3940E-02 dtmpmx=   4.2445E-02

== TH FLOW =====================================================================
  0 2r: 1.77E-03 2x: 0.00E+00 2u: 0.00E+00 ir: 1.37E-03 iu: 0.00E+00 rsn:   0
  1 2r: 1.28E-06 2x: 1.23E+06 2u: 2.08E-01 ir: 1.22E-06 iu: 2.99E-02 rsn: itol_upd
 Step      7 Time=  2.52000E+04 Dt=  3.60000E+03 [sec] snes_conv_reason:   11
  newton =   1 [       8] linear =     1 [         8] cuts =  0 [   0]
  --> max chng: dpmx=   2.2804E-02 dtmpmx=   2.9918E-02

== TH FLOW =====================================================================
  0 2r: 8.25E-04 2x: 0.00E+00 2u: 0.00E+00 ir: 6.74E-04 iu: 0.00E+00 rsn:   0
  1 2r: 6.23E-07 2x: 1.23E+06 2u: 1.48E-01 ir: 5.91E-07 iu: 2.02E-02 rsn: itol_upd
 Step      8 Time=  2.88000E+04 Dt=  3.60000E+03 [sec] snes_conv_reason:   11
  newton =   1 [       9] linear =     1 [         9] cuts =  0 [   0]
  --> max chng: dpmx=   1.5783E-02 dtmpmx=   2.0191E-02

== TH FLOW =====================================================================
  0 2r: 1.69E-03 2x: 0.00E+00 2u: 0.00E+00 ir: 1.27E-03 iu: 0.00E+00 rsn:   0
  1 2r: 1.21E-06 2x: 1.23E+06 2u: 1.81E-01 ir: 1.15E-06 iu: 2.36E-02 rsn: itol_upd
 Step      9 Time=  3.24000E+04 Dt=  3.60000E+03 [sec] snes_conv_reason:   11
  newton =   1 [      10] linear =     1 [        10] cuts =  0 [   0]
  --> max chng: dpmx=   2.0900E-02 dtmpmx=   2.3633E-02

== TH FLOW =====================================================================
  0 2r: 2.99E-03 2x: 0.00E+00 2u: 0.00E+00 ir: 2.77E-03 iu: 0.00E+00 rsn:   0
  1 2r: 1.19E-06 2x: 1.23E+06 2u: 1.94E-01 ir: 1.13E-06 iu: 5.30E-02 rsn: itol_upd
 Step     10 Time=  3.60000E+04 Dt=  3.60000E+03 [sec] snes_conv_reason:   11
  newton =   1 [      11] linear =     1 [        11] cuts =  0 [   0]
  --> max chng: dpmx=   2.0054E-02 dtmpmx=   5.3008E-02

== TH FLOW =====================================================================
  0 2r: 4.73E-03 2x: 0.00E+00 2u: 0.00E+00 ir: 4.55E-03 iu: 0.00E+00 rsn:   0
  1 2r: 1.58E-06 2x: 1.23E+06 2u: 2.56E-01 ir: 1.49E-06 iu: 8.85E-02 rsn: itol_upd
 Step     11 Time=  3.96000E+04 Dt=  3.60000E+03 [sec] snes_conv_reason:   11
  newton =   1 [      12] linear =     1 [        12] cuts =  0 [   0]
  --> max chng: dpmx=   2.2520E-02 dtmpmx=   8.8515E-02

== TH FLOW =====================================================================
  0 2r: 5.21E-03 2x: 0.00E+00 2u: 0.00E+00 ir: 5.03E-03 iu: 0.00E+00 rsn:   0
  1 2r: 1.62E-06 2x: 1.23E+06 2u: 2.89E-01 ir: 1.53E-06 iu: 9.95E-02 rsn: itol_upd
 Step     12 Time=  4.32000E+04 Dt=  3.60000E+03 [sec] snes_conv_reason:   11
  newton =   1 [      13] linear =     1 [        13] cuts =  0 [   0]
  --> max chng: dpmx=   2.2304E-02 dtmpmx=   9.9491E-02

 Wall Clock Time:  7.5818E-02 [sec]   1.2636E-03 [min]   2.1061E-05 [hr]
