 Extent of Gridded Domain
  X: 0.0000000000000000 - 1.0000000000000000
  Y: 0.0000000000000000 - 1.0000000000000000
  Z: -0.64000000000000001 - 0.0000000000000000


=+=+=+=+=+=+=+=+=+=+=+=+=+=+=+=+=+=+=+=+=+=+=+=+=+=+=+=+=+=+=+=+=+=+=+=+=+=+=+=+

  Initial Condition

--------------------------------------------------------------------------------
          Flow Condition:   initial
                  Region:   all
--------------------------------------------------------------------------------

  Flow Condition: initial
    Synchronize time with update: no
    Time units: yr
    Length units: m
      Datum:

    Sub Condition: pressure
      Type: hydrostatic
      Gradient:
      Data:
        Dataset: Unnamed Ascii Dataset
          Type: dataset_ascii_type
          Transient: no
          Array Rank:  1

    Sub Condition: temperature
      Type: dirichlet
      Gradient:
      Data:
        Dataset: Unnamed Ascii Dataset
          Type: dataset_ascii_type
          Transient: no
          Array Rank:  1

--------------------------------------------------------------------------------

=+=+=+=+=+=+=+=+=+=+=+=+=+=+=+=+=+=+=+=+=+=+=+=+=+=+=+=+=+=+=+=+=+=+=+=+=+=+=+=+

  Boundary Condition

--------------------------------------------------------------------------------
          Flow Condition:   flow_top
                  Region:   top
--------------------------------------------------------------------------------

  Flow Condition: flow_top
    Synchronize time with update: no
    Time units: yr
    Length units: m
      Datum:

    Sub Condition: pressure
      Type: neumann
      Gradient:
      Data:
        Dataset: Unnamed Ascii Dataset
          Type: dataset_ascii_type
          Transient: no
          Array Rank:  1

    Sub Condition: temperature
      Type: dirichlet
      Gradient:
      Data:
        Dataset: Unnamed Ascii Dataset
          Type: dataset_ascii_type
          Filename: ../pflotran_input/temp_top.dat
          Is transient?: yes
          Number of times:   1001
          Is cyclic?: no
          Buffer:
            Rank:  2
            Dims:    11001
            Buffer Slice Size:   0
          Array Rank:  1

--------------------------------------------------------------------------------

=+=+=+=+=+=+=+=+=+=+=+=+=+=+=+=+=+=+=+=+=+=+=+=+=+=+=+=+=+=+=+=+=+=+=+=+=+=+=+=+

  Boundary Condition

--------------------------------------------------------------------------------
          Flow Condition:   flow_bottom
                  Region:   bottom
--------------------------------------------------------------------------------

  Flow Condition: flow_bottom
    Synchronize time with update: no
    Time units: yr
    Length units: m
      Datum:
        Dataset: Unnamed Ascii Dataset
          Type: dataset_ascii_type
          Transient: no
          Array Rank:  3

    Sub Condition: pressure
      Type: hydrostatic
      Gradient:
      Data:
        Dataset: Unnamed Ascii Dataset
          Type: dataset_ascii_type
          Transient: no
          Array Rank:  1

    Sub Condition: temperature
      Type: dirichlet
      Gradient:
      Data:
        Dataset: Unnamed Ascii Dataset
          Type: dataset_ascii_type
          Filename: ../pflotran_input/temp_bottom.dat
          Is transient?: yes
          Number of times:   1001
          Is cyclic?: no
          Buffer:
            Rank:  2
            Dims:    11001
            Buffer Slice Size:   0
          Array Rank:  1

--------------------------------------------------------------------------------

 Requested processors and decomposition =     1, npx,y,z=   -1  -1  -1
 Actual decomposition: npx,y,z=    1   1   1


FLOW Time Stepper
                 acceleration: on
       acceleration threshold: 8
       number of ramp entries: 8
                ramp entry #1: 2.0000
                ramp entry #2: 2.0000
                ramp entry #3: 2.0000
                ramp entry #4: 2.0000
                ramp entry #5: 2.0000
                ramp entry #6: 1.8000
                ramp entry #7: 1.6000
                ramp entry #8: 1.4000
                ramp entry #9: 1.2000
               ramp entry #10: 1.0000
               ramp entry #11: 1.0000
               ramp entry #12: 1.0000
               ramp entry #13: 1.0000
      maximum number of steps: 999999
constant time steps threshold: 5
       maximum number of cuts: 50
             reduction factor: 5.000000E-01
        maximum growth factor: 2.000000E+00

FLOW Newton Solver
                         atol: 1.000000E-50
                         rtol: 1.000000E-50
                         stol: 1.000000E-60
                         dtol: 1.000000E+20
                      maxnorm: 1.000000E+20
                    inftolres: -9.990000E+02
                    inftolupd: 1.000000E+00
                 inftolrelupd: -9.990000E+02
                 inftolsclres: -9.990000E+02
                     max iter: 20
                     min iter: 1
                         maxf: 10000
                  matrix type: baij
         precond. matrix type: baij
               inexact newton: off
            print convergence: on
   print detailed convergence: off
          check infinity norm: on

FLOW Linear Solver
                       solver: bcgs
               preconditioner: ilu
                         atol: 1.000000E-50
                         rtol: 1.000000E-05
                         dtol: 1.000000E+04
            maximum iteration: 10000

== TH FLOW =====================================================================
  0 2r: 1.53E+03 2x: 0.00E+00 2u: 0.00E+00 ir: 1.41E+03 iu: 0.00E+00 rsn:   0
  1 2r: 7.67E-04 2x: 1.23E+06 2u: 3.92E+05 ir: 5.74E-04 iu: 4.90E+04 rsn:   0
  2 2r: 3.60E-07 2x: 1.23E+06 2u: 7.42E-01 ir: 2.38E-07 iu: 1.24E-01 rsn: itol_upd
 Step      1 Time=  3.60000E+03 Dt=  3.60000E+03 [sec] snes_conv_reason:   11
  newton =   2 [       2] linear =     2 [         2] cuts =  0 [   0]
  --> max chng: dpmx=   4.9034E+04 dtmpmx=   1.5581E-01

== TH FLOW =====================================================================
  0 2r: 7.77E-03 2x: 0.00E+00 2u: 0.00E+00 ir: 5.33E-03 iu: 0.00E+00 rsn:   0
  1 2r: 1.18E-06 2x: 1.23E+06 2u: 8.27E-01 ir: 9.51E-07 iu: 2.24E-01 rsn: itol_upd
 Step      2 Time=  7.20000E+03 Dt=  3.60000E+03 [sec] snes_conv_reason:   11
  newton =   1 [       3] linear =     1 [         3] cuts =  0 [   0]
  --> max chng: dpmx=   1.7473E-01 dtmpmx=   2.2438E-01

== TH FLOW =====================================================================
  0 2r: 1.68E-03 2x: 0.00E+00 2u: 0.00E+00 ir: 1.65E-03 iu: 0.00E+00 rsn:   0
  1 2r: 2.34E-08 2x: 1.23E+06 2u: 3.61E-01 ir: 1.03E-08 iu: 4.96E-02 rsn: itol_upd
 Step      3 Time=  1.08000E+04 Dt=  3.60000E+03 [sec] snes_conv_reason:   11
  newton =   1 [       4] linear =     1 [         4] cuts =  0 [   0]
  --> max chng: dpmx=   4.7901E-02 dtmpmx=   4.9608E-02

== TH FLOW =====================================================================
  0 2r: 1.55E-03 2x: 0.00E+00 2u: 0.00E+00 ir: 1.55E-03 iu: 0.00E+00 rsn:   0
  1 2r: 2.15E-08 2x: 1.23E+06 2u: 2.86E-01 ir: 1.72E-08 iu: 4.92E-02 rsn: itol_upd
 Step      4 Time=  1.44000E+04 Dt=  3.60000E+03 [sec] snes_conv_reason:   11
  newton =   1 [       5] linear =     1 [         5] cuts =  0 [   0]
  --> max chng: dpmx=   3.9914E-02 dtmpmx=   4.9204E-02

== TH FLOW =====================================================================
  0 2r: 1.43E-03 2x: 0.00E+00 2u: 0.00E+00 ir: 1.36E-03 iu: 0.00E+00 rsn:   0
  1 2r: 1.97E-08 2x: 1.23E+06 2u: 2.50E-01 ir: 1.60E-08 iu: 4.40E-02 rsn: itol_upd
 Step      5 Time=  1.80000E+04 Dt=  3.60000E+03 [sec] snes_conv_reason:   11
  newton =   1 [       6] linear =     1 [         6] cuts =  0 [   0]
  --> max chng: dpmx=   3.6724E-02 dtmpmx=   4.3999E-02

== TH FLOW =====================================================================
  0 2r: 1.27E-03 2x: 0.00E+00 2u: 0.00E+00 ir: 1.19E-03 iu: 0.00E+00 rsn:   0
  1 2r: 1.61E-08 2x: 1.23E+06 2u: 1.82E-01 ir: 1.31E-08 iu: 3.87E-02 rsn: itol_upd
 Step      6 Time=  2.16000E+04 Dt=  3.60000E+03 [sec] snes_conv_reason:   11
  newton =   1 [       7] linear =     1 [         7] cuts =  0 [   0]
  --> max chng: dpmx=   2.7972E-02 dtmpmx=   3.8740E-02

== TH FLOW =====================================================================
  0 2r: 1.10E-03 2x: 0.00E+00 2u: 0.00E+00 ir: 7.80E-04 iu: 0.00E+00 rsn:   0
  1 2r: 1.42E-08 2x: 1.23E+06 2u: 1.45E-01 ir: 1.00E-08 iu: 2.60E-02 rsn: itol_upd
 Step      7 Time=  2.52000E+04 Dt=  3.60000E+03 [sec] snes_conv_reason:   11
  newton =   1 [       8] linear =     1 [         8] cuts =  0 [   0]
  --> max chng: dpmx=   2.1615E-02 dtmpmx=   2.5986E-02

== TH FLOW =====================================================================
  0 2r: 5.57E-04 2x: 0.00E+00 2u: 0.00E+00 ir: 3.83E-04 iu: 0.00E+00 rsn:   0
  1 2r: 5.86E-09 2x: 1.23E+06 2u: 7.42E-02 ir: 5.03E-09 iu: 1.75E-02 rsn: itol_upd
 Step      8 Time=  2.88000E+04 Dt=  3.60000E+03 [sec] snes_conv_reason:   11
  newton =   1 [       9] linear =     1 [         9] cuts =  0 [   0]
  --> max chng: dpmx=   1.2954E-02 dtmpmx=   1.7533E-02

== TH FLOW =====================================================================
  0 2r: 1.04E-03 2x: 0.00E+00 2u: 0.00E+00 ir: 7.18E-04 iu: 0.00E+00 rsn:   0
  1 2r: 1.15E-08 2x: 1.23E+06 2u: 9.28E-02 ir: 9.91E-09 iu: 2.43E-02 rsn: itol_upd
 Step      9 Time=  3.24000E+04 Dt=  3.60000E+03 [sec] snes_conv_reason:   11
  newton =   1 [      10] linear =     1 [        10] cuts =  0 [   0]
  --> max chng: dpmx=   1.8099E-02 dtmpmx=   2.4269E-02

== TH FLOW =====================================================================
  0 2r: 1.74E-03 2x: 0.00E+00 2u: 0.00E+00 ir: 1.57E-03 iu: 0.00E+00 rsn:   0
  1 2r: 2.09E-08 2x: 1.23E+06 2u: 1.49E-01 ir: 1.42E-08 iu: 4.91E-02 rsn: itol_upd
 Step     10 Time=  3.60000E+04 Dt=  3.60000E+03 [sec] snes_conv_reason:   11
  newton =   1 [      11] linear =     1 [        11] cuts =  0 [   0]
  --> max chng: dpmx=   1.7455E-02 dtmpmx=   4.9132E-02

== TH FLOW =====================================================================
  0 2r: 2.73E-03 2x: 0.00E+00 2u: 0.00E+00 ir: 2.59E-03 iu: 0.00E+00 rsn:   0
  1 2r: 5.55E-08 2x: 1.23E+06 2u: 2.21E-01 ir: 4.36E-08 iu: 8.16E-02 rsn: itol_upd
 Step     11 Time=  3.96000E+04 Dt=  3.60000E+03 [sec] snes_conv_reason:   11
  newton =   1 [      12] linear =     1 [        12] cuts =  0 [   0]
  --> max chng: dpmx=   2.5313E-02 dtmpmx=   8.1614E-02

== TH FLOW =====================================================================
  0 2r: 3.00E-03 2x: 0.00E+00 2u: 0.00E+00 ir: 2.87E-03 iu: 0.00E+00 rsn:   0
  1 2r: 7.73E-08 2x: 1.23E+06 2u: 2.85E-01 ir: 6.24E-08 iu: 9.17E-02 rsn: itol_upd
 Step     12 Time=  4.32000E+04 Dt=  3.60000E+03 [sec] snes_conv_reason:   11
  newton =   1 [      13] linear =     1 [        13] cuts =  0 [   0]
  --> max chng: dpmx=   3.6174E-02 dtmpmx=   9.1656E-02

 Wall Clock Time:  6.8919E-02 [sec]   1.1487E-03 [min]   1.9144E-05 [hr]
