 Extent of Gridded Domain
  X: 0.0000000000000000 - 1.0000000000000000
  Y: 0.0000000000000000 - 1.0000000000000000
  Z: -0.64000000000000001 - 0.0000000000000000


=+=+=+=+=+=+=+=+=+=+=+=+=+=+=+=+=+=+=+=+=+=+=+=+=+=+=+=+=+=+=+=+=+=+=+=+=+=+=+=+

  Initial Condition

--------------------------------------------------------------------------------
          Flow Condition:   initial
                  Region:   all
--------------------------------------------------------------------------------

  Flow Condition: initial
    Synchronize time with update: no
    Time units: yr
    Length units: m
      Datum:

    Sub Condition: pressure
      Type: hydrostatic
      Gradient:
      Data:
        Dataset: Unnamed Ascii Dataset
          Type: dataset_ascii_type
          Transient: no
          Array Rank:  1

    Sub Condition: temperature
      Type: dirichlet
      Gradient:
      Data:
        Dataset: Unnamed Ascii Dataset
          Type: dataset_ascii_type
          Transient: no
          Array Rank:  1

--------------------------------------------------------------------------------

=+=+=+=+=+=+=+=+=+=+=+=+=+=+=+=+=+=+=+=+=+=+=+=+=+=+=+=+=+=+=+=+=+=+=+=+=+=+=+=+

  Boundary Condition

--------------------------------------------------------------------------------
          Flow Condition:   flow_top
                  Region:   top
--------------------------------------------------------------------------------

  Flow Condition: flow_top
    Synchronize time with update: no
    Time units: yr
    Length units: m
      Datum:

    Sub Condition: pressure
      Type: neumann
      Gradient:
      Data:
        Dataset: Unnamed Ascii Dataset
          Type: dataset_ascii_type
          Transient: no
          Array Rank:  1

    Sub Condition: temperature
      Type: dirichlet
      Gradient:
      Data:
        Dataset: Unnamed Ascii Dataset
          Type: dataset_ascii_type
          Filename: ../pflotran_input/temp_top.dat
          Is transient?: yes
          Number of times:   1001
          Is cyclic?: no
          Buffer:
            Rank:  2
            Dims:    11001
            Buffer Slice Size:   0
          Array Rank:  1

--------------------------------------------------------------------------------

=+=+=+=+=+=+=+=+=+=+=+=+=+=+=+=+=+=+=+=+=+=+=+=+=+=+=+=+=+=+=+=+=+=+=+=+=+=+=+=+

  Boundary Condition

--------------------------------------------------------------------------------
          Flow Condition:   flow_bottom
                  Region:   bottom
--------------------------------------------------------------------------------

  Flow Condition: flow_bottom
    Synchronize time with update: no
    Time units: yr
    Length units: m
      Datum:
        Dataset: Unnamed Ascii Dataset
          Type: dataset_ascii_type
          Transient: no
          Array Rank:  3

    Sub Condition: pressure
      Type: hydrostatic
      Gradient:
      Data:
        Dataset: Unnamed Ascii Dataset
          Type: dataset_ascii_type
          Transient: no
          Array Rank:  1

    Sub Condition: temperature
      Type: dirichlet
      Gradient:
      Data:
        Dataset: Unnamed Ascii Dataset
          Type: dataset_ascii_type
          Filename: ../pflotran_input/temp_bottom.dat
          Is transient?: yes
          Number of times:   1001
          Is cyclic?: no
          Buffer:
            Rank:  2
            Dims:    11001
            Buffer Slice Size:   0
          Array Rank:  1

--------------------------------------------------------------------------------

 Requested processors and decomposition =     1, npx,y,z=   -1  -1  -1
 Actual decomposition: npx,y,z=    1   1   1


FLOW Time Stepper
                 acceleration: on
       acceleration threshold: 8
       number of ramp entries: 8
                ramp entry #1: 2.0000
                ramp entry #2: 2.0000
                ramp entry #3: 2.0000
                ramp entry #4: 2.0000
                ramp entry #5: 2.0000
                ramp entry #6: 1.8000
                ramp entry #7: 1.6000
                ramp entry #8: 1.4000
                ramp entry #9: 1.2000
               ramp entry #10: 1.0000
               ramp entry #11: 1.0000
               ramp entry #12: 1.0000
               ramp entry #13: 1.0000
      maximum number of steps: 999999
constant time steps threshold: 5
       maximum number of cuts: 50
             reduction factor: 5.000000E-01
        maximum growth factor: 2.000000E+00

FLOW Newton Solver
                         atol: 1.000000E-50
                         rtol: 1.000000E-50
                         stol: 1.000000E-60
                         dtol: 1.000000E+20
                      maxnorm: 1.000000E+20
                    inftolres: -9.990000E+02
                    inftolupd: 1.000000E+00
                 inftolrelupd: -9.990000E+02
                 inftolsclres: -9.990000E+02
                     max iter: 20
                     min iter: 1
                         maxf: 10000
                  matrix type: baij
         precond. matrix type: baij
               inexact newton: off
            print convergence: on
   print detailed convergence: off
          check infinity norm: on

FLOW Linear Solver
                       solver: bcgs
               preconditioner: ilu
                         atol: 1.000000E-50
                         rtol: 1.000000E-05
                         dtol: 1.000000E+04
            maximum iteration: 10000

== TH FLOW =====================================================================
  0 2r: 1.53E+03 2x: 0.00E+00 2u: 0.00E+00 ir: 1.41E+03 iu: 0.00E+00 rsn:   0
  1 2r: 5.73E-04 2x: 1.23E+06 2u: 3.93E+05 ir: 4.03E-04 iu: 4.92E+04 rsn:   0
  2 2r: 2.48E-07 2x: 1.23E+06 2u: 1.64E-01 ir: 1.80E-07 iu: 5.97E-02 rsn: itol_upd
 Step      1 Time=  3.60000E+03 Dt=  3.60000E+03 [sec] snes_conv_reason:   11
  newton =   2 [       2] linear =     2 [         2] cuts =  0 [   0]
  --> max chng: dpmx=   4.9160E+04 dtmpmx=   1.5021E-01

== TH FLOW =====================================================================
  0 2r: 5.87E-03 2x: 0.00E+00 2u: 0.00E+00 ir: 5.36E-03 iu: 0.00E+00 rsn:   0
  1 2r: 9.18E-05 2x: 1.23E+06 2u: 1.57E+00 ir: 8.69E-05 iu: 2.03E-01 rsn: itol_upd
 Step      2 Time=  7.20000E+03 Dt=  3.60000E+03 [sec] snes_conv_reason:   11
  newton =   1 [       3] linear =     1 [         3] cuts =  0 [   0]
  --> max chng: dpmx=   2.0333E-01 dtmpmx=   1.8373E-01

== TH FLOW =====================================================================
  0 2r: 1.12E-03 2x: 0.00E+00 2u: 0.00E+00 ir: 1.09E-03 iu: 0.00E+00 rsn:   0
  1 2r: 1.14E-07 2x: 1.23E+06 2u: 1.30E-01 ir: 7.71E-08 iu: 5.24E-02 rsn: itol_upd
 Step      3 Time=  1.08000E+04 Dt=  3.60000E+03 [sec] snes_conv_reason:   11
  newton =   1 [       4] linear =     1 [         4] cuts =  0 [   0]
  --> max chng: dpmx=   2.3583E-02 dtmpmx=   5.2412E-02

== TH FLOW =====================================================================
  0 2r: 1.06E-03 2x: 0.00E+00 2u: 0.00E+00 ir: 1.06E-03 iu: 0.00E+00 rsn:   0
  1 2r: 9.91E-08 2x: 1.23E+06 2u: 1.76E-01 ir: 8.74E-08 iu: 5.42E-02 rsn: itol_upd
 Step      4 Time=  1.44000E+04 Dt=  3.60000E+03 [sec] snes_conv_reason:   11
  newton =   1 [       5] linear =     1 [         5] cuts =  0 [   0]
  --> max chng: dpmx=   4.0162E-02 dtmpmx=   5.4241E-02

== TH FLOW =====================================================================
  0 2r: 1.01E-03 2x: 0.00E+00 2u: 0.00E+00 ir: 9.33E-04 iu: 0.00E+00 rsn:   0
  1 2r: 3.54E-07 2x: 1.23E+06 2u: 2.58E-01 ir: 3.26E-07 iu: 5.97E-02 rsn: itol_upd
 Step      5 Time=  1.80000E+04 Dt=  3.60000E+03 [sec] snes_conv_reason:   11
  newton =   1 [       6] linear =     1 [         6] cuts =  0 [   0]
  --> max chng: dpmx=   5.9680E-02 dtmpmx=   4.8980E-02

== TH FLOW =====================================================================
  0 2r: 8.98E-04 2x: 0.00E+00 2u: 0.00E+00 ir: 8.17E-04 iu: 0.00E+00 rsn:   0
  1 2r: 3.76E-07 2x: 1.23E+06 2u: 2.90E-01 ir: 3.52E-07 iu: 6.67E-02 rsn: itol_upd
 Step      6 Time=  2.16000E+04 Dt=  3.60000E+03 [sec] snes_conv_reason:   11
  newton =   1 [       7] linear =     1 [         7] cuts =  0 [   0]
  --> max chng: dpmx=   6.6741E-02 dtmpmx=   4.3605E-02

== TH FLOW =====================================================================
  0 2r: 8.28E-04 2x: 0.00E+00 2u: 0.00E+00 ir: 5.93E-04 iu: 0.00E+00 rsn:   0
  1 2r: 1.15E-06 2x: 1.23E+06 2u: 3.73E-01 ir: 1.09E-06 iu: 7.95E-02 rsn: itol_upd
 Step      7 Time=  2.52000E+04 Dt=  3.60000E+03 [sec] snes_conv_reason:   11
  newton =   1 [       8] linear =     1 [         8] cuts =  0 [   0]
  --> max chng: dpmx=   7.9546E-02 dtmpmx=   3.6701E-02

== TH FLOW =====================================================================
  0 2r: 4.48E-04 2x: 0.00E+00 2u: 0.00E+00 ir: 3.98E-04 iu: 0.00E+00 rsn:   0
  1 2r: 5.75E-07 2x: 1.23E+06 2u: 3.37E-01 ir: 5.45E-07 iu: 6.98E-02 rsn: itol_upd
 Step      8 Time=  2.88000E+04 Dt=  3.60000E+03 [sec] snes_conv_reason:   11
  newton =   1 [       9] linear =     1 [         9] cuts =  0 [   0]
  --> max chng: dpmx=   6.9751E-02 dtmpmx=   3.1209E-02

== TH FLOW =====================================================================
  0 2r: 7.65E-04 2x: 0.00E+00 2u: 0.00E+00 ir: 5.56E-04 iu: 0.00E+00 rsn:   0
  1 2r: 1.10E-06 2x: 1.23E+06 2u: 3.79E-01 ir: 1.05E-06 iu: 6.91E-02 rsn: itol_upd
 Step      9 Time=  3.24000E+04 Dt=  3.60000E+03 [sec] snes_conv_reason:   11
  newton =   1 [      10] linear =     1 [        10] cuts =  0 [   0]
  --> max chng: dpmx=   6.9088E-02 dtmpmx=   2.6811E-02

== TH FLOW =====================================================================
  0 2r: 1.21E-03 2x: 0.00E+00 2u: 0.00E+00 ir: 1.07E-03 iu: 0.00E+00 rsn:   0
  1 2r: 1.09E-06 2x: 1.23E+06 2u: 3.75E-01 ir: 1.03E-06 iu: 6.29E-02 rsn: itol_upd
 Step     10 Time=  3.60000E+04 Dt=  3.60000E+03 [sec] snes_conv_reason:   11
  newton =   1 [      11] linear =     1 [        11] cuts =  0 [   0]
  --> max chng: dpmx=   6.2888E-02 dtmpmx=   5.2862E-02

== TH FLOW =====================================================================
  0 2r: 1.88E-03 2x: 0.00E+00 2u: 0.00E+00 ir: 1.76E-03 iu: 0.00E+00 rsn:   0
  1 2r: 1.47E-06 2x: 1.23E+06 2u: 4.06E-01 ir: 1.37E-06 iu: 8.88E-02 rsn: itol_upd
 Step     11 Time=  3.96000E+04 Dt=  3.60000E+03 [sec] snes_conv_reason:   11
  newton =   1 [      12] linear =     1 [        12] cuts =  0 [   0]
  --> max chng: dpmx=   6.0711E-02 dtmpmx=   8.8821E-02

== TH FLOW =====================================================================
  0 2r: 2.07E-03 2x: 0.00E+00 2u: 0.00E+00 ir: 1.96E-03 iu: 0.00E+00 rsn:   0
  1 2r: 1.53E-06 2x: 1.23E+06 2u: 4.15E-01 ir: 1.42E-06 iu: 1.01E-01 rsn: itol_upd
 Step     12 Time=  4.32000E+04 Dt=  3.60000E+03 [sec] snes_conv_reason:   11
  newton =   1 [      13] linear =     1 [        13] cuts =  0 [   0]
  --> max chng: dpmx=   5.6185E-02 dtmpmx=   1.0083E-01

 Wall Clock Time:  6.6923E-02 [sec]   1.1154E-03 [min]   1.8590E-05 [hr]
