 Extent of Gridded Domain
  X: 0.0000000000000000 - 1.0000000000000000
  Y: 0.0000000000000000 - 1.0000000000000000
  Z: -0.64000000000000001 - 0.0000000000000000


=+=+=+=+=+=+=+=+=+=+=+=+=+=+=+=+=+=+=+=+=+=+=+=+=+=+=+=+=+=+=+=+=+=+=+=+=+=+=+=+

  Initial Condition

--------------------------------------------------------------------------------
          Flow Condition:   initial
                  Region:   all
--------------------------------------------------------------------------------

  Flow Condition: initial
    Synchronize time with update: no
    Time units: yr
    Length units: m
      Datum:

    Sub Condition: pressure
      Type: hydrostatic
      Gradient:
      Data:
        Dataset: Unnamed Ascii Dataset
          Type: dataset_ascii_type
          Transient: no
          Array Rank:  1

    Sub Condition: temperature
      Type: dirichlet
      Gradient:
      Data:
        Dataset: Unnamed Ascii Dataset
          Type: dataset_ascii_type
          Transient: no
          Array Rank:  1

--------------------------------------------------------------------------------

=+=+=+=+=+=+=+=+=+=+=+=+=+=+=+=+=+=+=+=+=+=+=+=+=+=+=+=+=+=+=+=+=+=+=+=+=+=+=+=+

  Boundary Condition

--------------------------------------------------------------------------------
          Flow Condition:   flow_top
                  Region:   top
--------------------------------------------------------------------------------

  Flow Condition: flow_top
    Synchronize time with update: no
    Time units: yr
    Length units: m
      Datum:

    Sub Condition: pressure
      Type: neumann
      Gradient:
      Data:
        Dataset: Unnamed Ascii Dataset
          Type: dataset_ascii_type
          Transient: no
          Array Rank:  1

    Sub Condition: temperature
      Type: dirichlet
      Gradient:
      Data:
        Dataset: Unnamed Ascii Dataset
          Type: dataset_ascii_type
          Filename: ../pflotran_input/temp_top.dat
          Is transient?: yes
          Number of times:   1001
          Is cyclic?: no
          Buffer:
            Rank:  2
            Dims:    11001
            Buffer Slice Size:   0
          Array Rank:  1

--------------------------------------------------------------------------------

=+=+=+=+=+=+=+=+=+=+=+=+=+=+=+=+=+=+=+=+=+=+=+=+=+=+=+=+=+=+=+=+=+=+=+=+=+=+=+=+

  Boundary Condition

--------------------------------------------------------------------------------
          Flow Condition:   flow_bottom
                  Region:   bottom
--------------------------------------------------------------------------------

  Flow Condition: flow_bottom
    Synchronize time with update: no
    Time units: yr
    Length units: m
      Datum:
        Dataset: Unnamed Ascii Dataset
          Type: dataset_ascii_type
          Transient: no
          Array Rank:  3

    Sub Condition: pressure
      Type: hydrostatic
      Gradient:
      Data:
        Dataset: Unnamed Ascii Dataset
          Type: dataset_ascii_type
          Transient: no
          Array Rank:  1

    Sub Condition: temperature
      Type: dirichlet
      Gradient:
      Data:
        Dataset: Unnamed Ascii Dataset
          Type: dataset_ascii_type
          Filename: ../pflotran_input/temp_bottom.dat
          Is transient?: yes
          Number of times:   1001
          Is cyclic?: no
          Buffer:
            Rank:  2
            Dims:    11001
            Buffer Slice Size:   0
          Array Rank:  1

--------------------------------------------------------------------------------

 Requested processors and decomposition =     1, npx,y,z=   -1  -1  -1
 Actual decomposition: npx,y,z=    1   1   1


FLOW Time Stepper
                 acceleration: on
       acceleration threshold: 8
       number of ramp entries: 8
                ramp entry #1: 2.0000
                ramp entry #2: 2.0000
                ramp entry #3: 2.0000
                ramp entry #4: 2.0000
                ramp entry #5: 2.0000
                ramp entry #6: 1.8000
                ramp entry #7: 1.6000
                ramp entry #8: 1.4000
                ramp entry #9: 1.2000
               ramp entry #10: 1.0000
               ramp entry #11: 1.0000
               ramp entry #12: 1.0000
               ramp entry #13: 1.0000
      maximum number of steps: 999999
constant time steps threshold: 5
       maximum number of cuts: 50
             reduction factor: 5.000000E-01
        maximum growth factor: 2.000000E+00

FLOW Newton Solver
                         atol: 1.000000E-50
                         rtol: 1.000000E-50
                         stol: 1.000000E-60
                         dtol: 1.000000E+20
                      maxnorm: 1.000000E+20
                    inftolres: -9.990000E+02
                    inftolupd: 1.000000E+00
                 inftolrelupd: -9.990000E+02
                 inftolsclres: -9.990000E+02
                     max iter: 20
                     min iter: 1
                         maxf: 10000
                  matrix type: baij
         precond. matrix type: baij
               inexact newton: off
            print convergence: on
   print detailed convergence: off
          check infinity norm: on

FLOW Linear Solver
                       solver: bcgs
               preconditioner: ilu
                         atol: 1.000000E-50
                         rtol: 1.000000E-05
                         dtol: 1.000000E+04
            maximum iteration: 10000

== TH FLOW =====================================================================
  0 2r: 1.53E+03 2x: 0.00E+00 2u: 0.00E+00 ir: 1.41E+03 iu: 0.00E+00 rsn:   0
  1 2r: 3.09E-05 2x: 1.23E+06 2u: 3.92E+05 ir: 2.11E-05 iu: 4.90E+04 rsn:   0
  2 2r: 3.46E-10 2x: 1.23E+06 2u: 2.12E-02 ir: 2.36E-10 iu: 5.39E-03 rsn: itol_upd
 Step      1 Time=  3.60000E+03 Dt=  3.60000E+03 [sec] snes_conv_reason:   11
  newton =   2 [       2] linear =     2 [         2] cuts =  0 [   0]
  --> max chng: dpmx=   4.9042E+04 dtmpmx=   1.5367E-01

== TH FLOW =====================================================================
  0 2r: 1.12E-02 2x: 0.00E+00 2u: 0.00E+00 ir: 8.93E-03 iu: 0.00E+00 rsn:   0
  1 2r: 1.10E-04 2x: 1.23E+06 2u: 1.52E+00 ir: 1.04E-04 iu: 2.20E-01 rsn: itol_upd
 Step      2 Time=  7.20000E+03 Dt=  3.60000E+03 [sec] snes_conv_reason:   11
  newton =   1 [       3] linear =     1 [         3] cuts =  0 [   0]
  --> max chng: dpmx=   1.8744E-01 dtmpmx=   2.2030E-01

== TH FLOW =====================================================================
  0 2r: 2.79E-03 2x: 0.00E+00 2u: 0.00E+00 ir: 2.77E-03 iu: 0.00E+00 rsn:   0
  1 2r: 5.96E-08 2x: 1.23E+06 2u: 1.36E-01 ir: 4.14E-08 iu: 5.55E-02 rsn: itol_upd
 Step      3 Time=  1.08000E+04 Dt=  3.60000E+03 [sec] snes_conv_reason:   11
  newton =   1 [       4] linear =     1 [         4] cuts =  0 [   0]
  --> max chng: dpmx=   1.7575E-03 dtmpmx=   5.5499E-02

== TH FLOW =====================================================================
  0 2r: 2.55E-03 2x: 0.00E+00 2u: 0.00E+00 ir: 2.54E-03 iu: 0.00E+00 rsn:   0
  1 2r: 4.00E-08 2x: 1.23E+06 2u: 1.38E-01 ir: 3.40E-08 iu: 5.39E-02 rsn: itol_upd
 Step      4 Time=  1.44000E+04 Dt=  3.60000E+03 [sec] snes_conv_reason:   11
  newton =   1 [       5] linear =     1 [         5] cuts =  0 [   0]
  --> max chng: dpmx=   3.8959E-03 dtmpmx=   5.3862E-02

== TH FLOW =====================================================================
  0 2r: 2.31E-03 2x: 0.00E+00 2u: 0.00E+00 ir: 2.23E-03 iu: 0.00E+00 rsn:   0
  1 2r: 4.07E-07 2x: 1.23E+06 2u: 1.68E-01 ir: 3.85E-07 iu: 4.81E-02 rsn: itol_upd
 Step      5 Time=  1.80000E+04 Dt=  3.60000E+03 [sec] snes_conv_reason:   11
  newton =   1 [       6] linear =     1 [         6] cuts =  0 [   0]
  --> max chng: dpmx=   1.3275E-02 dtmpmx=   4.8108E-02

== TH FLOW =====================================================================
  0 2r: 2.04E-03 2x: 0.00E+00 2u: 0.00E+00 ir: 1.95E-03 iu: 0.00E+00 rsn:   0
  1 2r: 4.17E-07 2x: 1.23E+06 2u: 1.66E-01 ir: 3.95E-07 iu: 4.25E-02 rsn: itol_upd
 Step      6 Time=  2.16000E+04 Dt=  3.60000E+03 [sec] snes_conv_reason:   11
  newton =   1 [       7] linear =     1 [         7] cuts =  0 [   0]
  --> max chng: dpmx=   1.3139E-02 dtmpmx=   4.2464E-02

== TH FLOW =====================================================================
  0 2r: 1.66E-03 2x: 0.00E+00 2u: 0.00E+00 ir: 1.28E-03 iu: 0.00E+00 rsn:   0
  1 2r: 1.29E-06 2x: 1.23E+06 2u: 2.08E-01 ir: 1.22E-06 iu: 2.99E-02 rsn: itol_upd
 Step      7 Time=  2.52000E+04 Dt=  3.60000E+03 [sec] snes_conv_reason:   11
  newton =   1 [       8] linear =     1 [         8] cuts =  0 [   0]
  --> max chng: dpmx=   2.1912E-02 dtmpmx=   2.9854E-02

== TH FLOW =====================================================================
  0 2r: 7.74E-04 2x: 0.00E+00 2u: 0.00E+00 ir: 6.20E-04 iu: 0.00E+00 rsn:   0
  1 2r: 6.25E-07 2x: 1.23E+06 2u: 1.48E-01 ir: 5.93E-07 iu: 2.00E-02 rsn: itol_upd
 Step      8 Time=  2.88000E+04 Dt=  3.60000E+03 [sec] snes_conv_reason:   11
  newton =   1 [       9] linear =     1 [         9] cuts =  0 [   0]
  --> max chng: dpmx=   1.4989E-02 dtmpmx=   2.0018E-02

== TH FLOW =====================================================================
  0 2r: 1.59E-03 2x: 0.00E+00 2u: 0.00E+00 ir: 1.19E-03 iu: 0.00E+00 rsn:   0
  1 2r: 1.22E-06 2x: 1.23E+06 2u: 1.80E-01 ir: 1.16E-06 iu: 2.37E-02 rsn: itol_upd
 Step      9 Time=  3.24000E+04 Dt=  3.60000E+03 [sec] snes_conv_reason:   11
  newton =   1 [      10] linear =     1 [        10] cuts =  0 [   0]
  --> max chng: dpmx=   2.0209E-02 dtmpmx=   2.3732E-02

== TH FLOW =====================================================================
  0 2r: 2.80E-03 2x: 0.00E+00 2u: 0.00E+00 ir: 2.60E-03 iu: 0.00E+00 rsn:   0
  1 2r: 1.19E-06 2x: 1.23E+06 2u: 1.94E-01 ir: 1.13E-06 iu: 5.33E-02 rsn: itol_upd
 Step     10 Time=  3.60000E+04 Dt=  3.60000E+03 [sec] snes_conv_reason:   11
  newton =   1 [      11] linear =     1 [        11] cuts =  0 [   0]
  --> max chng: dpmx=   1.9433E-02 dtmpmx=   5.3288E-02

== TH FLOW =====================================================================
  0 2r: 4.44E-03 2x: 0.00E+00 2u: 0.00E+00 ir: 4.27E-03 iu: 0.00E+00 rsn:   0
  1 2r: 1.58E-06 2x: 1.23E+06 2u: 2.59E-01 ir: 1.50E-06 iu: 8.89E-02 rsn: itol_upd
 Step     11 Time=  3.96000E+04 Dt=  3.60000E+03 [sec] snes_conv_reason:   11
  newton =   1 [      12] linear =     1 [        12] cuts =  0 [   0]
  --> max chng: dpmx=   2.1911E-02 dtmpmx=   8.8868E-02

== TH FLOW =====================================================================
  0 2r: 4.88E-03 2x: 0.00E+00 2u: 0.00E+00 ir: 4.71E-03 iu: 0.00E+00 rsn:   0
  1 2r: 1.63E-06 2x: 1.23E+06 2u: 2.93E-01 ir: 1.54E-06 iu: 9.98E-02 rsn: itol_upd
 Step     12 Time=  4.32000E+04 Dt=  3.60000E+03 [sec] snes_conv_reason:   11
  newton =   1 [      13] linear =     1 [        13] cuts =  0 [   0]
  --> max chng: dpmx=   2.1713E-02 dtmpmx=   9.9750E-02

 Wall Clock Time:  6.8236E-02 [sec]   1.1373E-03 [min]   1.8954E-05 [hr]
